Mplus VERSION 8.1 (Mac)
MUTHEN & MUTHEN
04/06/2019   4:09 PM

INPUT INSTRUCTIONS

  TITLE: 1-Calibrate bESEM LPA
  DATA: FILE = "calib.besem.dat";
  VARIABLE:
  NAMES = n se1 se2 se3 se4 se5 se6 se7 se8 se9 id female ethnic ell disability gifted
       grade_level glob glob_se idea idea_se mech mech_se sr sr_se t_id;
  MISSING=.;
  USEVARIABLES = idea mech sr glob;
  CLASSES = c (1);
  ANALYSIS: TYPE = MIXTURE;
  Starts = 750 200;
  Processors = 6 4;
  OUTPUT:
  TECH11;
  TECH14;





*** WARNING in MODEL command
  All variables are uncorrelated with all other variables within class.
  Check that this is what is intended.
*** WARNING in OUTPUT command
  TECH11 option is not available for TYPE=MIXTURE with only one class.
  Request for TECH11 is ignored.
*** WARNING in OUTPUT command
  TECH14 option is not available for TYPE=MIXTURE with only one class.
  Request for TECH14 is ignored.
   3 WARNING(S) FOUND IN THE INPUT INSTRUCTIONS



1-Calibrate bESEM LPA

SUMMARY OF ANALYSIS

Number of groups                                                 1
Number of observations                                         712

Number of dependent variables                                    4
Number of independent variables                                  0
Number of continuous latent variables                            0
Number of categorical latent variables                           1

Observed dependent variables

  Continuous
   IDEA        MECH        SR          GLOB

Categorical latent variables
   C


Estimator                                                      MLR
Information matrix                                        OBSERVED
Optimization Specifications for the Quasi-Newton Algorithm for
Continuous Outcomes
  Maximum number of iterations                                 100
  Convergence criterion                                  0.100D-05
Optimization Specifications for the EM Algorithm
  Maximum number of iterations                                 500
  Convergence criteria
    Loglikelihood change                                 0.100D-06
    Relative loglikelihood change                        0.100D-06
    Derivative                                           0.100D-05
Optimization Specifications for the M step of the EM Algorithm for
Categorical Latent variables
  Number of M step iterations                                    1
  M step convergence criterion                           0.100D-05
  Basis for M step termination                           ITERATION
Optimization Specifications for the M step of the EM Algorithm for
Censored, Binary or Ordered Categorical (Ordinal), Unordered
Categorical (Nominal) and Count Outcomes
  Number of M step iterations                                    1
  M step convergence criterion                           0.100D-05
  Basis for M step termination                           ITERATION
  Maximum value for logit thresholds                            15
  Minimum value for logit thresholds                           -15
  Minimum expected cell size for chi-square              0.100D-01
Maximum number of iterations for H1                           2000
Convergence criterion for H1                             0.100D-03
Optimization algorithm                                         EMA
Random Starts Specifications
  Number of initial stage random starts                        750
  Number of final stage optimizations                          200
  Number of initial stage iterations                            10
  Initial stage convergence criterion                    0.100D+01
  Random starts scale                                    0.500D+01
  Random seed for generating random starts                       0

Input data file(s)
  calib.besem.dat
Input data format  FREE


SUMMARY OF DATA

     Number of missing data patterns             1
     Number of y missing data patterns           1
     Number of u missing data patterns           0


COVARIANCE COVERAGE OF DATA

Minimum covariance coverage value   0.100


     PROPORTION OF DATA PRESENT FOR Y


           Covariance Coverage
              IDEA          MECH          SR            GLOB
              ________      ________      ________      ________
 IDEA           1.000
 MECH           1.000         1.000
 SR             1.000         1.000         1.000
 GLOB           1.000         1.000         1.000         1.000



UNIVARIATE SAMPLE STATISTICS


     UNIVARIATE HIGHER-ORDER MOMENT DESCRIPTIVE STATISTICS

         Variable/         Mean/     Skewness/   Minimum/ % with                Percentiles
        Sample Size      Variance    Kurtosis    Maximum  Min/Max      20%/60%    40%/80%    Median

     IDEA                  0.012       0.078      -1.834    0.14%      -0.477     -0.112      0.025
             712.000       0.333       0.139       2.066    0.14%       0.122      0.444
     MECH                 -0.076      -1.013      -2.188    0.14%      -0.438     -0.140      0.046
             712.000       0.319       1.171       1.285    0.14%       0.207      0.376
     SR                    0.019      -0.068      -2.417    0.14%      -0.601     -0.197      0.046
             712.000       0.522      -0.170       2.097    0.14%       0.201      0.662
     GLOB                 -0.005      -0.277      -3.148    0.14%      -0.696     -0.228      0.005
             712.000       0.747       0.029       1.658    3.65%       0.253      0.731

RANDOM STARTS RESULTS RANKED FROM THE BEST TO THE WORST LOGLIKELIHOOD VALUES

Final stage loglikelihood values at local maxima, seeds, and initial stage start numbers:

           -2906.977  312754           562
           -2906.977  876943           650
           -2906.977  156536           245
           -2906.977  417035           149
           -2906.977  392418           28
           -2906.977  314034           513
           -2906.977  140849           515
           -2906.977  79212            517
           -2906.977  520177           262
           -2906.977  126371           526
           -2906.977  358488           264
           -2906.977  78862            529
           -2906.977  742609           531
           -2906.977  467339           66
           -2906.977  930323           267
           -2906.977  529455           268
           -2906.977  723035           538
           -2906.977  782821           272
           -2906.977  897782           545
           -2906.977  995875           547
           -2906.977  15715            274
           -2906.977  434915           552
           -2906.977  840031           276
           -2906.977  903633           553
           -2906.977  830529           279
           -2906.977  264935           281
           -2906.977  694303           282
           -2906.977  597614           284
           -2906.977  281462           285
           -2906.977  473942           574
           -2906.977  220454           288
           -2906.977  512836           289
           -2906.977  130011           587
           -2906.977  377504           294
           -2906.977  391949           295
           -2906.977  742688           594
           -2906.977  793487           595
           -2906.977  685268           596
           -2906.977  588923           606
           -2906.977  790452           303
           -2906.977  941525           609
           -2906.977  313306           612
           -2906.977  534864           307
           -2906.977  805935           615
           -2906.977  351807           617
           -2906.977  738393           619
           -2906.977  343926           624
           -2906.977  614009           317
           -2906.977  166851           638
           -2906.977  865906           641
           -2906.977  668003           647
           -2906.977  829540           324
           -2906.977  459221           652
           -2906.977  900268           327
           -2906.977  939870           655
           -2906.977  266008           656
           -2906.977  173440           328
           -2906.977  642386           662
           -2906.977  961454           665
           -2906.977  662983           666
           -2906.977  59963            670
           -2906.977  669634           335
           -2906.977  574412           679
           -2906.977  677720           681
           -2906.977  836515           341
           -2906.977  712702           684
           -2906.977  106561           686
           -2906.977  488581           688
           -2906.977  404426           344
           -2906.977  580181           691
           -2906.977  917702           693
           -2906.977  951709           348
           -2906.977  7195             697
           -2906.977  626208           698
           -2906.977  856612           700
           -2906.977  374219           353
           -2906.977  117391           710
           -2906.977  610181           711
           -2906.977  850545           357
           -2906.977  833196           715
           -2906.977  349562           359
           -2906.977  502495           724
           -2906.977  132336           362
           -2906.977  878749           728
           -2906.977  801717           364
           -2906.977  478341           731
           -2906.977  548673           732
           -2906.977  556929           734
           -2906.977  3307             735
           -2906.977  488125           368
           -2906.977  370481           742
           -2906.977  836066           372
           -2906.977  462821           745
           -2906.977  792389           746
           -2906.977  182524           373
           -2906.977  318177           748
           -2906.977  40340            188
           -2906.977  153053           378
           -2906.977  458181           189
           -2906.977  443442           380
           -2906.977  618000           190
           -2906.977  985387           381
           -2906.977  765392           382
           -2906.977  210870           383
           -2906.977  496710           386
           -2906.977  674171           195
           -2906.977  561664           392
           -2906.977  801065           393
           -2906.977  137377           397
           -2906.977  923437           398
           -2906.977  61587            400
           -2906.977  605565           404
           -2906.977  748692           204
           -2906.977  746978           410
           -2906.977  736574           414
           -2906.977  484406           421
           -2906.977  937885           426
           -2906.977  73576            213
           -2906.977  699554           427
           -2906.977  65651            214
           -2906.977  153394           429
           -2906.977  238906           430
           -2906.977  399380           436
           -2906.977  673496           218
           -2906.977  375590           438
           -2906.977  631413           439
           -2906.977  193569           440
           -2906.977  508482           446
           -2906.977  997222           229
           -2906.977  345726           461
           -2906.977  965639           463
           -2906.977  862607           468
           -2906.977  971693           470
           -2906.977  69413            472
           -2906.977  216565           474
           -2906.977  714455           476
           -2906.977  170118           238
           -2906.977  701525           239
           -2906.977  863691           481
           -2906.977  609089           241
           -2906.977  791396           243
           -2906.977  319575           499
           -2906.977  213532           503
           -2906.977  752769           253
           -2906.977  155622           507
           -2906.977  425929           508
           -2906.977  49221            254
           -2906.977  378393           509
           -2906.977  unperturbed      0
           -2906.977  476498           179
           -2906.977  609185           181
           -2906.977  85462            51
           -2906.977  443917           60
           -2906.977  782200           84
           -2906.977  715561           125
           -2906.977  948615           140
           -2906.977  46437            153
           -2906.977  992389           77
           -2906.977  963053           43
           -2906.977  728038           177
           -2906.977  107446           12
           -2906.977  364676           27
           -2906.977  957392           79
           -2906.977  576220           115
           -2906.977  164305           128
           -2906.977  311214           64
           -2906.977  749453           33
           -2906.977  987090           70
           -2906.977  788796           145
           -2906.977  783110           72
           -2906.977  863094           147
           -2906.977  51375            148
           -2906.977  851945           18
           -2906.977  479273           156
           -2906.977  915642           40
           -2906.977  215353           164
           -2906.977  190339           102
           -2906.977  259507           53
           -2906.977  481835           57
           -2906.977  650371           14
           -2906.977  284109           82
           -2906.977  292884           103
           -2906.977  165853           105
           -2906.977  268896           124
           -2906.977  192071           142
           -2906.977  830392           35
           -2906.977  285380           1
           -2906.977  606576           151
           -2906.977  645664           39
           -2906.977  314084           81
           -2906.977  967902           52
           -2906.977  789985           67
           -2906.977  411615           171
           -2906.977  345070           114
           -2906.977  440841           118
           -2906.977  67009            564
           -2906.977  276102           599
           -2906.977  920593           611
           -2906.977  781489           627
           -2906.977  655497           376



THE MODEL ESTIMATION TERMINATED NORMALLY



MODEL FIT INFORMATION

Number of Free Parameters                        8

Loglikelihood

          H0 Value                       -2906.977
          H0 Scaling Correction Factor      1.0731
            for MLR

Information Criteria

          Akaike (AIC)                    5829.953
          Bayesian (BIC)                  5866.498
          Sample-Size Adjusted BIC        5841.096
            (n* = (n + 2) / 24)



FINAL CLASS COUNTS AND PROPORTIONS FOR THE LATENT CLASSES
BASED ON THE ESTIMATED MODEL

    Latent
   Classes

       1        712.00000          1.00000


FINAL CLASS COUNTS AND PROPORTIONS FOR THE LATENT CLASSES
BASED ON ESTIMATED POSTERIOR PROBABILITIES

    Latent
   Classes

       1        712.00000          1.00000


FINAL CLASS COUNTS AND PROPORTIONS FOR THE LATENT CLASSES
BASED ON THEIR MOST LIKELY LATENT CLASS MEMBERSHIP

Class Counts and Proportions

    Latent
   Classes

       1              712          1.00000


Average Latent Class Probabilities for Most Likely Latent Class Membership (Row)
by Latent Class (Column)

           1

    1   1.000


Classification Probabilities for the Most Likely Latent Class Membership (Column)
by Latent Class (Row)

           1

    1   1.000


Logits for the Classification Probabilities for the Most Likely Latent Class Membership (Column)
by Latent Class (Row)

              1

    1      0.000


MODEL RESULTS

                                                    Two-Tailed
                    Estimate       S.E.  Est./S.E.    P-Value

Latent Class 1

 Means
    IDEA               0.012      0.022      0.533      0.594
    MECH              -0.076      0.021     -3.599      0.000
    SR                 0.019      0.027      0.696      0.486
    GLOB              -0.005      0.032     -0.166      0.868

 Variances
    IDEA               0.333      0.018     18.244      0.000
    MECH               0.319      0.021     14.984      0.000
    SR                 0.522      0.026     19.725      0.000
    GLOB               0.747      0.040     18.731      0.000


QUALITY OF NUMERICAL RESULTS

     Condition Number for the Information Matrix              0.286E-03
       (ratio of smallest to largest eigenvalue)


     Beginning Time:  16:09:20
        Ending Time:  16:09:22
       Elapsed Time:  00:00:02



MUTHEN & MUTHEN
3463 Stoner Ave.
Los Angeles, CA  90066

Tel: (310) 391-9971
Fax: (310) 391-8971
Web: www.StatModel.com
Support: Support@StatModel.com

Copyright (c) 1998-2018 Muthen & Muthen
