Mplus VERSION 8.1 (Mac)
MUTHEN & MUTHEN
04/06/2019   4:16 PM

INPUT INSTRUCTIONS

  TITLE: 4-Calibrate bESEM LPA
  DATA: FILE = "calib.besem.dat";
  VARIABLE:
  NAMES = n se1 se2 se3 se4 se5 se6 se7 se8 se9 id female ethnic ell disability gifted
       grade_level glob glob_se idea idea_se mech mech_se sr sr_se t_id;
  MISSING=.;
  USEVARIABLES = idea mech sr glob;
  CLASSES = c (4);
  ANALYSIS: TYPE = MIXTURE;
  Starts = 750 200;
  Processors = 6 4;
  OUTPUT:
  !TECH11;
  !TECH14;
  svalues;




*** WARNING in MODEL command
  All variables are uncorrelated with all other variables within class.
  Check that this is what is intended.
   1 WARNING(S) FOUND IN THE INPUT INSTRUCTIONS



4-Calibrate bESEM LPA

SUMMARY OF ANALYSIS

Number of groups                                                 1
Number of observations                                         712

Number of dependent variables                                    4
Number of independent variables                                  0
Number of continuous latent variables                            0
Number of categorical latent variables                           1

Observed dependent variables

  Continuous
   IDEA        MECH        SR          GLOB

Categorical latent variables
   C


Estimator                                                      MLR
Information matrix                                        OBSERVED
Optimization Specifications for the Quasi-Newton Algorithm for
Continuous Outcomes
  Maximum number of iterations                                 100
  Convergence criterion                                  0.100D-05
Optimization Specifications for the EM Algorithm
  Maximum number of iterations                                 500
  Convergence criteria
    Loglikelihood change                                 0.100D-06
    Relative loglikelihood change                        0.100D-06
    Derivative                                           0.100D-05
Optimization Specifications for the M step of the EM Algorithm for
Categorical Latent variables
  Number of M step iterations                                    1
  M step convergence criterion                           0.100D-05
  Basis for M step termination                           ITERATION
Optimization Specifications for the M step of the EM Algorithm for
Censored, Binary or Ordered Categorical (Ordinal), Unordered
Categorical (Nominal) and Count Outcomes
  Number of M step iterations                                    1
  M step convergence criterion                           0.100D-05
  Basis for M step termination                           ITERATION
  Maximum value for logit thresholds                            15
  Minimum value for logit thresholds                           -15
  Minimum expected cell size for chi-square              0.100D-01
Maximum number of iterations for H1                           2000
Convergence criterion for H1                             0.100D-03
Optimization algorithm                                         EMA
Random Starts Specifications
  Number of initial stage random starts                        750
  Number of final stage optimizations                          200
  Number of initial stage iterations                            10
  Initial stage convergence criterion                    0.100D+01
  Random starts scale                                    0.500D+01
  Random seed for generating random starts                       0

Input data file(s)
  calib.besem.dat
Input data format  FREE


SUMMARY OF DATA

     Number of missing data patterns             1
     Number of y missing data patterns           1
     Number of u missing data patterns           0


COVARIANCE COVERAGE OF DATA

Minimum covariance coverage value   0.100


     PROPORTION OF DATA PRESENT FOR Y


           Covariance Coverage
              IDEA          MECH          SR            GLOB
              ________      ________      ________      ________
 IDEA           1.000
 MECH           1.000         1.000
 SR             1.000         1.000         1.000
 GLOB           1.000         1.000         1.000         1.000



UNIVARIATE SAMPLE STATISTICS


     UNIVARIATE HIGHER-ORDER MOMENT DESCRIPTIVE STATISTICS

         Variable/         Mean/     Skewness/   Minimum/ % with                Percentiles
        Sample Size      Variance    Kurtosis    Maximum  Min/Max      20%/60%    40%/80%    Median

     IDEA                  0.012       0.078      -1.834    0.14%      -0.477     -0.112      0.025
             712.000       0.333       0.139       2.066    0.14%       0.122      0.444
     MECH                 -0.076      -1.013      -2.188    0.14%      -0.438     -0.140      0.046
             712.000       0.319       1.171       1.285    0.14%       0.207      0.376
     SR                    0.019      -0.068      -2.417    0.14%      -0.601     -0.197      0.046
             712.000       0.522      -0.170       2.097    0.14%       0.201      0.662
     GLOB                 -0.005      -0.277      -3.148    0.14%      -0.696     -0.228      0.005
             712.000       0.747       0.029       1.658    3.65%       0.253      0.731

RANDOM STARTS RESULTS RANKED FROM THE BEST TO THE WORST LOGLIKELIHOOD VALUES

Final stage loglikelihood values at local maxima, seeds, and initial stage start numbers:

           -2736.147  78862            529
           -2736.147  614009           317
           -2736.147  617658           660
           -2736.147  416463           467
           -2736.147  814975           129
           -2736.147  784664           75
           -2736.147  349263           263
           -2736.147  351807           617
           -2736.147  34346            330
           -2736.147  35191            703
           -2736.147  399848           220
           -2736.147  259507           53
           -2736.147  644297           340
           -2736.147  626208           698
           -2736.147  195763           358
           -2736.147  366533           484
           -2736.147  67009            564
           -2736.147  377504           294
           -2736.147  793487           595
           -2736.147  146900           391
           -2736.147  158612           581
           -2736.147  170954           86
           -2736.147  519357           559
           -2736.147  512836           289
           -2736.147  685657           69
           -2736.147  93468            3
           -2736.147  68985            17
           -2736.147  691234           250
           -2736.147  232226           235
           -2736.147  682718           733
           -2736.147  849670           347
           -2736.147  783110           72
           -2736.147  732596           320
           -2736.147  971693           470
           -2736.147  220492           743
           -2736.147  483369           270
           -2736.147  15270            610
           -2736.147  941525           609
           -2736.147  722748           346
           -2736.147  354624           448
           -2736.147  217744           326
           -2736.147  848890           95
           -2736.147  641794           591
           -2736.147  307843           664
           -2736.147  579995           183
           -2736.147  668003           647
           -2736.147  539751           459
           -2736.147  788796           145
           -2736.147  995249           525
           -2736.147  22362            365
           -2736.147  609185           181
           -2736.147  741888           138
           -2736.147  512403           719
           -2736.147  910224           580
           -2736.147  748692           204
           -2736.147  804104           566
           -2736.147  801717           364
           -2736.147  155622           507
           -2736.147  568405           233
           -2736.147  322790           636
           -2736.147  655497           376
           -2736.147  891347           504
           -2736.147  404042           675
           -2736.147  21345            199
           -2736.147  46502            714
           -2736.147  248742           556
           -2736.147  930872           277
           -2736.147  579138           706
           -2736.147  669634           335
           -2736.147  662718           460
           -2736.147  411615           171
           -2736.147  629320           222
           -2736.147  507154           387
           -2736.147  345726           461
           -2736.147  499150           216
           -2736.147  113138           585
           -2736.147  738393           619
           -2736.147  783102           433
           -2736.147  391179           78
           -2736.147  320494           465
           -2736.147  121425           511
           -2736.147  967237           48
           -2736.147  646573           741
           -2736.147  301180           236
           -2736.147  312754           562
           -2736.147  179022           687
           -2736.147  967902           52
           -2736.147  475420           71
           -2736.147  137377           397
           -2736.147  206099           363
           -2736.147  57226            208
           -2736.147  7959             256
           -2736.147  930323           267
           -2736.147  616917           261
           -2736.147  754100           56
           -2736.147  476498           179
           -2736.147  622860           259
           -2736.147  281462           285
           -2736.147  79212            517
           -2736.147  393232           152
           -2736.147  246575           291
           -2736.147  372176           23
           -2736.147  466971           109
           -2736.147  691041           590
           -2736.147  464179           106
           -2736.147  502532           445
           -2736.147  383902           673
           -2736.147  118421           139
           -2736.147  314757           345
           -2736.147  73576            213
           -2736.147  392766           331
           -2736.147  484687           306
           -2736.147  700349           401
           -2736.147  85734            411
           -2736.147  195353           225
           -2736.147  117391           710
           -2736.147  442072           625
           -2736.147  124999           96
           -2736.147  118438           601
           -2736.147  112586           494
           -2736.147  573096           20
           -2736.147  950604           172
           -2736.147  313407           132
           -2736.147  488125           368
           -2736.147  436892           565
           -2736.147  597614           284
           -2736.147  765392           382
           -2736.147  860772           174
           -2736.147  570782           193
           -2736.147  745972           521
           -2736.147  120506           45
           -2736.147  856612           700
           -2736.147  917702           693
           -2736.147  723775           97
           -2736.147  853781           716
           -2736.147  76337            76
           -2736.147  476393           705
           -2736.147  311214           64
           -2736.147  702492           718
           -2736.147  160326           546
           -2736.147  29591            633
           -2736.147  724519           333
           -2736.147  838615           677
           -2736.147  440841           118
           -2736.147  576220           115
           -2736.147  855760           593
           -2736.147  650371           14
           -2736.147  922042           492
           -2736.147  315029           471
           -2736.147  717754           180
           -2736.147  371737           532
           -2736.147  760850           739
           -2736.147  354559           73
           -2736.147  370957           554
           -2736.147  319575           499
           -2736.147  126371           526
           -2736.147  876943           650
           -2736.147  509733           130
           -2736.147  152496           123
           -2736.147  715255           523
           -2736.147  220454           288
           -2736.147  395754           388
           -2736.147  49293            707
           -2736.147  695155           150
           -2736.147  278661           674
           -2736.147  188498           258
           -2736.147  150531           154
           -2736.147  686384           690
           -2736.147  441191           361
           -2736.147  76974            16
           -2736.147  370466           41
           -2736.147  486646           586
           -2736.147  408713           450
           -2736.147  824126           287
           -2736.147  888905           444
           -2736.147  358074           560
           -2736.147  354395           486
           -2736.147  763285           620
           -2736.147  830292           527
           -2736.147  798821           423
           -2736.147  341041           34
           -2736.147  922596           456
           -2736.147  153394           429
           -2736.147  635245           121
           -2736.147  244349           736
           -2736.147  963053           43
           -2762.890  471040           403
           -2762.890  194143           510
           -2762.890  425982           485
           -2762.890  833196           715
           -2762.890  939021           8
           -2762.890  387701           275
           -2762.890  434915           552
           -2762.890  36714            201
           -2762.890  77210            712
           -2762.890  848331           137
           -2762.890  317868           740
           -2762.890  608460           244
           -2762.890  978061           488
           -2762.890  82357            339



THE BEST LOGLIKELIHOOD VALUE HAS BEEN REPLICATED.  RERUN WITH AT LEAST TWICE THE
RANDOM STARTS TO CHECK THAT THE BEST LOGLIKELIHOOD IS STILL OBTAINED AND REPLICATED.


THE MODEL ESTIMATION TERMINATED NORMALLY



MODEL FIT INFORMATION

Number of Free Parameters                       23

Loglikelihood

          H0 Value                       -2736.147
          H0 Scaling Correction Factor      1.1872
            for MLR

Information Criteria

          Akaike (AIC)                    5518.293
          Bayesian (BIC)                  5623.359
          Sample-Size Adjusted BIC        5550.329
            (n* = (n + 2) / 24)



FINAL CLASS COUNTS AND PROPORTIONS FOR THE LATENT CLASSES
BASED ON THE ESTIMATED MODEL

    Latent
   Classes

       1         55.37722          0.07778
       2         50.37122          0.07075
       3        389.91151          0.54763
       4        216.34005          0.30385


FINAL CLASS COUNTS AND PROPORTIONS FOR THE LATENT CLASSES
BASED ON ESTIMATED POSTERIOR PROBABILITIES

    Latent
   Classes

       1         55.37722          0.07778
       2         50.37122          0.07075
       3        389.91151          0.54763
       4        216.34005          0.30385


FINAL CLASS COUNTS AND PROPORTIONS FOR THE LATENT CLASSES
BASED ON THEIR MOST LIKELY LATENT CLASS MEMBERSHIP

Class Counts and Proportions

    Latent
   Classes

       1               53          0.07444
       2               50          0.07022
       3              409          0.57444
       4              200          0.28090


CLASSIFICATION QUALITY

     Entropy                         0.761


Average Latent Class Probabilities for Most Likely Latent Class Membership (Row)
by Latent Class (Column)

           1        2        3        4

    1   0.829    0.042    0.058    0.072
    2   0.076    0.903    0.021    0.000
    3   0.014    0.007    0.870    0.109
    4   0.011    0.000    0.151    0.839


Classification Probabilities for the Most Likely Latent Class Membership (Column)
by Latent Class (Row)

           1        2        3        4

    1   0.793    0.068    0.100    0.038
    2   0.044    0.896    0.060    0.000
    3   0.008    0.003    0.912    0.077
    4   0.018    0.000    0.207    0.775


Logits for the Classification Probabilities for the Most Likely Latent Class Membership (Column)
by Latent Class (Row)

              1        2        3        4

    1      3.027    0.574    0.958    0.000
    2      8.262   11.283    8.578    0.000
    3     -2.287   -3.341    2.469    0.000
    4     -3.783  -10.403   -1.321    0.000


MODEL RESULTS

                                                    Two-Tailed
                    Estimate       S.E.  Est./S.E.    P-Value

Latent Class 1

 Means
    IDEA               0.068      0.168      0.408      0.683
    MECH              -0.643      0.094     -6.833      0.000
    SR                -0.279      0.148     -1.879      0.060
    GLOB              -1.345      0.167     -8.038      0.000

 Variances
    IDEA               0.288      0.021     13.460      0.000
    MECH               0.109      0.007     16.678      0.000
    SR                 0.490      0.028     17.339      0.000
    GLOB               0.374      0.028     13.291      0.000

Latent Class 2

 Means
    IDEA               0.303      0.165      1.843      0.065
    MECH              -1.421      0.091    -15.699      0.000
    SR                 0.417      0.124      3.378      0.001
    GLOB              -0.233      0.117     -1.991      0.046

 Variances
    IDEA               0.288      0.021     13.460      0.000
    MECH               0.109      0.007     16.678      0.000
    SR                 0.490      0.028     17.339      0.000
    GLOB               0.374      0.028     13.291      0.000

Latent Class 3

 Means
    IDEA               0.140      0.034      4.105      0.000
    MECH              -0.061      0.026     -2.379      0.017
    SR                 0.105      0.044      2.403      0.016
    GLOB               0.508      0.054      9.409      0.000

 Variances
    IDEA               0.288      0.021     13.460      0.000
    MECH               0.109      0.007     16.678      0.000
    SR                 0.490      0.028     17.339      0.000
    GLOB               0.374      0.028     13.291      0.000

Latent Class 4

 Means
    IDEA              -0.302      0.054     -5.564      0.000
    MECH               0.355      0.036      9.907      0.000
    SR                -0.154      0.062     -2.496      0.013
    GLOB              -0.536      0.086     -6.257      0.000

 Variances
    IDEA               0.288      0.021     13.460      0.000
    MECH               0.109      0.007     16.678      0.000
    SR                 0.490      0.028     17.339      0.000
    GLOB               0.374      0.028     13.291      0.000

Categorical Latent Variables

 Means
    C#1               -1.363      0.265     -5.145      0.000
    C#2               -1.457      0.268     -5.442      0.000
    C#3                0.589      0.216      2.730      0.006


QUALITY OF NUMERICAL RESULTS

     Condition Number for the Information Matrix              0.587E-03
       (ratio of smallest to largest eigenvalue)


MODEL COMMAND WITH FINAL ESTIMATES USED AS STARTING VALUES

     %OVERALL%

     [ c#1*-1.36268 ];
     [ c#2*-1.45743 ];
     [ c#3*0.58907 ];

     %C#1%

     [ idea*0.06842 ];
     [ mech*-0.64308 ];
     [ sr*-0.27857 ];
     [ glob*-1.34488 ];

     idea*0.28759 (5);
     mech*0.10915 (6);
     sr*0.49036 (7);
     glob*0.37402 (8);

     %C#2%

     [ idea*0.30349 ];
     [ mech*-1.42125 ];
     [ sr*0.41738 ];
     [ glob*-0.23294 ];

     idea*0.28759 (5);
     mech*0.10915 (6);
     sr*0.49036 (7);
     glob*0.37402 (8);

     %C#3%

     [ idea*0.13987 ];
     [ mech*-0.06092 ];
     [ sr*0.10532 ];
     [ glob*0.50848 ];

     idea*0.28759 (5);
     mech*0.10915 (6);
     sr*0.49036 (7);
     glob*0.37402 (8);

     %C#4%

     [ idea*-0.30232 ];
     [ mech*0.35471 ];
     [ sr*-0.15371 ];
     [ glob*-0.53568 ];

     idea*0.28759 (5);
     mech*0.10915 (6);
     sr*0.49036 (7);
     glob*0.37402 (8);



     Beginning Time:  16:16:44
        Ending Time:  16:17:06
       Elapsed Time:  00:00:22



MUTHEN & MUTHEN
3463 Stoner Ave.
Los Angeles, CA  90066

Tel: (310) 391-9971
Fax: (310) 391-8971
Web: www.StatModel.com
Support: Support@StatModel.com

Copyright (c) 1998-2018 Muthen & Muthen
