Mplus VERSION 8.1 (Mac)
MUTHEN & MUTHEN
04/06/2019   4:28 PM

INPUT INSTRUCTIONS

  TITLE: 4-Calibrate (fixed) bESEM LPA
  DATA: FILE = "calib.besem.dat";
  VARIABLE:
  NAMES = n se1 se2 se3 se4 se5 se6 se7 se8 se9 id female ethnic ell disability gifted
       grade_level glob glob_se idea idea_se mech mech_se sr sr_se t_id;
  MISSING=.;
  USEVARIABLES = idea mech sr glob;
  CLASSES = c (4);
  ANALYSIS: TYPE = MIXTURE;
  Starts = 0;
  Processors = 6 4;
  Model:
   %OVERALL%

       [ c#1@0.42689 ];
       [ c#2@-0.86077 ];
       [ c#3@-1.96080 ];

       %C#1%

       [ idea@0.11080 ];
       [ mech@-0.08005 ];
       [ sr@0.18338 ];
       [ glob@0.53004 ];

       idea@0.28076 (5);
       mech@0.11937 (6);
       sr@0.49398 (7);
       glob@0.38570 (8);

       %C#2%

       [ idea@-0.06394 ];
       [ mech@-0.87841 ];
       [ sr@-0.15396 ];
       [ glob@-0.99958 ];

       idea@0.28076 (5);
       mech@0.11937 (6);
       sr@0.49398 (7);
       glob@0.38570 (8);

       %C#3%

       [ idea@0.51304 ];
       [ mech@-1.54092 ];
       [ sr@0.28912 ];
       [ glob@-0.06931 ];

       idea@0.28076 (5);
       mech@0.11937 (6);
       sr@0.49398 (7);
       glob@0.38570 (8);

       %C#4%

       [ idea@-0.28226 ];
       [ mech@0.35926 ];
       [ sr@-0.15248 ];
       [ glob@-0.57462 ];

       idea@0.28076 (5);
       mech@0.11937 (6);
       sr@0.49398 (7);
       glob@0.38570 (8);
  OUTPUT:
  !TECH11;
  !TECH14;
  svalues;




*** WARNING in ANALYSIS command
  The second number in the PROCESSORS option will be ignored because no random
  starts have been requested.
*** WARNING in MODEL command
  All variables are uncorrelated with all other variables within class.
  Check that this is what is intended.
   2 WARNING(S) FOUND IN THE INPUT INSTRUCTIONS



4-Calibrate (fixed) bESEM LPA

SUMMARY OF ANALYSIS

Number of groups                                                 1
Number of observations                                         712

Number of dependent variables                                    4
Number of independent variables                                  0
Number of continuous latent variables                            0
Number of categorical latent variables                           1

Observed dependent variables

  Continuous
   IDEA        MECH        SR          GLOB

Categorical latent variables
   C


Estimator                                                      MLR
Information matrix                                        OBSERVED
Optimization Specifications for the Quasi-Newton Algorithm for
Continuous Outcomes
  Maximum number of iterations                                 100
  Convergence criterion                                  0.100D-05
Optimization Specifications for the EM Algorithm
  Maximum number of iterations                                 500
  Convergence criteria
    Loglikelihood change                                 0.100D-06
    Relative loglikelihood change                        0.100D-06
    Derivative                                           0.100D-05
Optimization Specifications for the M step of the EM Algorithm for
Categorical Latent variables
  Number of M step iterations                                    1
  M step convergence criterion                           0.100D-05
  Basis for M step termination                           ITERATION
Optimization Specifications for the M step of the EM Algorithm for
Censored, Binary or Ordered Categorical (Ordinal), Unordered
Categorical (Nominal) and Count Outcomes
  Number of M step iterations                                    1
  M step convergence criterion                           0.100D-05
  Basis for M step termination                           ITERATION
  Maximum value for logit thresholds                            15
  Minimum value for logit thresholds                           -15
  Minimum expected cell size for chi-square              0.100D-01
Maximum number of iterations for H1                           2000
Convergence criterion for H1                             0.100D-03
Optimization algorithm                                         EMA

Input data file(s)
  calib.besem.dat
Input data format  FREE


SUMMARY OF DATA

     Number of missing data patterns             1
     Number of y missing data patterns           1
     Number of u missing data patterns           0


COVARIANCE COVERAGE OF DATA

Minimum covariance coverage value   0.100


     PROPORTION OF DATA PRESENT FOR Y


           Covariance Coverage
              IDEA          MECH          SR            GLOB
              ________      ________      ________      ________
 IDEA           1.000
 MECH           1.000         1.000
 SR             1.000         1.000         1.000
 GLOB           1.000         1.000         1.000         1.000



UNIVARIATE SAMPLE STATISTICS


     UNIVARIATE HIGHER-ORDER MOMENT DESCRIPTIVE STATISTICS

         Variable/         Mean/     Skewness/   Minimum/ % with                Percentiles
        Sample Size      Variance    Kurtosis    Maximum  Min/Max      20%/60%    40%/80%    Median

     IDEA                  0.012       0.078      -1.834    0.14%      -0.477     -0.112      0.025
             712.000       0.333       0.139       2.066    0.14%       0.122      0.444
     MECH                 -0.076      -1.013      -2.188    0.14%      -0.438     -0.140      0.046
             712.000       0.319       1.171       1.285    0.14%       0.207      0.376
     SR                    0.019      -0.068      -2.417    0.14%      -0.601     -0.197      0.046
             712.000       0.522      -0.170       2.097    0.14%       0.201      0.662
     GLOB                 -0.005      -0.277      -3.148    0.14%      -0.696     -0.228      0.005
             712.000       0.747       0.029       1.658    3.65%       0.253      0.731


THE MODEL ESTIMATION TERMINATED NORMALLY



MODEL FIT INFORMATION

Number of Free Parameters                        0

Loglikelihood

          H0 Value                       -2756.839

Information Criteria

          Akaike (AIC)                    5513.677
          Bayesian (BIC)                  5513.677
          Sample-Size Adjusted BIC        5513.677
            (n* = (n + 2) / 24)



FINAL CLASS COUNTS AND PROPORTIONS FOR THE LATENT CLASSES
BASED ON THE ESTIMATED MODEL

    Latent
   Classes

       1        352.42420          0.49498
       2         97.23936          0.13657
       3         32.36720          0.04546
       4        229.96924          0.32299


FINAL CLASS COUNTS AND PROPORTIONS FOR THE LATENT CLASSES
BASED ON ESTIMATED POSTERIOR PROBABILITIES

    Latent
   Classes

       1        377.14215          0.52969
       2         73.12442          0.10270
       3         32.03978          0.04500
       4        229.69365          0.32260


FINAL CLASS COUNTS AND PROPORTIONS FOR THE LATENT CLASSES
BASED ON THEIR MOST LIKELY LATENT CLASS MEMBERSHIP

Class Counts and Proportions

    Latent
   Classes

       1              394          0.55337
       2               75          0.10534
       3               29          0.04073
       4              214          0.30056


CLASSIFICATION QUALITY

     Entropy                         0.751


Average Latent Class Probabilities for Most Likely Latent Class Membership (Row)
by Latent Class (Column)

           1        2        3        4

    1   0.863    0.019    0.004    0.114
    2   0.064    0.811    0.058    0.067
    3   0.009    0.093    0.898    0.000
    4   0.150    0.010    0.000    0.839


Classification Probabilities for the Most Likely Latent Class Membership (Column)
by Latent Class (Row)

           1        2        3        4

    1   0.901    0.013    0.001    0.085
    2   0.101    0.832    0.037    0.030
    3   0.052    0.136    0.812    0.000
    4   0.196    0.022    0.000    0.782


Logits for the Classification Probabilities for the Most Likely Latent Class Membership (Column)
by Latent Class (Row)

              1        2        3        4

    1      2.357   -1.902   -4.771    0.000
    2      1.207    3.315    0.199    0.000
    3      8.670    9.638   11.426    0.000
    4     -1.382   -3.580  -13.569    0.000


MODEL RESULTS

                                                    Two-Tailed
                    Estimate       S.E.  Est./S.E.    P-Value

Latent Class 1

 Means
    IDEA               0.111      0.000    999.000    999.000
    MECH              -0.080      0.000    999.000    999.000
    SR                 0.183      0.000    999.000    999.000
    GLOB               0.530      0.000    999.000    999.000

 Variances
    IDEA               0.281      0.000    999.000    999.000
    MECH               0.119      0.000    999.000    999.000
    SR                 0.494      0.000    999.000    999.000
    GLOB               0.386      0.000    999.000    999.000

Latent Class 2

 Means
    IDEA              -0.064      0.000    999.000    999.000
    MECH              -0.878      0.000    999.000    999.000
    SR                -0.154      0.000    999.000    999.000
    GLOB              -1.000      0.000    999.000    999.000

 Variances
    IDEA               0.281      0.000    999.000    999.000
    MECH               0.119      0.000    999.000    999.000
    SR                 0.494      0.000    999.000    999.000
    GLOB               0.386      0.000    999.000    999.000

Latent Class 3

 Means
    IDEA               0.513      0.000    999.000    999.000
    MECH              -1.541      0.000    999.000    999.000
    SR                 0.289      0.000    999.000    999.000
    GLOB              -0.069      0.000    999.000    999.000

 Variances
    IDEA               0.281      0.000    999.000    999.000
    MECH               0.119      0.000    999.000    999.000
    SR                 0.494      0.000    999.000    999.000
    GLOB               0.386      0.000    999.000    999.000

Latent Class 4

 Means
    IDEA              -0.282      0.000    999.000    999.000
    MECH               0.359      0.000    999.000    999.000
    SR                -0.152      0.000    999.000    999.000
    GLOB              -0.575      0.000    999.000    999.000

 Variances
    IDEA               0.281      0.000    999.000    999.000
    MECH               0.119      0.000    999.000    999.000
    SR                 0.494      0.000    999.000    999.000
    GLOB               0.386      0.000    999.000    999.000

Categorical Latent Variables

 Means
    C#1                0.427      0.000    999.000    999.000
    C#2               -0.861      0.000    999.000    999.000
    C#3               -1.961      0.000    999.000    999.000


QUALITY OF NUMERICAL RESULTS

     Condition Number for the Information Matrix              0.100E+01
       (ratio of smallest to largest eigenvalue)


MODEL COMMAND WITH FINAL ESTIMATES USED AS STARTING VALUES

     %OVERALL%

     [ c#1@0.42689 ];
     [ c#2@-0.86077 ];
     [ c#3@-1.96080 ];

     %C#1%

     [ idea@0.11080 ];
     [ mech@-0.08005 ];
     [ sr@0.18338 ];
     [ glob@0.53004 ];

     idea@0.28076;
     mech@0.11937;
     sr@0.49398;
     glob@0.38570;

     %C#2%

     [ idea@-0.06394 ];
     [ mech@-0.87841 ];
     [ sr@-0.15396 ];
     [ glob@-0.99958 ];

     idea@0.28076;
     mech@0.11937;
     sr@0.49398;
     glob@0.38570;

     %C#3%

     [ idea@0.51304 ];
     [ mech@-1.54092 ];
     [ sr@0.28912 ];
     [ glob@-0.06931 ];

     idea@0.28076;
     mech@0.11937;
     sr@0.49398;
     glob@0.38570;

     %C#4%

     [ idea@-0.28226 ];
     [ mech@0.35926 ];
     [ sr@-0.15248 ];
     [ glob@-0.57462 ];

     idea@0.28076;
     mech@0.11937;
     sr@0.49398;
     glob@0.38570;



     Beginning Time:  16:28:35
        Ending Time:  16:28:35
       Elapsed Time:  00:00:00



MUTHEN & MUTHEN
3463 Stoner Ave.
Los Angeles, CA  90066

Tel: (310) 391-9971
Fax: (310) 391-8971
Web: www.StatModel.com
Support: Support@StatModel.com

Copyright (c) 1998-2018 Muthen & Muthen
