Mplus VERSION 8.1 (Mac)
MUTHEN & MUTHEN
04/06/2019   4:09 PM

INPUT INSTRUCTIONS

  TITLE: 5-Calibrate bESEM LPA
  DATA: FILE = "calib.besem.dat";
  VARIABLE:
  NAMES = n se1 se2 se3 se4 se5 se6 se7 se8 se9 id female ethnic ell disability gifted
       grade_level glob glob_se idea idea_se mech mech_se sr sr_se t_id;
  MISSING=.;
  USEVARIABLES = idea mech sr glob;
  CLASSES = c (5);
  ANALYSIS: TYPE = MIXTURE;
  Starts = 750 200;
  Processors = 6 4;
  OUTPUT:
  TECH11;
  TECH14;





*** WARNING in MODEL command
  All variables are uncorrelated with all other variables within class.
  Check that this is what is intended.
   1 WARNING(S) FOUND IN THE INPUT INSTRUCTIONS



5-Calibrate bESEM LPA

SUMMARY OF ANALYSIS

Number of groups                                                 1
Number of observations                                         712

Number of dependent variables                                    4
Number of independent variables                                  0
Number of continuous latent variables                            0
Number of categorical latent variables                           1

Observed dependent variables

  Continuous
   IDEA        MECH        SR          GLOB

Categorical latent variables
   C


Estimator                                                      MLR
Information matrix                                        OBSERVED
Optimization Specifications for the Quasi-Newton Algorithm for
Continuous Outcomes
  Maximum number of iterations                                 100
  Convergence criterion                                  0.100D-05
Optimization Specifications for the EM Algorithm
  Maximum number of iterations                                 500
  Convergence criteria
    Loglikelihood change                                 0.100D-06
    Relative loglikelihood change                        0.100D-06
    Derivative                                           0.100D-05
Optimization Specifications for the M step of the EM Algorithm for
Categorical Latent variables
  Number of M step iterations                                    1
  M step convergence criterion                           0.100D-05
  Basis for M step termination                           ITERATION
Optimization Specifications for the M step of the EM Algorithm for
Censored, Binary or Ordered Categorical (Ordinal), Unordered
Categorical (Nominal) and Count Outcomes
  Number of M step iterations                                    1
  M step convergence criterion                           0.100D-05
  Basis for M step termination                           ITERATION
  Maximum value for logit thresholds                            15
  Minimum value for logit thresholds                           -15
  Minimum expected cell size for chi-square              0.100D-01
Maximum number of iterations for H1                           2000
Convergence criterion for H1                             0.100D-03
Optimization algorithm                                         EMA
Random Starts Specifications
  Number of initial stage random starts                        750
  Number of final stage optimizations                          200
  Number of initial stage iterations                            10
  Initial stage convergence criterion                    0.100D+01
  Random starts scale                                    0.500D+01
  Random seed for generating random starts                       0

Input data file(s)
  calib.besem.dat
Input data format  FREE


SUMMARY OF DATA

     Number of missing data patterns             1
     Number of y missing data patterns           1
     Number of u missing data patterns           0


COVARIANCE COVERAGE OF DATA

Minimum covariance coverage value   0.100


     PROPORTION OF DATA PRESENT FOR Y


           Covariance Coverage
              IDEA          MECH          SR            GLOB
              ________      ________      ________      ________
 IDEA           1.000
 MECH           1.000         1.000
 SR             1.000         1.000         1.000
 GLOB           1.000         1.000         1.000         1.000



UNIVARIATE SAMPLE STATISTICS


     UNIVARIATE HIGHER-ORDER MOMENT DESCRIPTIVE STATISTICS

         Variable/         Mean/     Skewness/   Minimum/ % with                Percentiles
        Sample Size      Variance    Kurtosis    Maximum  Min/Max      20%/60%    40%/80%    Median

     IDEA                  0.012       0.078      -1.834    0.14%      -0.477     -0.112      0.025
             712.000       0.333       0.139       2.066    0.14%       0.122      0.444
     MECH                 -0.076      -1.013      -2.188    0.14%      -0.438     -0.140      0.046
             712.000       0.319       1.171       1.285    0.14%       0.207      0.376
     SR                    0.019      -0.068      -2.417    0.14%      -0.601     -0.197      0.046
             712.000       0.522      -0.170       2.097    0.14%       0.201      0.662
     GLOB                 -0.005      -0.277      -3.148    0.14%      -0.696     -0.228      0.005
             712.000       0.747       0.029       1.658    3.65%       0.253      0.731

RANDOM STARTS RESULTS RANKED FROM THE BEST TO THE WORST LOGLIKELIHOOD VALUES

Final stage loglikelihood values at local maxima, seeds, and initial stage start numbers:

           -2719.736  777045           377
           -2719.736  179022           687
           -2719.736  797594           234
           -2719.736  29591            633
           -2719.736  117391           710
           -2719.736  605161           409
           -2719.736  662718           460
           -2719.736  742688           594
           -2719.736  97300            640
           -2719.736  529455           268
           -2719.736  313306           612
           -2719.736  848890           95
           -2719.736  926762           704
           -2719.736  371737           532
           -2719.736  210870           383
           -2719.736  1548             384
           -2719.736  618760           489
           -2719.888  712531           631
           -2719.888  798821           423
           -2719.888  965639           463
           -2719.888  848331           137
           -2719.888  746978           410
           -2719.888  350608           334
           -2719.888  805935           615
           -2719.888  535804           111
           -2719.888  264081           186
           -2719.888  669634           335
           -2719.888  373702           669
           -2719.888  206099           363
           -2719.888  322790           636
           -2719.888  915642           40
           -2719.888  732596           320
           -2719.888  677062           680
           -2719.888  489927           520
           -2719.888  677720           681
           -2719.888  344422           296
           -2719.888  411615           171
           -2719.888  930323           267
           -2719.888  804104           566
           -2719.888  745972           521
           -2719.888  609185           181
           -2719.888  399671           13
           -2719.888  246261           38
           -2719.888  682718           733
           -2719.888  830292           527
           -2719.888  950604           172
           -2719.888  760850           739
           -2719.888  317868           740
           -2719.888  488125           368
           -2719.888  61587            400
           -2719.888  922596           456
           -2719.888  349263           263
           -2721.062  603842           61
           -2721.062  373505           88
           -2721.062  626087           314
           -2721.062  778953           635
           -2721.062  314757           345
           -2721.062  375590           438
           -2721.062  897782           545
           -2721.062  610181           711
           -2721.062  69413            472
           -2721.062  939870           655
           -2721.062  551639           55
           -2721.062  404042           675
           -2721.062  783110           72
           -2721.062  417035           149
           -2721.062  749453           33
           -2721.062  150531           154
           -2721.062  670281           721
           -2721.062  655497           376
           -2721.062  152496           123
           -2721.062  937885           426
           -2721.062  696773           80
           -2721.062  360419           356
           -2721.062  232226           235
           -2721.062  782200           84
           -2721.062  156536           245
           -2721.062  57226            208
           -2721.062  783102           433
           -2721.062  137377           397
           -2721.062  175199           247
           -2721.062  840031           276
           -2721.062  641794           591
           -2721.062  856612           700
           -2721.062  153394           429
           -2721.062  278661           674
           -2721.062  686384           690
           -2721.062  505879           424
           -2721.062  665121           417
           -2721.062  701525           239
           -2721.062  830570           369
           -2721.062  372176           23
           -2721.062  930872           277
           -2721.062  436460           89
           -2721.531  995249           525
           -2721.531  696830           668
           -2721.531  748692           204
           -2721.531  313407           132
           -2721.531  462953           7
           -2721.531  529496           343
           -2721.531  364676           27
           -2721.531  496881           192
           -2721.531  393232           152
           -2721.531  264935           281
           -2721.531  193042           316
           -2721.531  146900           391
           -2721.531  319575           499
           -2721.531  195763           358
           -2721.531  80438            246
           -2721.531  637345           19
           -2721.531  621542           375
           -2721.531  136842           58
           -2721.531  244349           736
           -2721.531  275475           413
           -2721.531  354559           73
           -2721.531  887676           22
           -2721.531  220454           288
           -2721.531  320494           465
           -2721.531  190339           102
           -2721.531  650371           14
           -2721.531  846194           93
           -2721.531  579995           183
           -2721.531  370957           554
           -2721.531  849670           347
           -2721.531  391949           295
           -2721.531  220492           743
           -2721.531  481835           57
           -2721.531  765392           382
           -2721.531  281558           184
           -2721.531  579138           706
           -2721.531  354624           448
           -2721.531  754100           56
           -2721.531  685657           69
           -2721.531  70118            104
           -2721.531  485483           498
           -2721.531  345726           461
           -2721.531  766903           505
           -2721.531  973369           202
           -2721.531  840078           203
           -2721.531  92564            583
           -2721.531  312754           562
           -2721.531  7959             256
           -2721.531  573096           20
           -2721.531  173440           328
           -2721.531  414284           158
           -2721.531  483369           270
           -2721.531  942358           644
           -2721.531  408713           450
           -2721.531  853781           716
           -2721.531  484687           306
           -2721.531  121425           511
           -2721.531  49221            254
           -2721.531  479273           156
           -2721.531  113138           585
           -2721.531  100874           108
           -2721.531  178031           720
           -2721.531  27071            15
           -2721.531  519357           559
           -2721.531  809240           543
           -2721.531  824126           287
           -2721.531  638977           643
           -2721.531  59674            240
           -2721.531  694303           282
           -2721.531  622860           259
           -2721.531  715255           523
           -2721.531  248742           556
           -2721.531  77210            712
           -2721.531  172913           557
           -2721.531  369602           146
           -2721.531  856536           144
           -2721.531  17359            227
           -2721.531  378393           509
           -2721.531  918558           412
           -2721.531  383902           673
           -2721.531  646573           741
           -2721.531  76337            76
           -2721.531  502495           724
           -2721.531  666720           671
           -2722.966  284716           713
           -2722.966  702492           718
           -2722.966  635245           121
           -2722.966  263221           447
           -2722.966  215353           164
           -2722.966  838615           677
           -2722.966  301180           236
           -2722.966  850545           357
           -2722.966  512403           719
           -2722.966  584397           428
           -2722.966  486646           586
           -2722.966  791396           243
           -2722.966  502532           445
           -2722.966  691234           250
           -2722.966  15270            610
           -2722.966  341960           685
           -2736.147  700349           401
           -2736.147  801717           364
           -2736.147  860772           174
           -2747.203  316165           299
           -2747.203  213189           605
           -2747.203  264901           634



THE BEST LOGLIKELIHOOD VALUE HAS BEEN REPLICATED.  RERUN WITH AT LEAST TWICE THE
RANDOM STARTS TO CHECK THAT THE BEST LOGLIKELIHOOD IS STILL OBTAINED AND REPLICATED.


THE MODEL ESTIMATION TERMINATED NORMALLY



MODEL FIT INFORMATION

Number of Free Parameters                       28

Loglikelihood

          H0 Value                       -2719.736
          H0 Scaling Correction Factor      1.1896
            for MLR

Information Criteria

          Akaike (AIC)                    5495.473
          Bayesian (BIC)                  5623.379
          Sample-Size Adjusted BIC        5534.472
            (n* = (n + 2) / 24)



FINAL CLASS COUNTS AND PROPORTIONS FOR THE LATENT CLASSES
BASED ON THE ESTIMATED MODEL

    Latent
   Classes

       1         51.16500          0.07186
       2        317.21675          0.44553
       3        131.33997          0.18447
       4         49.72566          0.06984
       5        162.55262          0.22830


FINAL CLASS COUNTS AND PROPORTIONS FOR THE LATENT CLASSES
BASED ON ESTIMATED POSTERIOR PROBABILITIES

    Latent
   Classes

       1         51.16500          0.07186
       2        317.21675          0.44553
       3        131.33997          0.18447
       4         49.72566          0.06984
       5        162.55262          0.22830


FINAL CLASS COUNTS AND PROPORTIONS FOR THE LATENT CLASSES
BASED ON THEIR MOST LIKELY LATENT CLASS MEMBERSHIP

Class Counts and Proportions

    Latent
   Classes

       1               49          0.06882
       2              334          0.46910
       3              128          0.17978
       4               50          0.07022
       5              151          0.21208


CLASSIFICATION QUALITY

     Entropy                         0.716


Average Latent Class Probabilities for Most Likely Latent Class Membership (Row)
by Latent Class (Column)

           1        2        3        4        5

    1   0.868    0.027    0.056    0.017    0.031
    2   0.004    0.790    0.100    0.000    0.106
    3   0.035    0.218    0.734    0.011    0.002
    4   0.031    0.000    0.021    0.948    0.000
    5   0.009    0.159    0.002    0.000    0.830


Classification Probabilities for the Most Likely Latent Class Membership (Column)
by Latent Class (Row)

           1        2        3        4        5

    1   0.831    0.026    0.087    0.030    0.026
    2   0.004    0.832    0.088    0.000    0.076
    3   0.021    0.253    0.716    0.008    0.002
    4   0.017    0.000    0.030    0.954    0.000
    5   0.009    0.218    0.001    0.000    0.771


Logits for the Classification Probabilities for the Most Likely Latent Class Membership (Column)
by Latent Class (Row)

              1        2        3        4        5

    1      3.477   -0.002    1.220    0.167    0.000
    2     -2.884    2.397    0.148   -8.997    0.000
    3      2.127    4.624    5.663    1.146    0.000
    4      9.736    1.772   10.292   13.768    0.000
    5     -4.399   -1.263   -6.262  -13.556    0.000


MODEL RESULTS

                                                    Two-Tailed
                    Estimate       S.E.  Est./S.E.    P-Value

Latent Class 1

 Means
    IDEA               0.055      0.141      0.390      0.697
    MECH              -0.571      0.085     -6.710      0.000
    SR                -0.340      0.130     -2.616      0.009
    GLOB              -1.403      0.126    -11.170      0.000

 Variances
    IDEA               0.283      0.021     13.354      0.000
    MECH               0.071      0.008      8.448      0.000
    SR                 0.491      0.028     17.411      0.000
    GLOB               0.388      0.033     11.836      0.000

Latent Class 2

 Means
    IDEA               0.019      0.040      0.462      0.644
    MECH               0.106      0.036      2.910      0.004
    SR                 0.080      0.071      1.124      0.261
    GLOB               0.422      0.114      3.690      0.000

 Variances
    IDEA               0.283      0.021     13.354      0.000
    MECH               0.071      0.008      8.448      0.000
    SR                 0.491      0.028     17.411      0.000
    GLOB               0.388      0.033     11.836      0.000

Latent Class 3

 Means
    IDEA               0.330      0.069      4.750      0.000
    MECH              -0.423      0.054     -7.830      0.000
    SR                 0.094      0.079      1.193      0.233
    GLOB               0.430      0.083      5.180      0.000

 Variances
    IDEA               0.283      0.021     13.354      0.000
    MECH               0.071      0.008      8.448      0.000
    SR                 0.491      0.028     17.411      0.000
    GLOB               0.388      0.033     11.836      0.000

Latent Class 4

 Means
    IDEA               0.217      0.138      1.580      0.114
    MECH              -1.467      0.057    -25.782      0.000
    SR                 0.409      0.109      3.732      0.000
    GLOB              -0.335      0.114     -2.945      0.003

 Variances
    IDEA               0.283      0.021     13.354      0.000
    MECH               0.071      0.008      8.448      0.000
    SR                 0.491      0.028     17.411      0.000
    GLOB               0.388      0.033     11.836      0.000

Latent Class 5

 Means
    IDEA              -0.336      0.073     -4.618      0.000
    MECH               0.429      0.067      6.375      0.000
    SR                -0.167      0.074     -2.251      0.024
    GLOB              -0.650      0.119     -5.474      0.000

 Variances
    IDEA               0.283      0.021     13.354      0.000
    MECH               0.071      0.008      8.448      0.000
    SR                 0.491      0.028     17.411      0.000
    GLOB               0.388      0.033     11.836      0.000

Categorical Latent Variables

 Means
    C#1               -1.156      0.344     -3.361      0.001
    C#2                0.669      0.441      1.516      0.129
    C#3               -0.213      0.337     -0.633      0.527
    C#4               -1.184      0.332     -3.572      0.000


QUALITY OF NUMERICAL RESULTS

     Condition Number for the Information Matrix              0.141E-03
       (ratio of smallest to largest eigenvalue)


TECHNICAL 11 OUTPUT

     Random Starts Specifications for the k-1 Class Analysis Model
        Number of initial stage random starts                 750
        Number of final stage optimizations                   200



     VUONG-LO-MENDELL-RUBIN LIKELIHOOD RATIO TEST FOR 4 (H0) VERSUS 5 CLASSES

          H0 Loglikelihood Value                        -2736.147
          2 Times the Loglikelihood Difference             32.821
          Difference in the Number of Parameters                5
          Mean                                             12.888
          Standard Deviation                               20.958
          P-Value                                          0.1379

     LO-MENDELL-RUBIN ADJUSTED LRT TEST

          Value                                            31.851
          P-Value                                          0.1459


TECHNICAL 14 OUTPUT

     Random Starts Specifications for the k-1 Class Analysis Model
        Number of initial stage random starts                 750
        Number of final stage optimizations                   200

     Random Starts Specification for the k-1 Class Model for Generated Data
        Number of initial stage random starts                   0
        Number of final stage optimizations for the
           initial stage random starts                          0
     Random Starts Specification for the k Class Model for Generated Data
        Number of initial stage random starts                  40
        Number of final stage optimizations                     8
     Number of bootstrap draws requested                   Varies


     PARAMETRIC BOOTSTRAPPED LIKELIHOOD RATIO TEST FOR 4 (H0) VERSUS 5 CLASSES

          H0 Loglikelihood Value                        -2736.147
          2 Times the Loglikelihood Difference             32.821
          Difference in the Number of Parameters                5
          Approximate P-Value                              0.0000
          Successful Bootstrap Draws                           20


     Beginning Time:  16:09:59
        Ending Time:  16:10:32
       Elapsed Time:  00:00:33



MUTHEN & MUTHEN
3463 Stoner Ave.
Los Angeles, CA  90066

Tel: (310) 391-9971
Fax: (310) 391-8971
Web: www.StatModel.com
Support: Support@StatModel.com

Copyright (c) 1998-2018 Muthen & Muthen
