Mplus VERSION 8.1 (Mac)
MUTHEN & MUTHEN
04/06/2019   4:11 PM

INPUT INSTRUCTIONS

  TITLE: 7-Calibrate bESEM LPA
  DATA: FILE = "calib.besem.dat";
  VARIABLE:
  NAMES = n se1 se2 se3 se4 se5 se6 se7 se8 se9 id female ethnic ell disability gifted
       grade_level glob glob_se idea idea_se mech mech_se sr sr_se t_id;
  MISSING=.;
  USEVARIABLES = idea mech sr glob;
  CLASSES = c (7);
  ANALYSIS: TYPE = MIXTURE;
  Starts = 750 200;
  Processors = 6 4;
  OUTPUT:
  TECH11;
  TECH14;





*** WARNING in MODEL command
  All variables are uncorrelated with all other variables within class.
  Check that this is what is intended.
   1 WARNING(S) FOUND IN THE INPUT INSTRUCTIONS



7-Calibrate bESEM LPA

SUMMARY OF ANALYSIS

Number of groups                                                 1
Number of observations                                         712

Number of dependent variables                                    4
Number of independent variables                                  0
Number of continuous latent variables                            0
Number of categorical latent variables                           1

Observed dependent variables

  Continuous
   IDEA        MECH        SR          GLOB

Categorical latent variables
   C


Estimator                                                      MLR
Information matrix                                        OBSERVED
Optimization Specifications for the Quasi-Newton Algorithm for
Continuous Outcomes
  Maximum number of iterations                                 100
  Convergence criterion                                  0.100D-05
Optimization Specifications for the EM Algorithm
  Maximum number of iterations                                 500
  Convergence criteria
    Loglikelihood change                                 0.100D-06
    Relative loglikelihood change                        0.100D-06
    Derivative                                           0.100D-05
Optimization Specifications for the M step of the EM Algorithm for
Categorical Latent variables
  Number of M step iterations                                    1
  M step convergence criterion                           0.100D-05
  Basis for M step termination                           ITERATION
Optimization Specifications for the M step of the EM Algorithm for
Censored, Binary or Ordered Categorical (Ordinal), Unordered
Categorical (Nominal) and Count Outcomes
  Number of M step iterations                                    1
  M step convergence criterion                           0.100D-05
  Basis for M step termination                           ITERATION
  Maximum value for logit thresholds                            15
  Minimum value for logit thresholds                           -15
  Minimum expected cell size for chi-square              0.100D-01
Maximum number of iterations for H1                           2000
Convergence criterion for H1                             0.100D-03
Optimization algorithm                                         EMA
Random Starts Specifications
  Number of initial stage random starts                        750
  Number of final stage optimizations                          200
  Number of initial stage iterations                            10
  Initial stage convergence criterion                    0.100D+01
  Random starts scale                                    0.500D+01
  Random seed for generating random starts                       0

Input data file(s)
  calib.besem.dat
Input data format  FREE


SUMMARY OF DATA

     Number of missing data patterns             1
     Number of y missing data patterns           1
     Number of u missing data patterns           0


COVARIANCE COVERAGE OF DATA

Minimum covariance coverage value   0.100


     PROPORTION OF DATA PRESENT FOR Y


           Covariance Coverage
              IDEA          MECH          SR            GLOB
              ________      ________      ________      ________
 IDEA           1.000
 MECH           1.000         1.000
 SR             1.000         1.000         1.000
 GLOB           1.000         1.000         1.000         1.000



UNIVARIATE SAMPLE STATISTICS


     UNIVARIATE HIGHER-ORDER MOMENT DESCRIPTIVE STATISTICS

         Variable/         Mean/     Skewness/   Minimum/ % with                Percentiles
        Sample Size      Variance    Kurtosis    Maximum  Min/Max      20%/60%    40%/80%    Median

     IDEA                  0.012       0.078      -1.834    0.14%      -0.477     -0.112      0.025
             712.000       0.333       0.139       2.066    0.14%       0.122      0.444
     MECH                 -0.076      -1.013      -2.188    0.14%      -0.438     -0.140      0.046
             712.000       0.319       1.171       1.285    0.14%       0.207      0.376
     SR                    0.019      -0.068      -2.417    0.14%      -0.601     -0.197      0.046
             712.000       0.522      -0.170       2.097    0.14%       0.201      0.662
     GLOB                 -0.005      -0.277      -3.148    0.14%      -0.696     -0.228      0.005
             712.000       0.747       0.029       1.658    3.65%       0.253      0.731

RANDOM STARTS RESULTS RANKED FROM THE BEST TO THE WORST LOGLIKELIHOOD VALUES

Final stage loglikelihood values at local maxima, seeds, and initial stage start numbers:

           -2661.499  327475           518
           -2661.499  742688           594
           -2661.499  748692           204
           -2661.499  279850           555
           -2661.499  297518           166
           -2661.499  195353           225
           -2661.499  170954           86
           -2661.499  535804           111
           -2661.499  216565           474
           -2661.499  152496           123
           -2661.499  963053           43
           -2661.499  193042           316
           -2661.499  350608           334
           -2661.499  838615           677
           -2661.499  765392           382
           -2661.499  438144           271
           -2661.499  696830           668
           -2661.499  928287           197
           -2661.499  973369           202
           -2661.499  165853           105
           -2661.499  947714           573
           -2661.499  763285           620
           -2661.499  179022           687
           -2661.499  303634           169
           -2661.499  153942           31
           -2661.499  871438           561
           -2661.499  822698           621
           -2661.499  150531           154
           -2661.499  206099           363
           -2661.499  967902           52
           -2661.499  217130           443
           -2661.499  840031           276
           -2661.499  322790           636
           -2661.499  416463           467
           -2661.499  327140           678
           -2661.499  488125           368
           -2661.499  926283           269
           -2661.499  562716           300
           -2661.499  291112           645
           -2661.499  608849           224
           -2661.499  17896            592
           -2661.499  512836           289
           -2661.499  202790           198
           -2661.499  172913           557
           -2661.499  194143           510
           -2661.499  999211           628
           -2661.499  502532           445
           -2661.499  278661           674
           -2661.499  738393           619
           -2661.499  436460           89
           -2661.499  855760           593
           -2661.499  485256           371
           -2661.499  933578           506
           -2661.499  642386           662
           -2661.499  383986           159
           -2661.499  486646           586
           -2661.499  965639           463
           -2661.499  136842           58
           -2661.499  850840           232
           -2661.499  922042           492
           -2661.499  366533           484
           -2661.499  212934           568
           -2661.499  181293           212
           -2661.499  665121           417
           -2661.499  392751           480
           -2661.499  497522           502
           -2661.499  685657           69
           -2661.499  587946           120
           -2661.499  723035           538
           -2661.499  317868           740
           -2661.499  915642           40
           -2661.499  875667           367
           -2661.757  126371           526
           -2661.757  263221           447
           -2661.757  281558           184
           -2661.757  97300            640
           -2661.757  370466           41
           -2661.757  70118            104
           -2665.348  282464           283
           -2666.914  132336           362
           -2666.914  190339           102
           -2666.914  313407           132
           -2666.914  220454           288
           -2666.914  73576            213
           -2666.914  462953           7
           -2666.914  29591            633
           -2666.914  584397           428
           -2666.914  148918           682
           -2666.914  247224           94
           -2666.914  552272           654
           -2666.914  354624           448
           -2666.914  117391           710
           -2666.914  622860           259
           -2666.914  942358           644
           -2666.914  483369           270
           -2666.914  754100           56
           -2666.914  244349           736
           -2666.914  121425           511
           -2666.914  377504           294
           -2666.914  505879           424
           -2666.914  830570           369
           -2666.914  209031           632
           -2666.914  34346            330
           -2666.914  210870           383
           -2666.914  1548             384
           -2666.914  685268           596
           -2675.156  232559           136
           -2679.227  592219           119
           -2684.646  848890           95
           -2684.646  780698           337
           -2692.127  442072           625
           -2692.127  263268           165
           -2692.127  579995           183
           -2692.127  602032           648
           -2692.127  561664           392
           -2692.127  227563           63
           -2692.127  437181           135
           -2692.127  376411           473
           -2692.127  722748           346
           -2692.127  21132            351
           -2692.127  793487           595
           -2692.127  609185           181
           -2692.127  641794           591
           -2692.127  849670           347
           -2692.127  360419           356
           -2692.127  760850           739
           -2692.127  76451            211
           -2692.127  114433           708
           -2692.127  840078           203
           -2692.127  414284           158
           -2692.127  970689           266
           -2692.127  922596           456
           -2692.127  383902           673
           -2692.127  331681           549
           -2692.127  569131           26
           -2692.127  319575           499
           -2692.127  294669           501
           -2692.127  475420           71
           -2692.127  879338           309
           -2692.127  851945           18
           -2692.127  204959           695
           -2692.127  264935           281
           -2692.127  285380           1
           -2692.127  396795           323
           -2692.127  369602           146
           -2692.127  670281           721
           -2692.127  294811           637
           -2692.127  425929           508
           -2692.127  566687           597
           -2692.127  51375            148
           -2692.246  691234           250
           -2692.246  856612           700
           -2692.246  67009            564
           -2692.246  354559           73
           -2692.246  354208           196
           -2692.246  655497           376
           -2692.246  417035           149
           -2692.246  213189           605
           -2692.246  364676           27
           -2692.246  529455           268
           -2692.246  783102           433
           -2692.246  879211           453
           -2692.246  971853           402
           -2692.246  489927           520
           -2692.246  988761           475
           -2692.462  383979           603
           -2692.462  55115            408
           -2692.462  232226           235
           -2692.462  635245           121
           -2694.088  692169           308
           -2694.088  395754           388
           -2694.424  268896           124
           -2694.785  702492           718
           -2698.490  62835            642
           -2698.868  595153           230
           -2698.868  888905           444
           -2698.868  563584           657
           -2699.261  939021           8
           -2700.195  78862            529
           -2700.195  485483           498
           -2701.660  443442           380
           -2701.660  92564            583
           -2701.663  7959             256
           -2701.980  605161           409
           -2702.101  220492           743
           -2702.101  996231           310
           -2702.195  393232           152
           -2702.952  836066           372
           -2702.952  207896           25
           -2703.010  456213           160
           -2703.141  177936           726
           -2703.288  375590           438
           -2703.288  137377           397
           -2704.690  301180           236
           -2704.690  252949           487
           -2706.801  669634           335
           -2706.801  742609           531
           -2706.801  637345           19
           -2706.801  435287           623
           -2706.801  887676           22



THE BEST LOGLIKELIHOOD VALUE HAS BEEN REPLICATED.  RERUN WITH AT LEAST TWICE THE
RANDOM STARTS TO CHECK THAT THE BEST LOGLIKELIHOOD IS STILL OBTAINED AND REPLICATED.


THE MODEL ESTIMATION TERMINATED NORMALLY



MODEL FIT INFORMATION

Number of Free Parameters                       38

Loglikelihood

          H0 Value                       -2661.499
          H0 Scaling Correction Factor      1.4478
            for MLR

Information Criteria

          Akaike (AIC)                    5398.998
          Bayesian (BIC)                  5572.585
          Sample-Size Adjusted BIC        5451.926
            (n* = (n + 2) / 24)



FINAL CLASS COUNTS AND PROPORTIONS FOR THE LATENT CLASSES
BASED ON THE ESTIMATED MODEL

    Latent
   Classes

       1         49.29192          0.06923
       2        276.30257          0.38807
       3        181.54063          0.25497
       4         26.62397          0.03739
       5         32.07217          0.04505
       6         85.94861          0.12071
       7         60.22014          0.08458


FINAL CLASS COUNTS AND PROPORTIONS FOR THE LATENT CLASSES
BASED ON ESTIMATED POSTERIOR PROBABILITIES

    Latent
   Classes

       1         49.29192          0.06923
       2        276.30257          0.38807
       3        181.54063          0.25497
       4         26.62397          0.03739
       5         32.07217          0.04505
       6         85.94861          0.12071
       7         60.22014          0.08458


FINAL CLASS COUNTS AND PROPORTIONS FOR THE LATENT CLASSES
BASED ON THEIR MOST LIKELY LATENT CLASS MEMBERSHIP

Class Counts and Proportions

    Latent
   Classes

       1               49          0.06882
       2              296          0.41573
       3              182          0.25562
       4               28          0.03933
       5               29          0.04073
       6               79          0.11096
       7               49          0.06882


CLASSIFICATION QUALITY

     Entropy                         0.816


Average Latent Class Probabilities for Most Likely Latent Class Membership (Row)
by Latent Class (Column)

           1        2        3        4        5        6        7

    1   0.869    0.038    0.038    0.000    0.047    0.000    0.007
    2   0.008    0.832    0.062    0.000    0.000    0.040    0.058
    3   0.016    0.077    0.876    0.000    0.009    0.021    0.000
    4   0.000    0.000    0.015    0.885    0.100    0.000    0.000
    5   0.046    0.000    0.018    0.062    0.875    0.000    0.000
    6   0.000    0.099    0.012    0.000    0.000    0.889    0.000
    7   0.000    0.130    0.000    0.000    0.000    0.000    0.870


Classification Probabilities for the Most Likely Latent Class Membership (Column)
by Latent Class (Row)

           1        2        3        4        5        6        7

    1   0.864    0.050    0.059    0.000    0.027    0.000    0.000
    2   0.007    0.891    0.051    0.000    0.000    0.028    0.023
    3   0.010    0.101    0.878    0.002    0.003    0.005    0.000
    4   0.000    0.000    0.002    0.931    0.067    0.000    0.000
    5   0.072    0.000    0.050    0.087    0.791    0.000    0.000
    6   0.000    0.138    0.045    0.000    0.000    0.817    0.000
    7   0.006    0.286    0.000    0.000    0.000    0.000    0.708


Logits for the Classification Probabilities for the Most Likely Latent Class Membership (Column)
by Latent Class (Row)

              1        2        3        4        5        6        7

    1     10.495    7.640    7.810    0.419    7.026   -3.175    0.000
    2     -1.232    3.654    0.793  -10.046  -10.046    0.201    0.000
    3      9.233   11.520   13.686    7.760    7.963    8.594    0.000
    4      1.553    0.000    7.616   13.744   11.115    0.000    0.000
    5     11.191    2.317   10.814   11.374   13.581    0.000    0.000
    6     -2.073    9.271    8.159   -2.562   -2.562   11.051    0.000
    7     -4.781   -0.906  -10.889  -13.470  -13.470   -9.010    0.000


MODEL RESULTS

                                                    Two-Tailed
                    Estimate       S.E.  Est./S.E.    P-Value

Latent Class 1

 Means
    IDEA               0.159      0.143      1.109      0.268
    MECH              -0.478      0.094     -5.096      0.000
    SR                -0.295      0.136     -2.173      0.030
    GLOB              -1.422      0.152     -9.373      0.000

 Variances
    IDEA               0.287      0.026     10.869      0.000
    MECH               0.050      0.005     10.148      0.000
    SR                 0.475      0.028     17.164      0.000
    GLOB               0.242      0.033      7.345      0.000

Latent Class 2

 Means
    IDEA              -0.128      0.085     -1.506      0.132
    MECH               0.211      0.059      3.579      0.000
    SR                -0.154      0.052     -2.953      0.003
    GLOB              -0.126      0.126     -1.006      0.315

 Variances
    IDEA               0.287      0.026     10.869      0.000
    MECH               0.050      0.005     10.148      0.000
    SR                 0.475      0.028     17.164      0.000
    GLOB               0.242      0.033      7.345      0.000

Latent Class 3

 Means
    IDEA               0.260      0.048      5.426      0.000
    MECH              -0.369      0.041     -9.020      0.000
    SR                 0.099      0.055      1.805      0.071
    GLOB               0.481      0.069      6.918      0.000

 Variances
    IDEA               0.287      0.026     10.869      0.000
    MECH               0.050      0.005     10.148      0.000
    SR                 0.475      0.028     17.164      0.000
    GLOB               0.242      0.033      7.345      0.000

Latent Class 4

 Means
    IDEA               0.465      0.160      2.906      0.004
    MECH              -1.658      0.179     -9.287      0.000
    SR                 0.451      0.264      1.708      0.088
    GLOB               0.036      0.300      0.119      0.905

 Variances
    IDEA               0.287      0.026     10.869      0.000
    MECH               0.050      0.005     10.148      0.000
    SR                 0.475      0.028     17.164      0.000
    GLOB               0.242      0.033      7.345      0.000

Latent Class 5

 Means
    IDEA              -0.138      0.496     -0.277      0.782
    MECH              -1.170      0.133     -8.799      0.000
    SR                 0.223      0.220      1.014      0.311
    GLOB              -0.860      0.427     -2.015      0.044

 Variances
    IDEA               0.287      0.026     10.869      0.000
    MECH               0.050      0.005     10.148      0.000
    SR                 0.475      0.028     17.164      0.000
    GLOB               0.242      0.033      7.345      0.000

Latent Class 6

 Means
    IDEA               0.038      0.036      1.072      0.284
    MECH               0.239      0.014     17.633      0.000
    SR                 0.397      0.097      4.091      0.000
    GLOB               1.202      0.075     16.010      0.000

 Variances
    IDEA               0.287      0.026     10.869      0.000
    MECH               0.050      0.005     10.148      0.000
    SR                 0.475      0.028     17.164      0.000
    GLOB               0.242      0.033      7.345      0.000

Latent Class 7

 Means
    IDEA              -0.374      0.155     -2.418      0.016
    MECH               0.649      0.144      4.520      0.000
    SR                -0.013      0.136     -0.093      0.926
    GLOB              -1.043      0.242     -4.312      0.000

 Variances
    IDEA               0.287      0.026     10.869      0.000
    MECH               0.050      0.005     10.148      0.000
    SR                 0.475      0.028     17.164      0.000
    GLOB               0.242      0.033      7.345      0.000

Categorical Latent Variables

 Means
    C#1               -0.200      0.623     -0.322      0.748
    C#2                1.523      0.666      2.288      0.022
    C#3                1.103      0.739      1.494      0.135
    C#4               -0.816      0.864     -0.944      0.345
    C#5               -0.630      0.748     -0.843      0.399
    C#6                0.356      0.705      0.505      0.614


QUALITY OF NUMERICAL RESULTS

     Condition Number for the Information Matrix              0.237E-04
       (ratio of smallest to largest eigenvalue)


TECHNICAL 11 OUTPUT

     Random Starts Specifications for the k-1 Class Analysis Model
        Number of initial stage random starts                 750
        Number of final stage optimizations                   200



     VUONG-LO-MENDELL-RUBIN LIKELIHOOD RATIO TEST FOR 6 (H0) VERSUS 7 CLASSES

          H0 Loglikelihood Value                        -2684.646
          2 Times the Loglikelihood Difference             46.294
          Difference in the Number of Parameters                5
          Mean                                             91.496
          Standard Deviation                              125.334
          P-Value                                          0.5307

     LO-MENDELL-RUBIN ADJUSTED LRT TEST

          Value                                            44.926
          P-Value                                          0.5389


TECHNICAL 14 OUTPUT

     Random Starts Specifications for the k-1 Class Analysis Model
        Number of initial stage random starts                 750
        Number of final stage optimizations                   200

     Random Starts Specification for the k-1 Class Model for Generated Data
        Number of initial stage random starts                   0
        Number of final stage optimizations for the
           initial stage random starts                          0
     Random Starts Specification for the k Class Model for Generated Data
        Number of initial stage random starts                  40
        Number of final stage optimizations                     8
     Number of bootstrap draws requested                   Varies


     PARAMETRIC BOOTSTRAPPED LIKELIHOOD RATIO TEST FOR 6 (H0) VERSUS 7 CLASSES

          H0 Loglikelihood Value                        -2684.646
          2 Times the Loglikelihood Difference             46.294
          Difference in the Number of Parameters                5
          Approximate P-Value                              0.0000
          Successful Bootstrap Draws                           10


     Beginning Time:  16:11:04
        Ending Time:  16:11:46
       Elapsed Time:  00:00:42



MUTHEN & MUTHEN
3463 Stoner Ave.
Los Angeles, CA  90066

Tel: (310) 391-9971
Fax: (310) 391-8971
Web: www.StatModel.com
Support: Support@StatModel.com

Copyright (c) 1998-2018 Muthen & Muthen
