Mplus VERSION 8.1 (Mac)
MUTHEN & MUTHEN
04/11/2019   8:28 PM

INPUT INSTRUCTIONS

  TITLE: bESEM Multi-Group Dispersional
  DATA: FILE = "besem.alt.mg.lpa.dat";
  VARIABLE:
  NAMES = i id se2 se3 se4 se5 se6 se7 se8 se9 female ethnic ell disability gifted
       grade_level test_score mark glob glob_se idea idea_se mech mech_se sr sr_se
       t_id minority bs as affect concern perf_level writing_tot writing_cat1
       writing_cat2;
  MISSING=.;
  Usevariables = glob idea mech sr;
  knownclass = cg(i = 1 i = 2);
  classes = cg (2) c(3);
  Cluster = t_id;
  Analysis:
  Processor = 6 4;
  Type = Mixture complex;
  Starts = 750 250;
  Model:
  %OVERALL%

  c#1 on cg#1;
  c#2 on cg#1;
  !c#3 on cg#1;
  !c#4 on cg#1;

  %cg#1.c#1%
  [glob idea mech sr] (m1-m4);
  glob idea mech sr (v1-v4);
  %cg#1.c#2%
  [glob idea mech sr] (m5-m8);
  glob idea mech sr (v1-v4);
  %cg#1.c#3%
  [glob idea mech sr] (m9-m12);
  glob idea mech sr(v1-v4);
  !%cg#1.c#4%
  ![glob idea mech sr] (m13-m16);
  !glob idea mech sr (v1-v4);
  !%cg#1.c#5%
  ![glob idea mech sr] (m17-m20);
  !glob idea mech sr (v1-v4);
  %cg#2.c#1%
  [glob idea mech sr] (m1-m4);
  glob idea mech sr (v1-v4);
  %cg#2.c#2%
  [glob idea mech sr] (m5-m8);
  glob idea mech sr (v1-v4);
  %cg#2.c#3%
  [glob idea mech sr] (m9-m12);
  glob idea mech sr (v1-v4);
  !%cg#2.c#4%
  ![glob idea mech sr] (m13-m16);
  !glob idea mech sr (v1-v4);
  !%cg#2.c#5%
  ![glob idea mech sr] (m17-m20);
  !glob idea mech sr (v1-v4);



*** WARNING in MODEL command
  All variables are uncorrelated with all other variables within class.
  Check that this is what is intended.
   1 WARNING(S) FOUND IN THE INPUT INSTRUCTIONS



bESEM Multi-Group Dispersional

SUMMARY OF ANALYSIS

Number of groups                                                 1
Number of observations                                        1466

Number of dependent variables                                    4
Number of independent variables                                  0
Number of continuous latent variables                            0
Number of categorical latent variables                           2

Observed dependent variables

  Continuous
   GLOB        IDEA        MECH        SR

Categorical latent variables
   CG          C

  Knownclass            CG

Variables with special functions

  Cluster variable      T_ID

Estimator                                                      MLR
Information matrix                                        OBSERVED
Optimization Specifications for the Quasi-Newton Algorithm for
Continuous Outcomes
  Maximum number of iterations                                 100
  Convergence criterion                                  0.100D-05
Optimization Specifications for the EM Algorithm
  Maximum number of iterations                                 500
  Convergence criteria
    Loglikelihood change                                 0.100D-06
    Relative loglikelihood change                        0.100D-06
    Derivative                                           0.100D-05
Optimization Specifications for the M step of the EM Algorithm for
Categorical Latent variables
  Number of M step iterations                                    1
  M step convergence criterion                           0.100D-05
  Basis for M step termination                           ITERATION
Optimization Specifications for the M step of the EM Algorithm for
Censored, Binary or Ordered Categorical (Ordinal), Unordered
Categorical (Nominal) and Count Outcomes
  Number of M step iterations                                    1
  M step convergence criterion                           0.100D-05
  Basis for M step termination                           ITERATION
  Maximum value for logit thresholds                            15
  Minimum value for logit thresholds                           -15
  Minimum expected cell size for chi-square              0.100D-01
Maximum number of iterations for H1                           2000
Convergence criterion for H1                             0.100D-03
Optimization algorithm                                         EMA
Random Starts Specifications
  Number of initial stage random starts                        750
  Number of final stage optimizations                          250
  Number of initial stage iterations                            10
  Initial stage convergence criterion                    0.100D+01
  Random starts scale                                    0.500D+01
  Random seed for generating random starts                       0
Parameterization                                             LOGIT

Input data file(s)
  besem.alt.mg.lpa.dat
Input data format  FREE


SUMMARY OF DATA

     Number of missing data patterns             1
     Number of y missing data patterns           1
     Number of u missing data patterns           0
     Number of clusters          39



COVARIANCE COVERAGE OF DATA

Minimum covariance coverage value   0.100


     PROPORTION OF DATA PRESENT FOR Y


           Covariance Coverage
              GLOB          IDEA          MECH          SR
              ________      ________      ________      ________
 GLOB           1.000
 IDEA           1.000         1.000
 MECH           1.000         1.000         1.000
 SR             1.000         1.000         1.000         1.000



UNIVARIATE SAMPLE STATISTICS


     UNIVARIATE HIGHER-ORDER MOMENT DESCRIPTIVE STATISTICS

         Variable/         Mean/     Skewness/   Minimum/ % with                Percentiles
        Sample Size      Variance    Kurtosis    Maximum  Min/Max      20%/60%    40%/80%    Median

     GLOB                 -0.017      -0.100      -2.916    0.07%      -0.772     -0.247     -0.047
            1466.000       0.749      -0.230       1.738    3.34%       0.195      0.727
     IDEA                 -0.017      -0.031      -1.646    0.07%      -0.468     -0.127      0.009
            1466.000       0.290       0.170       1.860    0.07%       0.102      0.405
     MECH                 -0.022      -0.420      -2.342    0.07%      -0.564     -0.224     -0.015
            1466.000       0.450      -0.374       1.372    0.07%       0.245      0.622
     SR                    0.011       0.028      -2.316    0.14%      -0.547     -0.200      0.017
            1466.000       0.471      -0.183       2.211    0.07%       0.181      0.611

RANDOM STARTS RESULTS RANKED FROM THE BEST TO THE WORST LOGLIKELIHOOD VALUES

Final stage loglikelihood values at local maxima, seeds, and initial stage start numbers:

           -6885.998  787985           482
           -6885.998  621542           375
           -6885.998  824956           607
           -6885.998  769907           457
           -6885.998  804660           260
           -6885.998  742609           531
           -6885.998  576726           280
           -6885.998  996231           310
           -6885.998  563584           657
           -6885.998  696830           668
           -6885.998  849670           347
           -6885.998  195763           358
           -6885.998  220492           743
           -6885.998  777045           377
           -6885.998  408713           450
           -6885.998  539751           459
           -6885.998  617243           237
           -6885.998  371246           101
           -6885.998  369602           146
           -6885.998  509733           130
           -6885.998  76451            211
           -6885.998  207896           25
           -6885.998  860772           174
           -6885.998  467339           66
           -6885.998  163110           584
           -6885.998  29591            633
           -6885.998  847088           750
           -6885.998  345726           461
           -6885.998  93468            3
           -6885.998  939021           8
           -6885.998  920593           611
           -6885.998  544048           87
           -6885.998  441191           361
           -6885.998  488125           368
           -6885.998  985387           381
           -6885.998  193569           440
           -6885.998  399848           220
           -6885.998  848890           95
           -6885.998  963053           43
           -6885.998  434915           552
           -6885.998  738393           619
           -6885.998  545108           667
           -6885.998  117391           710
           -6885.998  425982           485
           -6885.998  313407           132
           -6885.998  462228           298
           -6885.998  442072           625
           -6885.998  237332           661
           -6885.998  626208           698
           -6885.998  836066           372
           -6885.998  903633           553
           -6885.998  937885           426
           -6885.998  76974            16
           -6885.998  313306           612
           -6885.998  168762           200
           -6885.998  746978           410
           -6885.998  514326           325
           -6885.998  760850           739
           -6885.998  82357            339
           -6885.998  662718           460
           -6885.998  364676           27
           -6885.998  945065           255
           -6885.998  377504           294
           -6885.998  34346            330
           -6885.998  193847           354
           -6885.998  3307             735
           -6885.998  629320           222
           -6885.998  42523            730
           -6885.998  592219           119
           -6885.998  358074           560
           -6885.998  529455           268
           -6885.998  762461           425
           -6885.998  748692           204
           -6885.998  373815           618
           -6885.998  118421           139
           -6885.998  327475           518
           -6885.998  404042           675
           -6885.998  354559           73
           -6885.998  438144           271
           -6885.998  930872           277
           -6885.998  248742           556
           -6885.998  284384           600
           -6885.998  341041           34
           -6885.998  535063           329
           -6885.998  636396           168
           -6885.998  605358           321
           -6885.998  153053           378
           -6885.998  417035           149
           -6885.998  856536           144
           -6885.998  840031           276
           -6885.998  213189           605
           -6885.998  36714            201
           -6885.998  273992           349
           -6885.998  802682           419
           -6885.998  78862            529
           -6885.998  666720           671
           -6885.998  404426           344
           -6885.998  267983           228
           -6885.998  766903           505
           -6885.998  505244           582
           -6885.998  22089            143
           -6885.998  751054           117
           -6885.998  742688           594
           -6885.998  717754           180
           -6885.998  654136           167
           -6885.998  565819           65
           -6885.998  622860           259
           -6885.998  195353           225
           -6885.998  485483           498
           -6885.998  852283           616
           -6885.998  502495           724
           -6885.998  609185           181
           -6885.998  489927           520
           -6885.998  805935           615
           -6885.998  322790           636
           -6885.998  772131           407
           -6885.998  399380           436
           -6885.998  156536           245
           -6885.998  638611           524
           -6885.998  212934           568
           -6885.998  404510           442
           -6885.998  160326           546
           -6885.998  793035           187
           -6885.998  545140           278
           -6885.998  801717           364
           -6885.998  830392           35
           -6885.998  505879           424
           -6885.998  341519           653
           -6885.998  939709           112
           -6885.998  118438           601
           -6885.998  642909           251
           -6885.998  188498           258
           -6885.998  810705           626
           -6885.998  314034           513
           -6885.998  605161           409
           -6885.998  749635           420
           -6885.998  370957           554
           -6885.998  650371           14
           -6885.998  552272           654
           -6885.998  259507           53
           -6885.998  281558           184
           -6885.998  960438           116
           -6885.998  784664           75
           -6885.998  635245           121
           -6885.998  113138           585
           -6885.998  618760           489
           -6885.998  327140           678
           -6885.998  566739           575
           -6885.998  534864           307
           -6885.998  195873           6
           -6885.998  432148           30
           -6885.998  793487           595
           -6885.998  871851           257
           -6885.998  741484           441
           -6885.998  25127            107
           -6885.998  638977           643
           -6885.998  579995           183
           -6885.998  370481           742
           -6885.998  349263           263
           -6885.998  416463           467
           -6885.998  253358           2
           -6885.998  387701           275
           -6885.998  642386           662
           -6885.998  614535           449
           -6885.998  59674            240
           -6885.998  286735           175
           -6885.998  801065           393
           -6885.998  783165           170
           -6885.998  266340           683
           -6885.998  677720           681
           -6885.998  973369           202
           -6885.998  491970           563
           -6885.998  570782           193
           -6885.998  147440           514
           -6885.998  464179           106
           -6885.998  117731           570
           -6885.998  153394           429
           -6885.998  662983           666
           -6885.998  574412           679
           -6885.998  618000           190
           -6885.998  579138           706
           -6885.998  715561           125
           -6885.998  106561           686
           -6885.998  383986           159
           -6885.998  965994           396
           -6885.998  226322           478
           -6885.998  425929           508
           -6885.998  512403           719
           -6885.998  686384           690
           -6885.998  55115            408
           -6885.998  970689           266
           -6885.998  436460           89
           -6885.998  686482           215
           -6885.998  153942           31
           -6885.998  473942           574
           -6885.998  499150           216
           -6885.998  157351           579
           -6885.998  903420           5
           -6885.998  317640           437
           -6885.998  314084           81
           -6885.998  422103           62
           -6885.998  626087           314
           -6885.998  508482           446
           -6885.998  366706           29
           -6885.998  765392           382
           -6885.998  679832           302
           -6885.998  69413            472
           -6885.998  418686           338
           -6885.998  694303           282
           -6885.998  605565           404
           -6885.998  714997           399
           -6885.998  443442           380
           -6885.998  376411           473
           -6885.998  263268           165
           -6885.998  519357           559
           -6885.998  814975           129
           -6885.998  556929           734
           -6885.998  136842           58
           -6885.998  645664           39
           -6885.998  736574           414
           -6885.998  644297           340
           -6885.998  891531           206
           -6885.998  471040           403
           -6885.998  858804           534
           -6885.998  551639           55
           -6885.998  631413           439
           -6885.998  566687           597
           -6885.998  775884           639
           -6885.998  175199           247
           -6885.998  533738           11
           -6885.998  838615           677
           -6885.998  926762           704
           -6885.998  595153           230
           -6885.998  375590           438
           -6885.998  641794           591
           -6885.998  260953           589
           -6885.998  781190           219
           -6885.998  120506           45
           -6885.998  17896            592
           -6885.998  824126           287
           -6885.998  830570           369
           -6885.998  754100           56
           -6885.998  244349           736
           -6885.998  329127           185
           -6885.998  177936           726
           -6885.998  863094           147
           -6885.998  232226           235
           -6885.998  263221           447
           -6885.998  791396           243
           -6885.998  391179           78



THE BEST LOGLIKELIHOOD VALUE HAS BEEN REPLICATED.  RERUN WITH AT LEAST TWICE THE
RANDOM STARTS TO CHECK THAT THE BEST LOGLIKELIHOOD IS STILL OBTAINED AND REPLICATED.


THE MODEL ESTIMATION TERMINATED NORMALLY



MODEL FIT INFORMATION

Number of Free Parameters                       21

Loglikelihood

          H0 Value                       -6885.998
          H0 Scaling Correction Factor      1.5794
            for MLR

Information Criteria

          Akaike (AIC)                   13813.995
          Bayesian (BIC)                 13925.091
          Sample-Size Adjusted BIC       13858.381
            (n* = (n + 2) / 24)



MODEL RESULTS USE THE LATENT CLASS VARIABLE ORDER

   CG  C

  Latent Class Variable Patterns

         CG         C
      Class     Class

         1         1
         1         2
         1         3
         2         1
         2         2
         2         3


FINAL CLASS COUNTS AND PROPORTIONS FOR THE LATENT CLASS PATTERNS
BASED ON THE ESTIMATED MODEL

  Latent Class
    Pattern

    1  1        376.40965          0.25676
    1  2        215.63893          0.14709
    1  3        141.95142          0.09683
    2  1        374.13208          0.25521
    2  2        240.83700          0.16428
    2  3        117.03091          0.07983


FINAL CLASS COUNTS AND PROPORTIONS FOR EACH LATENT CLASS VARIABLE
BASED ON THE ESTIMATED MODEL

  Latent Class
    Variable    Class

    CG             1       734.00000          0.50068
                   2       731.99994          0.49932
    C              1       750.54175          0.51197
                   2       456.47592          0.31138
                   3       258.98233          0.17666


LATENT TRANSITION PROBABILITIES BASED ON THE ESTIMATED MODEL

  CG Classes (Rows) by C Classes (Columns)

            1        2        3

   1     0.513    0.294    0.193
   2     0.511    0.329    0.160


FINAL CLASS COUNTS AND PROPORTIONS FOR THE LATENT CLASS PATTERNS
BASED ON ESTIMATED POSTERIOR PROBABILITIES

  Latent Class
    Pattern

    1  1        376.40964          0.25676
    1  2        215.63893          0.14709
    1  3        141.95143          0.09683
    2  1        374.13208          0.25521
    2  2        240.83700          0.16428
    2  3        117.03091          0.07983


FINAL CLASS COUNTS AND PROPORTIONS FOR EACH LATENT CLASS VARIABLE
BASED ON ESTIMATED POSTERIOR PROBABILITIES

  Latent Class
    Variable    Class

    CG             1       734.00000          0.50068
                   2       731.99994          0.49932
    C              1       750.54175          0.51197
                   2       456.47592          0.31138
                   3       258.98233          0.17666


FINAL CLASS COUNTS AND PROPORTIONS FOR THE LATENT CLASS PATTERNS
BASED ON THEIR MOST LIKELY LATENT CLASS PATTERN

Class Counts and Proportions

  Latent Class
    Pattern

    1  1              429          0.29263
    1  2              189          0.12892
    1  3              116          0.07913
    2  1              427          0.29127
    2  2              204          0.13915
    2  3              101          0.06889


FINAL CLASS COUNTS AND PROPORTIONS FOR EACH LATENT CLASS VARIABLE
BASED ON THEIR MOST LIKELY LATENT CLASS PATTERN

  Latent Class
    Variable    Class

    CG             1             734          0.50068
                   2             732          0.49932
    C              1             856          0.58390
                   2             393          0.26808
                   3             217          0.14802


CLASSIFICATION QUALITY

     Entropy                         0.743


Average Latent Class Probabilities for Most Likely Latent Class Pattern (Row)
by Latent Class Pattern (Column)

  Latent Class Variable Patterns

  Latent Class         CG         C
   Pattern No.      Class     Class

         1             1         1
         2             1         2
         3             1         3
         4             2         1
         5             2         2
         6             2         3

           1        2        3        4        5        6

    1   0.794    0.103    0.103    0.000    0.000    0.000
    2   0.082    0.884    0.035    0.000    0.000    0.000
    3   0.175    0.039    0.786    0.000    0.000    0.000
    4   0.000    0.000    0.000    0.798    0.117    0.085
    5   0.000    0.000    0.000    0.062    0.910    0.028
    6   0.000    0.000    0.000    0.206    0.052    0.742


MODEL RESULTS

                                                    Two-Tailed
                    Estimate       S.E.  Est./S.E.    P-Value

Latent Class Pattern 1 1

 Means
    GLOB               0.483      0.117      4.110      0.000
    IDEA               0.072      0.034      2.131      0.033
    MECH               0.021      0.040      0.518      0.605
    SR                 0.224      0.103      2.166      0.030

 Variances
    GLOB               0.458      0.027     17.059      0.000
    IDEA               0.155      0.008     19.395      0.000
    MECH               0.415      0.017     24.872      0.000
    SR                 0.399      0.038     10.504      0.000

Latent Class Pattern 1 2

 Means
    GLOB              -0.725      0.077     -9.377      0.000
    IDEA              -0.495      0.049    -10.104      0.000
    MECH               0.128      0.064      1.996      0.046
    SR                -0.041      0.044     -0.920      0.357

 Variances
    GLOB               0.458      0.027     17.059      0.000
    IDEA               0.155      0.008     19.395      0.000
    MECH               0.415      0.017     24.872      0.000
    SR                 0.399      0.038     10.504      0.000

Latent Class Pattern 1 3

 Means
    GLOB              -0.217      0.096     -2.270      0.023
    IDEA               0.566      0.159      3.559      0.000
    MECH              -0.414      0.164     -2.517      0.012
    SR                -0.514      0.083     -6.224      0.000

 Variances
    GLOB               0.458      0.027     17.059      0.000
    IDEA               0.155      0.008     19.395      0.000
    MECH               0.415      0.017     24.872      0.000
    SR                 0.399      0.038     10.504      0.000

Latent Class Pattern 2 1

 Means
    GLOB               0.483      0.117      4.110      0.000
    IDEA               0.072      0.034      2.131      0.033
    MECH               0.021      0.040      0.518      0.605
    SR                 0.224      0.103      2.166      0.030

 Variances
    GLOB               0.458      0.027     17.059      0.000
    IDEA               0.155      0.008     19.395      0.000
    MECH               0.415      0.017     24.872      0.000
    SR                 0.399      0.038     10.504      0.000

Latent Class Pattern 2 2

 Means
    GLOB              -0.725      0.077     -9.377      0.000
    IDEA              -0.495      0.049    -10.104      0.000
    MECH               0.128      0.064      1.996      0.046
    SR                -0.041      0.044     -0.920      0.357

 Variances
    GLOB               0.458      0.027     17.059      0.000
    IDEA               0.155      0.008     19.395      0.000
    MECH               0.415      0.017     24.872      0.000
    SR                 0.399      0.038     10.504      0.000

Latent Class Pattern 2 3

 Means
    GLOB              -0.217      0.096     -2.270      0.023
    IDEA               0.566      0.159      3.559      0.000
    MECH              -0.414      0.164     -2.517      0.012
    SR                -0.514      0.083     -6.224      0.000

 Variances
    GLOB               0.458      0.027     17.059      0.000
    IDEA               0.155      0.008     19.395      0.000
    MECH               0.415      0.017     24.872      0.000
    SR                 0.399      0.038     10.504      0.000

Categorical Latent Variables

 C#1      ON
    CG#1              -0.187      0.215     -0.871      0.384

 C#2      ON
    CG#1              -0.304      0.206     -1.472      0.141

 Means
    CG#1               0.003      0.045      0.061      0.951
    C#1                1.162      0.624      1.863      0.062
    C#2                0.722      0.470      1.536      0.124


QUALITY OF NUMERICAL RESULTS

     Condition Number for the Information Matrix              0.489E-04
       (ratio of smallest to largest eigenvalue)


     Beginning Time:  20:28:18
        Ending Time:  20:28:48
       Elapsed Time:  00:00:30



MUTHEN & MUTHEN
3463 Stoner Ave.
Los Angeles, CA  90066

Tel: (310) 391-9971
Fax: (310) 391-8971
Web: www.StatModel.com
Support: Support@StatModel.com

Copyright (c) 1998-2018 Muthen & Muthen
