Mplus VERSION 8.1 (Mac)
MUTHEN & MUTHEN
04/09/2019   8:09 PM

INPUT INSTRUCTIONS

  TITLE: 3-Calibrate CFA LPA
  DATA: FILE = "calib.cfa.dat";
  VARIABLE:
  NAMES = id se1 se2 se3 se4 se5 se6 se7 se8 se9 female ethnic ell disability gifted
       grade_level test_score mark idea idea_se mech mech_se sr sr_se t_id minority bs
       as affect concern;
  MISSING=.;
  USEVARIABLES = idea mech sr;
  CLASSES = c (3);
  ANALYSIS: TYPE = MIXTURE;
  Starts = 750 200;
  Processors = 6 4;
  OUTPUT:
  TECH11;
  TECH14;



*** WARNING in MODEL command
  All variables are uncorrelated with all other variables within class.
  Check that this is what is intended.
   1 WARNING(S) FOUND IN THE INPUT INSTRUCTIONS



3-Calibrate CFA LPA

SUMMARY OF ANALYSIS

Number of groups                                                 1
Number of observations                                         734

Number of dependent variables                                    3
Number of independent variables                                  0
Number of continuous latent variables                            0
Number of categorical latent variables                           1

Observed dependent variables

  Continuous
   IDEA        MECH        SR

Categorical latent variables
   C


Estimator                                                      MLR
Information matrix                                        OBSERVED
Optimization Specifications for the Quasi-Newton Algorithm for
Continuous Outcomes
  Maximum number of iterations                                 100
  Convergence criterion                                  0.100D-05
Optimization Specifications for the EM Algorithm
  Maximum number of iterations                                 500
  Convergence criteria
    Loglikelihood change                                 0.100D-06
    Relative loglikelihood change                        0.100D-06
    Derivative                                           0.100D-05
Optimization Specifications for the M step of the EM Algorithm for
Categorical Latent variables
  Number of M step iterations                                    1
  M step convergence criterion                           0.100D-05
  Basis for M step termination                           ITERATION
Optimization Specifications for the M step of the EM Algorithm for
Censored, Binary or Ordered Categorical (Ordinal), Unordered
Categorical (Nominal) and Count Outcomes
  Number of M step iterations                                    1
  M step convergence criterion                           0.100D-05
  Basis for M step termination                           ITERATION
  Maximum value for logit thresholds                            15
  Minimum value for logit thresholds                           -15
  Minimum expected cell size for chi-square              0.100D-01
Maximum number of iterations for H1                           2000
Convergence criterion for H1                             0.100D-03
Optimization algorithm                                         EMA
Random Starts Specifications
  Number of initial stage random starts                        750
  Number of final stage optimizations                          200
  Number of initial stage iterations                            10
  Initial stage convergence criterion                    0.100D+01
  Random starts scale                                    0.500D+01
  Random seed for generating random starts                       0

Input data file(s)
  calib.cfa.dat
Input data format  FREE


SUMMARY OF DATA

     Number of missing data patterns             1
     Number of y missing data patterns           1
     Number of u missing data patterns           0


COVARIANCE COVERAGE OF DATA

Minimum covariance coverage value   0.100


     PROPORTION OF DATA PRESENT FOR Y


           Covariance Coverage
              IDEA          MECH          SR
              ________      ________      ________
 IDEA           1.000
 MECH           1.000         1.000
 SR             1.000         1.000         1.000



UNIVARIATE SAMPLE STATISTICS


     UNIVARIATE HIGHER-ORDER MOMENT DESCRIPTIVE STATISTICS

         Variable/         Mean/     Skewness/   Minimum/ % with                Percentiles
        Sample Size      Variance    Kurtosis    Maximum  Min/Max      20%/60%    40%/80%    Median

     IDEA                 -0.016      -0.106      -2.251    0.14%      -0.590     -0.193     -0.025
             734.000       0.445      -0.313       1.300    3.81%       0.158      0.585
     MECH                 -0.044      -0.355      -2.811    0.14%      -0.640     -0.173      0.019
             734.000       0.452      -0.186       1.170    3.81%       0.171      0.535
     SR                   -0.015       0.063      -2.162    0.14%      -0.629     -0.223     -0.030
             734.000       0.540      -0.299       1.542    3.81%       0.156      0.589

RANDOM STARTS RESULTS RANKED FROM THE BEST TO THE WORST LOGLIKELIHOOD VALUES

Final stage loglikelihood values at local maxima, seeds, and initial stage start numbers:

           -1621.817  373702           669
           -1621.817  65651            214
           -1621.817  574942           558
           -1621.817  207896           25
           -1621.817  unperturbed      0
           -1621.817  22089            143
           -1621.817  621542           375
           -1621.817  408713           450
           -1621.817  760878           249
           -1621.817  903420           5
           -1621.817  565819           65
           -1621.817  211281           292
           -1621.817  160326           546
           -1621.817  407108           366
           -1621.817  793035           187
           -1621.817  153942           31
           -1621.817  486646           586
           -1621.817  467339           66
           -1621.817  489927           520
           -1621.817  782821           272
           -1621.817  484406           421
           -1621.817  963053           43
           -1621.817  7959             256
           -1621.817  163110           584
           -1621.817  561664           392
           -1621.817  283492           435
           -1621.817  618760           489
           -1621.817  12477            155
           -1621.817  717754           180
           -1621.817  640833           434
           -1621.817  851945           18
           -1621.817  316165           299
           -1621.817  478421           311
           -1621.817  374219           353
           -1621.817  556929           734
           -1621.817  748692           204
           -1621.817  238906           430
           -1621.817  915642           40
           -1621.817  573096           20
           -1621.817  113138           585
           -1621.817  775884           639
           -1621.817  548673           732
           -1621.817  375590           438
           -1621.817  669634           335
           -1621.817  669639           699
           -1621.817  670281           721
           -1621.817  923437           398
           -1621.817  181293           212
           -1621.817  608849           224
           -1621.817  259507           53
           -1621.817  848590           694
           -1621.817  512403           719
           -1621.817  392418           28
           -1621.817  170954           86
           -1621.817  227563           63
           -1621.817  668003           647
           -1621.817  82357            339
           -1621.817  685657           69
           -1621.817  568405           233
           -1621.817  175199           247
           -1621.817  871851           257
           -1621.817  154575           539
           -1621.817  635245           121
           -1621.817  366706           29
           -1621.817  987090           70
           -1621.817  752476           614
           -1621.817  192191           629
           -1621.817  967902           52
           -1621.817  76337            76
           -1621.817  471398           74
           -1621.817  327475           518
           -1621.817  248742           556
           -1621.817  118438           601
           -1621.817  588923           606
           -1621.817  926762           704
           -1621.817  791285           416
           -1621.817  425929           508
           -1621.817  358074           560
           -1621.817  647617           725
           -1621.817  231400           738
           -1621.817  275475           413
           -1621.817  473942           574
           -1621.817  783102           433
           -1621.817  178475           231
           -1621.817  231281           542
           -1621.817  822698           621
           -1621.817  359578           458
           -1621.817  55115            408
           -1621.817  701525           239
           -1621.817  512836           289
           -1621.817  157351           579
           -1621.817  391179           78
           -1621.817  348637           749
           -1621.817  978061           488
           -1621.817  978781           497
           -1621.817  268217           83
           -1621.817  97158            205
           -1621.817  937885           426
           -1621.817  25127            107
           -1621.817  688839           273
           -1621.817  260953           589
           -1621.817  137305           379
           -1621.817  193569           440
           -1621.817  226322           478
           -1621.817  903369           134
           -1621.817  751153           110
           -1621.817  127215           9
           -1621.817  391949           295
           -1621.817  580181           691
           -1621.817  153053           378
           -1621.817  910224           580
           -1621.817  377504           294
           -1621.817  42523            730
           -1621.817  766903           505
           -1621.817  933578           506
           -1621.817  931874           141
           -1621.817  349263           263
           -1621.817  570782           193
           -1621.817  438144           271
           -1621.817  736574           414
           -1621.817  456213           160
           -1621.817  655497           376
           -1621.817  481835           57
           -1621.817  519357           559
           -1621.817  738393           619
           -1621.817  418686           338
           -1621.817  411615           171
           -1621.817  462953           7
           -1621.817  121425           511
           -1621.817  608460           244
           -1621.817  464179           106
           -1621.817  383986           159
           -1621.817  193847           354
           -1621.817  4091             548
           -1621.817  802256           477
           -1621.817  574412           679
           -1621.817  488581           688
           -1621.817  617243           237
           -1621.817  59674            240
           -1621.817  551639           55
           -1621.817  667250           318
           -1621.817  852283           616
           -1621.817  810705           626
           -1621.817  856612           700
           -1621.817  213532           503
           -1621.817  100874           108
           -1621.817  459221           652
           -1621.817  579138           706
           -1621.817  830392           35
           -1621.817  535063           329
           -1621.817  853195           431
           -1621.817  614535           449
           -1621.817  802779           122
           -1621.817  220454           288
           -1621.817  778953           635
           -1621.817  34346            330
           -1621.817  455617           242
           -1621.817  831410           567
           -1621.817  244349           736
           -1621.817  468036           131
           -1621.817  140849           515
           -1621.817  188498           258
           -1621.817  539389           544
           -1621.817  387701           275
           -1621.817  792389           746
           -1621.817  247912           537
           -1621.817  599729           658
           -1621.817  760850           739
           -1621.817  150531           154
           -1621.817  514326           325
           -1621.817  602797           336
           -1621.817  662718           460
           -1621.817  466971           109
           -1621.817  966014           37
           -1621.817  566739           575
           -1621.817  7195             697
           -1621.817  625191           350
           -1621.817  576596           99
           -1621.817  945065           255
           -1621.817  342019           301
           -1621.817  442072           625
           -1621.817  173191           422
           -1621.817  584397           428
           -1621.817  383979           603
           -1621.817  72866            692
           -1621.817  484687           306
           -1621.817  536551           696
           -1621.817  749635           420
           -1621.817  273992           349
           -1621.817  349562           359
           -1621.817  72662            729
           -1621.817  341041           34
           -1621.817  349360           464
           -1621.817  320494           465
           -1621.817  789985           67
           -1621.817  973369           202
           -1621.817  992389           77
           -1621.817  545140           278
           -1621.817  59963            670
           -1621.817  476393           705



THE BEST LOGLIKELIHOOD VALUE HAS BEEN REPLICATED.  RERUN WITH AT LEAST TWICE THE
RANDOM STARTS TO CHECK THAT THE BEST LOGLIKELIHOOD IS STILL OBTAINED AND REPLICATED.


THE MODEL ESTIMATION TERMINATED NORMALLY



MODEL FIT INFORMATION

Number of Free Parameters                       14

Loglikelihood

          H0 Value                       -1621.817
          H0 Scaling Correction Factor      1.3661
            for MLR

Information Criteria

          Akaike (AIC)                    3271.634
          Bayesian (BIC)                  3336.013
          Sample-Size Adjusted BIC        3291.558
            (n* = (n + 2) / 24)



FINAL CLASS COUNTS AND PROPORTIONS FOR THE LATENT CLASSES
BASED ON THE ESTIMATED MODEL

    Latent
   Classes

       1        190.05904          0.25894
       2        163.24099          0.22240
       3        380.69997          0.51866


FINAL CLASS COUNTS AND PROPORTIONS FOR THE LATENT CLASSES
BASED ON ESTIMATED POSTERIOR PROBABILITIES

    Latent
   Classes

       1        190.05905          0.25894
       2        163.24098          0.22240
       3        380.69997          0.51866


FINAL CLASS COUNTS AND PROPORTIONS FOR THE LATENT CLASSES
BASED ON THEIR MOST LIKELY LATENT CLASS MEMBERSHIP

Class Counts and Proportions

    Latent
   Classes

       1              190          0.25886
       2              164          0.22343
       3              380          0.51771


CLASSIFICATION QUALITY

     Entropy                         0.852


Average Latent Class Probabilities for Most Likely Latent Class Membership (Row)
by Latent Class (Column)

           1        2        3

    1   0.932    0.000    0.068
    2   0.000    0.926    0.074
    3   0.034    0.030    0.936


Classification Probabilities for the Most Likely Latent Class Membership (Column)
by Latent Class (Row)

           1        2        3

    1   0.932    0.000    0.068
    2   0.000    0.930    0.070
    3   0.034    0.032    0.934


Logits for the Classification Probabilities for the Most Likely Latent Class Membership (Column)
by Latent Class (Row)

              1        2        3

    1      2.611  -11.134    0.000
    2    -11.156    2.587    0.000
    3     -3.313   -3.374    0.000


MODEL RESULTS

                                                    Two-Tailed
                    Estimate       S.E.  Est./S.E.    P-Value

Latent Class 1

 Means
    IDEA              -0.835      0.059    -14.101      0.000
    MECH              -0.773      0.059    -13.064      0.000
    SR                -0.855      0.056    -15.149      0.000

 Variances
    IDEA               0.101      0.006     16.272      0.000
    MECH               0.188      0.013     14.062      0.000
    SR                 0.156      0.009     17.361      0.000

Latent Class 2

 Means
    IDEA               0.857      0.055     15.635      0.000
    MECH               0.708      0.055     12.812      0.000
    SR                 0.934      0.069     13.606      0.000

 Variances
    IDEA               0.101      0.006     16.272      0.000
    MECH               0.188      0.013     14.062      0.000
    SR                 0.156      0.009     17.361      0.000

Latent Class 3

 Means
    IDEA               0.018      0.048      0.382      0.702
    MECH              -0.003      0.046     -0.059      0.953
    SR                -0.003      0.053     -0.050      0.960

 Variances
    IDEA               0.101      0.006     16.272      0.000
    MECH               0.188      0.013     14.062      0.000
    SR                 0.156      0.009     17.361      0.000

Categorical Latent Variables

 Means
    C#1               -0.695      0.148     -4.701      0.000
    C#2               -0.847      0.155     -5.464      0.000


QUALITY OF NUMERICAL RESULTS

     Condition Number for the Information Matrix              0.609E-04
       (ratio of smallest to largest eigenvalue)


TECHNICAL 11 OUTPUT

     Random Starts Specifications for the k-1 Class Analysis Model
        Number of initial stage random starts                 750
        Number of final stage optimizations                   200



     VUONG-LO-MENDELL-RUBIN LIKELIHOOD RATIO TEST FOR 2 (H0) VERSUS 3 CLASSES

          H0 Loglikelihood Value                        -1869.684
          2 Times the Loglikelihood Difference            495.733
          Difference in the Number of Parameters                4
          Mean                                             14.917
          Standard Deviation                               66.561
          P-Value                                          0.0002

     LO-MENDELL-RUBIN ADJUSTED LRT TEST

          Value                                           477.637
          P-Value                                          0.0002


TECHNICAL 14 OUTPUT

     Random Starts Specifications for the k-1 Class Analysis Model
        Number of initial stage random starts                 750
        Number of final stage optimizations                   200

     Random Starts Specification for the k-1 Class Model for Generated Data
        Number of initial stage random starts                   0
        Number of final stage optimizations for the
           initial stage random starts                          0
     Random Starts Specification for the k Class Model for Generated Data
        Number of initial stage random starts                  40
        Number of final stage optimizations                     8
     Number of bootstrap draws requested                   Varies


     PARAMETRIC BOOTSTRAPPED LIKELIHOOD RATIO TEST FOR 2 (H0) VERSUS 3 CLASSES

          H0 Loglikelihood Value                        -1869.684
          2 Times the Loglikelihood Difference            495.733
          Difference in the Number of Parameters                4
          Approximate P-Value                              0.0000
          Successful Bootstrap Draws                            5


     Beginning Time:  20:09:49
        Ending Time:  20:09:59
       Elapsed Time:  00:00:10



MUTHEN & MUTHEN
3463 Stoner Ave.
Los Angeles, CA  90066

Tel: (310) 391-9971
Fax: (310) 391-8971
Web: www.StatModel.com
Support: Support@StatModel.com

Copyright (c) 1998-2018 Muthen & Muthen
