Mplus VERSION 8.1 (Mac)
MUTHEN & MUTHEN
04/09/2019   9:37 PM

INPUT INSTRUCTIONS

  TITLE: 4-Calibrate (fixed) CFA LPA
  DATA: FILE = "calib.cfa.dat";
  VARIABLE:
  NAMES = id se1 se2 se3 se4 se5 se6 se7 se8 se9 female ethnic ell disability gifted
       grade_level test_score mark idea idea_se mech mech_se sr sr_se t_id minority bs
       as affect concern;
  MISSING=.;
  USEVARIABLES = idea mech sr;
  CLASSES = c (4);
  ANALYSIS: TYPE = MIXTURE;
  Starts = 0;
  Processors = 6 4;
  Model:
  %OVERALL%

       [ c#1@-0.33914 ];
       [ c#2@0.92405 ];
       [ c#3@0.83886 ];

       %C#1%

       [ idea@-1.06888 ];
       [ mech@-1.01665 ];
       [ sr@-1.12468 ];

       idea@0.06451 (4);
       mech@0.18380 (5);
       sr@0.10400 (6);

       %C#2%

       [ idea@0.24140 ];
       [ mech@0.16650 ];
       [ sr@0.28827 ];

       idea@0.06451 (4);
       mech@0.18380 (5);
       sr@0.10400 (6);

       %C#3%

       [ idea@-0.36899 ];
       [ mech@-0.28248 ];
       [ sr@-0.39872 ];

       idea@0.06451 (4);
       mech@0.18380 (5);
       sr@0.10400 (6);

       %C#4%

       [ idea@0.95689 ];
       [ mech@0.79397 ];
       [ sr@1.02935 ];

       idea@0.06451 (4);
       mech@0.18380 (5);
       sr@0.10400 (6);
  OUTPUT:
  !TECH11;
  !TECH14;
  svalues;



*** WARNING in ANALYSIS command
  The second number in the PROCESSORS option will be ignored because no random
  starts have been requested.
*** WARNING in MODEL command
  All variables are uncorrelated with all other variables within class.
  Check that this is what is intended.
   2 WARNING(S) FOUND IN THE INPUT INSTRUCTIONS



4-Calibrate (fixed) CFA LPA

SUMMARY OF ANALYSIS

Number of groups                                                 1
Number of observations                                         734

Number of dependent variables                                    3
Number of independent variables                                  0
Number of continuous latent variables                            0
Number of categorical latent variables                           1

Observed dependent variables

  Continuous
   IDEA        MECH        SR

Categorical latent variables
   C


Estimator                                                      MLR
Information matrix                                        OBSERVED
Optimization Specifications for the Quasi-Newton Algorithm for
Continuous Outcomes
  Maximum number of iterations                                 100
  Convergence criterion                                  0.100D-05
Optimization Specifications for the EM Algorithm
  Maximum number of iterations                                 500
  Convergence criteria
    Loglikelihood change                                 0.100D-06
    Relative loglikelihood change                        0.100D-06
    Derivative                                           0.100D-05
Optimization Specifications for the M step of the EM Algorithm for
Categorical Latent variables
  Number of M step iterations                                    1
  M step convergence criterion                           0.100D-05
  Basis for M step termination                           ITERATION
Optimization Specifications for the M step of the EM Algorithm for
Censored, Binary or Ordered Categorical (Ordinal), Unordered
Categorical (Nominal) and Count Outcomes
  Number of M step iterations                                    1
  M step convergence criterion                           0.100D-05
  Basis for M step termination                           ITERATION
  Maximum value for logit thresholds                            15
  Minimum value for logit thresholds                           -15
  Minimum expected cell size for chi-square              0.100D-01
Maximum number of iterations for H1                           2000
Convergence criterion for H1                             0.100D-03
Optimization algorithm                                         EMA

Input data file(s)
  calib.cfa.dat
Input data format  FREE


SUMMARY OF DATA

     Number of missing data patterns             1
     Number of y missing data patterns           1
     Number of u missing data patterns           0


COVARIANCE COVERAGE OF DATA

Minimum covariance coverage value   0.100


     PROPORTION OF DATA PRESENT FOR Y


           Covariance Coverage
              IDEA          MECH          SR
              ________      ________      ________
 IDEA           1.000
 MECH           1.000         1.000
 SR             1.000         1.000         1.000



UNIVARIATE SAMPLE STATISTICS


     UNIVARIATE HIGHER-ORDER MOMENT DESCRIPTIVE STATISTICS

         Variable/         Mean/     Skewness/   Minimum/ % with                Percentiles
        Sample Size      Variance    Kurtosis    Maximum  Min/Max      20%/60%    40%/80%    Median

     IDEA                 -0.016      -0.106      -2.251    0.14%      -0.590     -0.193     -0.025
             734.000       0.445      -0.313       1.300    3.81%       0.158      0.585
     MECH                 -0.044      -0.355      -2.811    0.14%      -0.640     -0.173      0.019
             734.000       0.452      -0.186       1.170    3.81%       0.171      0.535
     SR                   -0.015       0.063      -2.162    0.14%      -0.629     -0.223     -0.030
             734.000       0.540      -0.299       1.542    3.81%       0.156      0.589


THE MODEL ESTIMATION TERMINATED NORMALLY



MODEL FIT INFORMATION

Number of Free Parameters                        0

Loglikelihood

          H0 Value                       -1511.973

Information Criteria

          Akaike (AIC)                    3023.945
          Bayesian (BIC)                  3023.945
          Sample-Size Adjusted BIC        3023.945
            (n* = (n + 2) / 24)



FINAL CLASS COUNTS AND PROPORTIONS FOR THE LATENT CLASSES
BASED ON THE ESTIMATED MODEL

    Latent
   Classes

       1         79.88423          0.10883
       2        282.52538          0.38491
       3        259.45373          0.35348
       4        112.13667          0.15277


FINAL CLASS COUNTS AND PROPORTIONS FOR THE LATENT CLASSES
BASED ON ESTIMATED POSTERIOR PROBABILITIES

    Latent
   Classes

       1         98.38451          0.13404
       2        261.65038          0.35647
       3        254.19280          0.34631
       4        119.77230          0.16318


FINAL CLASS COUNTS AND PROPORTIONS FOR THE LATENT CLASSES
BASED ON THEIR MOST LIKELY LATENT CLASS MEMBERSHIP

Class Counts and Proportions

    Latent
   Classes

       1               98          0.13351
       2              258          0.35150
       3              257          0.35014
       4              121          0.16485


CLASSIFICATION QUALITY

     Entropy                         0.854


Average Latent Class Probabilities for Most Likely Latent Class Membership (Row)
by Latent Class (Column)

           1        2        3        4

    1   0.924    0.000    0.076    0.000
    2   0.000    0.917    0.059    0.025
    3   0.031    0.069    0.901    0.000
    4   0.000    0.062    0.000    0.938


Classification Probabilities for the Most Likely Latent Class Membership (Column)
by Latent Class (Row)

           1        2        3        4

    1   0.920    0.000    0.080    0.000
    2   0.000    0.904    0.067    0.029
    3   0.029    0.060    0.911    0.000
    4   0.000    0.053    0.000    0.947


Logits for the Classification Probabilities for the Most Likely Latent Class Membership (Column)
by Latent Class (Row)

              1        2        3        4

    1     13.732    0.000   11.287    0.000
    2    -10.271    3.443    0.846    0.000
    3     10.288   10.998   13.722    0.000
    4    -13.761   -2.886  -13.761    0.000


MODEL RESULTS

                                                    Two-Tailed
                    Estimate       S.E.  Est./S.E.    P-Value

Latent Class 1

 Means
    IDEA              -1.069      0.000    999.000    999.000
    MECH              -1.017      0.000    999.000    999.000
    SR                -1.125      0.000    999.000    999.000

 Variances
    IDEA               0.065      0.000    999.000    999.000
    MECH               0.184      0.000    999.000    999.000
    SR                 0.104      0.000    999.000    999.000

Latent Class 2

 Means
    IDEA               0.241      0.000    999.000    999.000
    MECH               0.167      0.000    999.000    999.000
    SR                 0.288      0.000    999.000    999.000

 Variances
    IDEA               0.065      0.000    999.000    999.000
    MECH               0.184      0.000    999.000    999.000
    SR                 0.104      0.000    999.000    999.000

Latent Class 3

 Means
    IDEA              -0.369      0.000    999.000    999.000
    MECH              -0.282      0.000    999.000    999.000
    SR                -0.399      0.000    999.000    999.000

 Variances
    IDEA               0.065      0.000    999.000    999.000
    MECH               0.184      0.000    999.000    999.000
    SR                 0.104      0.000    999.000    999.000

Latent Class 4

 Means
    IDEA               0.957      0.000    999.000    999.000
    MECH               0.794      0.000    999.000    999.000
    SR                 1.029      0.000    999.000    999.000

 Variances
    IDEA               0.065      0.000    999.000    999.000
    MECH               0.184      0.000    999.000    999.000
    SR                 0.104      0.000    999.000    999.000

Categorical Latent Variables

 Means
    C#1               -0.339      0.000    999.000    999.000
    C#2                0.924      0.000    999.000    999.000
    C#3                0.839      0.000    999.000    999.000


QUALITY OF NUMERICAL RESULTS

     Condition Number for the Information Matrix              0.100E+01
       (ratio of smallest to largest eigenvalue)


MODEL COMMAND WITH FINAL ESTIMATES USED AS STARTING VALUES

     %OVERALL%

     [ c#1@-0.33914 ];
     [ c#2@0.92405 ];
     [ c#3@0.83886 ];

     %C#1%

     [ idea@-1.06888 ];
     [ mech@-1.01665 ];
     [ sr@-1.12468 ];

     idea@0.06451;
     mech@0.18380;
     sr@0.10400;

     %C#2%

     [ idea@0.24140 ];
     [ mech@0.16650 ];
     [ sr@0.28827 ];

     idea@0.06451;
     mech@0.18380;
     sr@0.10400;

     %C#3%

     [ idea@-0.36899 ];
     [ mech@-0.28248 ];
     [ sr@-0.39872 ];

     idea@0.06451;
     mech@0.18380;
     sr@0.10400;

     %C#4%

     [ idea@0.95689 ];
     [ mech@0.79397 ];
     [ sr@1.02935 ];

     idea@0.06451;
     mech@0.18380;
     sr@0.10400;



     Beginning Time:  21:37:44
        Ending Time:  21:37:44
       Elapsed Time:  00:00:00



MUTHEN & MUTHEN
3463 Stoner Ave.
Los Angeles, CA  90066

Tel: (310) 391-9971
Fax: (310) 391-8971
Web: www.StatModel.com
Support: Support@StatModel.com

Copyright (c) 1998-2018 Muthen & Muthen
