Mplus VERSION 8.1 (Mac)
MUTHEN & MUTHEN
04/09/2019   8:10 PM

INPUT INSTRUCTIONS

  TITLE: 5-Calibrate CFA LPA
  DATA: FILE = "calib.cfa.dat";
  VARIABLE:
  NAMES = id se1 se2 se3 se4 se5 se6 se7 se8 se9 female ethnic ell disability gifted
       grade_level test_score mark idea idea_se mech mech_se sr sr_se t_id minority bs
       as affect concern;
  MISSING=.;
  USEVARIABLES = idea mech sr;
  CLASSES = c (5);
  ANALYSIS: TYPE = MIXTURE;
  Starts = 750 200;
  Processors = 6 4;
  OUTPUT:
  TECH11;
  TECH14;



*** WARNING in MODEL command
  All variables are uncorrelated with all other variables within class.
  Check that this is what is intended.
   1 WARNING(S) FOUND IN THE INPUT INSTRUCTIONS



5-Calibrate CFA LPA

SUMMARY OF ANALYSIS

Number of groups                                                 1
Number of observations                                         734

Number of dependent variables                                    3
Number of independent variables                                  0
Number of continuous latent variables                            0
Number of categorical latent variables                           1

Observed dependent variables

  Continuous
   IDEA        MECH        SR

Categorical latent variables
   C


Estimator                                                      MLR
Information matrix                                        OBSERVED
Optimization Specifications for the Quasi-Newton Algorithm for
Continuous Outcomes
  Maximum number of iterations                                 100
  Convergence criterion                                  0.100D-05
Optimization Specifications for the EM Algorithm
  Maximum number of iterations                                 500
  Convergence criteria
    Loglikelihood change                                 0.100D-06
    Relative loglikelihood change                        0.100D-06
    Derivative                                           0.100D-05
Optimization Specifications for the M step of the EM Algorithm for
Categorical Latent variables
  Number of M step iterations                                    1
  M step convergence criterion                           0.100D-05
  Basis for M step termination                           ITERATION
Optimization Specifications for the M step of the EM Algorithm for
Censored, Binary or Ordered Categorical (Ordinal), Unordered
Categorical (Nominal) and Count Outcomes
  Number of M step iterations                                    1
  M step convergence criterion                           0.100D-05
  Basis for M step termination                           ITERATION
  Maximum value for logit thresholds                            15
  Minimum value for logit thresholds                           -15
  Minimum expected cell size for chi-square              0.100D-01
Maximum number of iterations for H1                           2000
Convergence criterion for H1                             0.100D-03
Optimization algorithm                                         EMA
Random Starts Specifications
  Number of initial stage random starts                        750
  Number of final stage optimizations                          200
  Number of initial stage iterations                            10
  Initial stage convergence criterion                    0.100D+01
  Random starts scale                                    0.500D+01
  Random seed for generating random starts                       0

Input data file(s)
  calib.cfa.dat
Input data format  FREE


SUMMARY OF DATA

     Number of missing data patterns             1
     Number of y missing data patterns           1
     Number of u missing data patterns           0


COVARIANCE COVERAGE OF DATA

Minimum covariance coverage value   0.100


     PROPORTION OF DATA PRESENT FOR Y


           Covariance Coverage
              IDEA          MECH          SR
              ________      ________      ________
 IDEA           1.000
 MECH           1.000         1.000
 SR             1.000         1.000         1.000



UNIVARIATE SAMPLE STATISTICS


     UNIVARIATE HIGHER-ORDER MOMENT DESCRIPTIVE STATISTICS

         Variable/         Mean/     Skewness/   Minimum/ % with                Percentiles
        Sample Size      Variance    Kurtosis    Maximum  Min/Max      20%/60%    40%/80%    Median

     IDEA                 -0.016      -0.106      -2.251    0.14%      -0.590     -0.193     -0.025
             734.000       0.445      -0.313       1.300    3.81%       0.158      0.585
     MECH                 -0.044      -0.355      -2.811    0.14%      -0.640     -0.173      0.019
             734.000       0.452      -0.186       1.170    3.81%       0.171      0.535
     SR                   -0.015       0.063      -2.162    0.14%      -0.629     -0.223     -0.030
             734.000       0.540      -0.299       1.542    3.81%       0.156      0.589

RANDOM STARTS RESULTS RANKED FROM THE BEST TO THE WORST LOGLIKELIHOOD VALUES

Final stage loglikelihood values at local maxima, seeds, and initial stage start numbers:

           -1430.506  438144           271
           -1430.506  778953           635
           -1430.506  53621            483
           -1430.506  848163           47
           -1430.506  78862            529
           -1430.506  742609           531
           -1430.506  387701           275
           -1430.506  370957           554
           -1430.506  358074           560
           -1430.506  473942           574
           -1430.506  566739           575
           -1430.506  534864           307
           -1430.506  712702           684
           -1430.506  404426           344
           -1430.506  580181           691
           -1430.506  670281           721
           -1430.506  471040           403
           -1430.506  596257           405
           -1430.506  631413           439
           -1430.506  879211           453
           -1430.506  769907           457
           -1430.506  216565           474
           -1430.506  618760           489
           -1430.506  475420           71
           -1430.506  195873           6
           -1430.506  717754           180
           -1430.506  247224           94
           -1430.506  366706           29
           -1430.506  685657           69
           -1430.506  489927           520
           -1430.506  247912           537
           -1430.506  926283           269
           -1430.506  809240           543
           -1430.506  897782           545
           -1430.506  580405           286
           -1430.506  534483           290
           -1430.506  692169           308
           -1430.506  626087           314
           -1430.506  900268           327
           -1430.506  939870           655
           -1430.506  34346            330
           -1430.506  237332           661
           -1430.506  529496           343
           -1430.506  314757           345
           -1430.506  579138           706
           -1430.506  462821           745
           -1430.506  318177           748
           -1430.506  21345            199
           -1430.506  283492           435
           -1430.506  781190           219
           -1430.506  898745           466
           -1430.506  315029           471
           -1430.506  802256           477
           -1430.506  366533           484
           -1430.506  972430           491
           -1430.506  471438           252
           -1430.506  314084           81
           -1430.506  992389           77
           -1430.506  51375            148
           -1430.506  848890           95
           -1430.506  85462            51
           -1430.506  966014           37
           -1430.506  436460           89
           -1430.506  7959             256
           -1430.506  688839           273
           -1430.506  220454           288
           -1430.506  566687           597
           -1430.506  276102           599
           -1430.506  805935           615
           -1430.506  644297           340
           -1430.506  488581           688
           -1430.506  626208           698
           -1430.506  35191            703
           -1430.506  441191           361
           -1430.506  220492           743
           -1430.506  348637           749
           -1430.506  561664           392
           -1430.506  700349           401
           -1430.506  746978           410
           -1430.506  903369           134
           -1430.506  371737           532
           -1430.506  211281           292
           -1430.506  313306           612
           -1430.506  484687           306
           -1430.506  810705           626
           -1430.506  953843           651
           -1430.506  669639           699
           -1430.506  570782           193
           -1430.506  783102           433
           -1430.506  195353           225
           -1430.506  267983           228
           -1430.506  971693           470
           -1430.506  59674            240
           -1430.506  260601           36
           -1430.506  592219           119
           -1430.506  340112           126
           -1430.506  794236           127
           -1430.506  391179           78
           -1430.506  804660           260
           -1430.506  995875           547
           -1430.506  775884           639
           -1430.506  173440           328
           -1430.506  677062           680
           -1430.506  563002           360
           -1430.506  875667           367
           -1430.506  637095           207
           -1430.506  422103           62
           -1430.506  371246           101
           -1430.506  22089            143
           -1430.506  93468            3
           -1430.506  407168           44
           -1430.506  529455           268
           -1430.506  4091             548
           -1430.506  512836           289
           -1430.506  341519           653
           -1430.506  213532           503
           -1430.506  471398           74
           -1430.506  322790           636
           -1430.506  647617           725
           -1430.506  42523            730
           -1430.506  244349           736
           -1430.506  496881           192
           -1430.506  399508           415
           -1430.506  443917           60
           -1430.506  972873           157
           -1430.506  152496           123
           -1430.506  264081           186
           -1430.506  848331           137
           -1430.506  751153           110
           -1430.506  605358           321
           -1430.506  614535           449
           -1430.506  539389           544
           -1430.506  81117            305
           -1430.506  856612           700
           -1430.506  395754           388
           -1430.506  175199           247
           -1430.506  650354           577
           -1430.506  582296           452
           -1430.506  915642           40
           -1430.506  804104           566
           -1430.506  217744           326
           -1430.506  512403           719
           -1430.506  137305           379
           -1430.506  922596           456
           -1430.506  783110           72
           -1430.506  761633           50
           -1430.506  941525           609
           -1430.506  551639           55
           -1430.506  575700           100
           -1430.506  113138           585
           -1430.506  638977           643
           -1430.506  507154           387
           -1430.506  714997           399
           -1430.506  193042           316
           -1430.506  965639           463
           -1430.506  130011           587
           -1430.506  unperturbed      0
           -1430.506  72662            729
           -1430.506  107446           12
           -1430.506  570908           98
           -1430.506  629320           222
           -1430.506  521575           313
           -1430.506  197223           332
           -1447.644  995249           525
           -1447.644  822698           621
           -1447.644  136842           58
           -1447.644  789985           67
           -1447.644  466971           109
           -1447.644  903633           553
           -1447.644  505244           582
           -1447.644  691041           590
           -1447.644  881886           608
           -1447.644  442072           625
           -1447.644  668003           647
           -1447.644  350608           334
           -1447.644  534193           689
           -1447.644  76451            211
           -1447.644  931874           141
           -1447.644  851945           18
           -1447.644  373815           618
           -1447.644  879338           309
           -1447.644  29591            633
           -1447.644  614009           317
           -1447.644  373702           669
           -1447.644  609089           241
           -1447.644  654136           167
           -1447.644  402224           91
           -1447.644  831410           567
           -1447.644  971853           402
           -1447.644  351622           551
           -1447.644  50887            389
           -1447.644  569131           26
           -1447.644  282464           283
           -1447.644  268217           83
           -1447.644  252346           528
           -1447.644  392766           331
           -1447.644  383986           159
           -1492.137  518828           432
           -1492.137  275475           413
           -1492.137  378393           509



THE BEST LOGLIKELIHOOD VALUE HAS BEEN REPLICATED.  RERUN WITH AT LEAST TWICE THE
RANDOM STARTS TO CHECK THAT THE BEST LOGLIKELIHOOD IS STILL OBTAINED AND REPLICATED.


THE MODEL ESTIMATION TERMINATED NORMALLY



MODEL FIT INFORMATION

Number of Free Parameters                       22

Loglikelihood

          H0 Value                       -1430.506
          H0 Scaling Correction Factor      2.6828
            for MLR

Information Criteria

          Akaike (AIC)                    2905.011
          Bayesian (BIC)                  3006.178
          Sample-Size Adjusted BIC        2936.321
            (n* = (n + 2) / 24)



FINAL CLASS COUNTS AND PROPORTIONS FOR THE LATENT CLASSES
BASED ON THE ESTIMATED MODEL

    Latent
   Classes

       1        140.91244          0.19198
       2         23.13307          0.03152
       3        257.13960          0.35033
       4        218.69311          0.29795
       5         94.12178          0.12823


FINAL CLASS COUNTS AND PROPORTIONS FOR THE LATENT CLASSES
BASED ON ESTIMATED POSTERIOR PROBABILITIES

    Latent
   Classes

       1        140.91244          0.19198
       2         23.13307          0.03152
       3        257.13960          0.35033
       4        218.69311          0.29795
       5         94.12178          0.12823


FINAL CLASS COUNTS AND PROPORTIONS FOR THE LATENT CLASSES
BASED ON THEIR MOST LIKELY LATENT CLASS MEMBERSHIP

Class Counts and Proportions

    Latent
   Classes

       1              141          0.19210
       2               24          0.03270
       3              263          0.35831
       4              208          0.28338
       5               98          0.13351


CLASSIFICATION QUALITY

     Entropy                         0.866


Average Latent Class Probabilities for Most Likely Latent Class Membership (Row)
by Latent Class (Column)

           1        2        3        4        5

    1   0.908    0.020    0.073    0.000    0.000
    2   0.152    0.848    0.000    0.000    0.000
    3   0.035    0.000    0.898    0.067    0.000
    4   0.000    0.000    0.051    0.925    0.024
    5   0.000    0.000    0.000    0.090    0.910


Classification Probabilities for the Most Likely Latent Class Membership (Column)
by Latent Class (Row)

           1        2        3        4        5

    1   0.908    0.026    0.066    0.000    0.000
    2   0.121    0.879    0.000    0.000    0.000
    3   0.040    0.000    0.918    0.042    0.000
    4   0.000    0.000    0.080    0.879    0.041
    5   0.000    0.000    0.000    0.053    0.947


Logits for the Classification Probabilities for the Most Likely Latent Class Membership (Column)
by Latent Class (Row)

              1        2        3        4        5

    1     13.719   10.165   11.097    0.000    0.000
    2     11.701   13.687    0.000    0.000    0.000
    3     10.593    0.000   13.730   10.637    0.000
    4    -10.609  -10.609    0.682    3.078    0.000
    5    -13.761  -13.761  -13.761   -2.885    0.000


MODEL RESULTS

                                                    Two-Tailed
                    Estimate       S.E.  Est./S.E.    P-Value

Latent Class 1

 Means
    IDEA              -0.817      0.307     -2.659      0.008
    MECH              -0.709      0.279     -2.543      0.011
    SR                -0.826      0.272     -3.035      0.002

 Variances
    IDEA               0.051      0.006      8.466      0.000
    MECH               0.180      0.012     15.466      0.000
    SR                 0.096      0.013      7.370      0.000

Latent Class 2

 Means
    IDEA              -1.451      0.668     -2.173      0.030
    MECH              -1.312      0.675     -1.943      0.052
    SR                -1.480      0.744     -1.990      0.047

 Variances
    IDEA               0.051      0.006      8.466      0.000
    MECH               0.180      0.012     15.466      0.000
    SR                 0.096      0.013      7.370      0.000

Latent Class 3

 Means
    IDEA              -0.189      0.151     -1.248      0.212
    MECH              -0.154      0.140     -1.103      0.270
    SR                -0.231      0.164     -1.413      0.158

 Variances
    IDEA               0.051      0.006      8.466      0.000
    MECH               0.180      0.012     15.466      0.000
    SR                 0.096      0.013      7.370      0.000

Latent Class 4

 Means
    IDEA               0.399      0.132      3.026      0.002
    MECH               0.259      0.097      2.661      0.008
    SR                 0.407      0.142      2.869      0.004

 Variances
    IDEA               0.051      0.006      8.466      0.000
    MECH               0.180      0.012     15.466      0.000
    SR                 0.096      0.013      7.370      0.000

Latent Class 5

 Means
    IDEA               1.043      0.094     11.056      0.000
    MECH               0.860      0.081     10.668      0.000
    SR                 1.170      0.138      8.467      0.000

 Variances
    IDEA               0.051      0.006      8.466      0.000
    MECH               0.180      0.012     15.466      0.000
    SR                 0.096      0.013      7.370      0.000

Categorical Latent Variables

 Means
    C#1                0.404      0.428      0.943      0.346
    C#2               -1.403      2.713     -0.517      0.605
    C#3                1.005      0.340      2.956      0.003
    C#4                0.843      0.243      3.464      0.001


QUALITY OF NUMERICAL RESULTS

     Condition Number for the Information Matrix              0.335E-04
       (ratio of smallest to largest eigenvalue)


TECHNICAL 11 OUTPUT

     Random Starts Specifications for the k-1 Class Analysis Model
        Number of initial stage random starts                 750
        Number of final stage optimizations                   200



     VUONG-LO-MENDELL-RUBIN LIKELIHOOD RATIO TEST FOR 4 (H0) VERSUS 5 CLASSES

          H0 Loglikelihood Value                        -1493.890
          2 Times the Loglikelihood Difference            126.768
          Difference in the Number of Parameters                4
          Mean                                           1150.820
          Standard Deviation                             1638.239
          P-Value                                          0.7394

     LO-MENDELL-RUBIN ADJUSTED LRT TEST

          Value                                           122.141
          P-Value                                          0.7438


TECHNICAL 14 OUTPUT

     Random Starts Specifications for the k-1 Class Analysis Model
        Number of initial stage random starts                 750
        Number of final stage optimizations                   200

     Random Starts Specification for the k-1 Class Model for Generated Data
        Number of initial stage random starts                   0
        Number of final stage optimizations for the
           initial stage random starts                          0
     Random Starts Specification for the k Class Model for Generated Data
        Number of initial stage random starts                  40
        Number of final stage optimizations                     8
     Number of bootstrap draws requested                   Varies


     PARAMETRIC BOOTSTRAPPED LIKELIHOOD RATIO TEST FOR 4 (H0) VERSUS 5 CLASSES

          H0 Loglikelihood Value                        -1493.890
          2 Times the Loglikelihood Difference            126.768
          Difference in the Number of Parameters                4
          Approximate P-Value                              0.0000
          Successful Bootstrap Draws                            5

     WARNING:  OF THE 5 BOOTSTRAP DRAWS, 3 DRAWS HAD BOTH A SMALLER LRT VALUE THAN THE
     OBSERVED LRT VALUE AND NOT A REPLICATED BEST LOGLIKELIHOOD VALUE FOR THE 5-CLASS MODEL.
     THIS MEANS THAT THE P-VALUE MAY NOT BE TRUSTWORTHY DUE TO LOCAL MAXIMA.
     INCREASE THE NUMBER OF RANDOM STARTS USING THE LRTSTARTS OPTION.



     Beginning Time:  20:10:14
        Ending Time:  20:10:34
       Elapsed Time:  00:00:20



MUTHEN & MUTHEN
3463 Stoner Ave.
Los Angeles, CA  90066

Tel: (310) 391-9971
Fax: (310) 391-8971
Web: www.StatModel.com
Support: Support@StatModel.com

Copyright (c) 1998-2018 Muthen & Muthen
