Mplus VERSION 8.1 (Mac)
MUTHEN & MUTHEN
04/11/2019   6:17 PM

INPUT INSTRUCTIONS

  TITLE: 3-Calibrate Alt bESEM LPA
  DATA: FILE = "calib.besem.alt.dat";
  VARIABLE:
  NAMES = id se2 se3 se4 se5 se6 se7 se8 se9 female ethnic ell disability gifted
       grade_level test_score mark glob glob_se idea idea_se mech mech_se sr sr_se
       t_id minority bs as affect concern perf_level writing_tot writing_cat1
       writing_cat2;
  MISSING=.;
  USEVARIABLES = glob idea mech sr;
  CLASSES = c (3);
  ANALYSIS: TYPE = MIXTURE;
  Starts = 750 200;
  Processors = 6 4;
  OUTPUT:
  TECH11;
  TECH14;
  svalues;




*** WARNING in MODEL command
  All variables are uncorrelated with all other variables within class.
  Check that this is what is intended.
   1 WARNING(S) FOUND IN THE INPUT INSTRUCTIONS



3-Calibrate Alt bESEM LPA

SUMMARY OF ANALYSIS

Number of groups                                                 1
Number of observations                                         734

Number of dependent variables                                    4
Number of independent variables                                  0
Number of continuous latent variables                            0
Number of categorical latent variables                           1

Observed dependent variables

  Continuous
   GLOB        IDEA        MECH        SR

Categorical latent variables
   C


Estimator                                                      MLR
Information matrix                                        OBSERVED
Optimization Specifications for the Quasi-Newton Algorithm for
Continuous Outcomes
  Maximum number of iterations                                 100
  Convergence criterion                                  0.100D-05
Optimization Specifications for the EM Algorithm
  Maximum number of iterations                                 500
  Convergence criteria
    Loglikelihood change                                 0.100D-06
    Relative loglikelihood change                        0.100D-06
    Derivative                                           0.100D-05
Optimization Specifications for the M step of the EM Algorithm for
Categorical Latent variables
  Number of M step iterations                                    1
  M step convergence criterion                           0.100D-05
  Basis for M step termination                           ITERATION
Optimization Specifications for the M step of the EM Algorithm for
Censored, Binary or Ordered Categorical (Ordinal), Unordered
Categorical (Nominal) and Count Outcomes
  Number of M step iterations                                    1
  M step convergence criterion                           0.100D-05
  Basis for M step termination                           ITERATION
  Maximum value for logit thresholds                            15
  Minimum value for logit thresholds                           -15
  Minimum expected cell size for chi-square              0.100D-01
Maximum number of iterations for H1                           2000
Convergence criterion for H1                             0.100D-03
Optimization algorithm                                         EMA
Random Starts Specifications
  Number of initial stage random starts                        750
  Number of final stage optimizations                          200
  Number of initial stage iterations                            10
  Initial stage convergence criterion                    0.100D+01
  Random starts scale                                    0.500D+01
  Random seed for generating random starts                       0

Input data file(s)
  calib.besem.alt.dat
Input data format  FREE


SUMMARY OF DATA

     Number of missing data patterns             1
     Number of y missing data patterns           1
     Number of u missing data patterns           0


COVARIANCE COVERAGE OF DATA

Minimum covariance coverage value   0.100


     PROPORTION OF DATA PRESENT FOR Y


           Covariance Coverage
              GLOB          IDEA          MECH          SR
              ________      ________      ________      ________
 GLOB           1.000
 IDEA           1.000         1.000
 MECH           1.000         1.000         1.000
 SR             1.000         1.000         1.000         1.000



UNIVARIATE SAMPLE STATISTICS


     UNIVARIATE HIGHER-ORDER MOMENT DESCRIPTIVE STATISTICS

         Variable/         Mean/     Skewness/   Minimum/ % with                Percentiles
        Sample Size      Variance    Kurtosis    Maximum  Min/Max      20%/60%    40%/80%    Median

     GLOB                 -0.012      -0.128      -2.742    0.14%      -0.722     -0.238     -0.053
             734.000       0.722      -0.120       1.738    3.00%       0.201      0.722
     IDEA                  0.010       0.075      -1.636    0.14%      -0.461     -0.106      0.043
             734.000       0.296       0.284       1.860    0.14%       0.148      0.457
     MECH                 -0.043      -0.440      -2.342    0.14%      -0.548     -0.232     -0.053
             734.000       0.457      -0.231       1.372    0.14%       0.175      0.606
     SR                    0.002       0.036      -2.316    0.14%      -0.618     -0.214      0.016
             734.000       0.474      -0.244       2.211    0.14%       0.176      0.611

RANDOM STARTS RESULTS RANKED FROM THE BEST TO THE WORST LOGLIKELIHOOD VALUES

Final stage loglikelihood values at local maxima, seeds, and initial stage start numbers:

           -2938.864  920593           611
           -2938.864  746978           410
           -2938.864  17359            227
           -2938.864  329127           185
           -2938.864  78862            529
           -2938.864  442072           625
           -2938.864  117391           710
           -2938.864  556929           734
           -2938.864  505879           424
           -2938.864  76974            16
           -2938.864  738393           619
           -2938.864  22075            659
           -2938.864  137377           397
           -2938.864  576726           280
           -2938.864  153053           378
           -2938.864  605565           404
           -2938.864  748692           204
           -2938.864  354395           486
           -2938.864  371246           101
           -2938.864  635245           121
           -2938.864  113138           585
           -2938.864  654136           167
           -2938.864  804660           260
           -2938.864  996231           310
           -2938.864  717754           180
           -2938.864  341041           34
           -2938.864  391949           295
           -2938.864  985387           381
           -2938.864  736574           414
           -2938.864  769907           457
           -2938.864  805935           615
           -2938.864  696830           668
           -2938.864  407108           366
           -2938.864  760850           739
           -2938.864  508482           446
           -2938.864  217744           326
           -2938.864  621542           375
           -2938.864  686482           215
           -2938.864  741484           441
           -2938.864  253358           2
           -2938.864  970689           266
           -2938.864  534193           689
           -2938.864  55115            408
           -2938.864  791396           243
           -2938.864  156536           245
           -2938.864  489927           520
           -2938.864  342019           301
           -2938.864  552272           654
           -2938.864  965994           396
           -2938.864  160326           546
           -2938.864  614535           449
           -2938.864  595153           230
           -2938.864  404426           344
           -2938.864  579138           706
           -2938.864  715561           125
           -2938.864  505244           582
           -2938.864  618000           190
           -2938.864  631413           439
           -2938.864  53621            483
           -2938.864  425929           508
           -2938.864  286735           175
           -2938.864  801065           393
           -2938.864  153394           429
           -2938.864  373815           618
           -2938.864  642386           662
           -2938.864  443442           380
           -2938.864  605161           409
           -2938.864  642909           251
           -2938.864  364676           27
           -2938.864  765392           382
           -2938.864  918558           412
           -2938.864  464179           106
           -2938.864  715255           523
           -2938.864  172913           557
           -2938.864  765586           709
           -2938.864  539751           459
           -2938.864  766903           505
           -2938.864  860772           174
           -2938.864  534864           307
           -2938.864  408713           450
           -2938.864  802779           122
           -2938.864  246575           291
           -2938.864  29591            633
           -2938.864  42523            730
           -2938.864  688839           273
           -2938.864  563584           657
           -2938.864  49293            707
           -2938.864  903420           5
           -2938.864  147440           514
           -2938.864  622860           259
           -2938.864  742688           594
           -2938.864  266340           683
           -2938.864  106561           686
           -2938.864  777045           377
           -2938.864  772131           407
           -2938.864  59674            240
           -2938.864  939709           112
           -2938.864  947714           573
           -2938.864  17896            592
           -2938.864  399508           415
           -2938.864  569131           26
           -2938.864  263268           165
           -2938.864  499150           216
           -2938.864  960438           116
           -2938.864  668003           647
           -2938.864  926762           704
           -2938.864  488125           368
           -2938.864  830292           527
           -2938.864  506886           576
           -2938.864  787985           482
           -2938.864  626891           32
           -2938.864  945065           255
           -2938.864  438144           271
           -2938.864  644297           340
           -2938.864  220454           288
           -2938.864  316165           299
           -2938.864  92091            649
           -2938.864  425982           485
           -2938.864  375590           438
           -2938.864  783165           170
           -2938.864  605358           321
           -2938.864  82357            339
           -2938.864  267983           228
           -2938.864  153942           31
           -2938.864  207896           25
           -2938.864  814975           129
           -2938.864  982520           737
           -2938.864  422103           62
           -2938.864  471040           403
           -2938.864  416463           467
           -2938.864  863094           147
           -2938.864  157351           579
           -2938.864  168762           200
           -2938.864  830392           35
           -2938.864  163110           584
           -2938.864  297518           166
           -2938.864  810705           626
           -2938.864  120506           45
           -2938.864  188498           258
           -2938.864  220492           743
           -2938.864  775884           639
           -2938.864  641794           591
           -2938.864  396795           323
           -2938.864  609185           181
           -2938.864  645664           39
           -2938.864  387701           275
           -2938.864  751054           117
           -2938.864  871851           257
           -2938.864  244349           736
           -2938.864  509733           130
           -2938.864  788796           145
           -2938.864  666720           671
           -2938.864  545140           278
           -2938.864  702492           718
           -2938.864  193847           354
           -2938.864  485483           498
           -2938.864  544048           87
           -2938.864  617243           237
           -2938.864  521575           313
           -2938.864  194143           510
           -2938.864  793487           595
           -2938.864  136842           58
           -2938.864  849670           347
           -2938.864  618760           489
           -2938.864  579995           183
           -2938.864  177936           726
           -2938.864  359578           458
           -2938.864  314034           513
           -2938.864  434915           552
           -2938.864  551639           55
           -2938.864  399848           220
           -2938.864  629320           222
           -2938.864  416250           390
           -2938.864  68985            17
           -2938.864  838615           677
           -2938.864  636396           168
           -2938.864  784664           75
           -2938.864  677720           681
           -2938.864  754100           56
           -2938.864  415502           194
           -2938.864  686384           690
           -2938.864  117731           570
           -2938.864  467339           66
           -2938.864  273992           349
           -2938.864  22089            143
           -2938.864  212934           568
           -2938.864  404510           442
           -2938.864  391179           78
           -2938.864  348637           749
           -2938.864  638977           643
           -2938.864  484501           163
           -2938.864  570782           193
           -2938.864  848890           95
           -2938.864  281558           184
           -2938.864  514326           325
           -2938.864  902278           21
           -2938.864  679832           302
           -2938.864  3307             735
           -2938.864  714997           399
           -2938.864  565819           65



THE BEST LOGLIKELIHOOD VALUE HAS BEEN REPLICATED.  RERUN WITH AT LEAST TWICE THE
RANDOM STARTS TO CHECK THAT THE BEST LOGLIKELIHOOD IS STILL OBTAINED AND REPLICATED.


THE MODEL ESTIMATION TERMINATED NORMALLY



MODEL FIT INFORMATION

Number of Free Parameters                       18

Loglikelihood

          H0 Value                       -2938.864
          H0 Scaling Correction Factor      1.2262
            for MLR

Information Criteria

          Akaike (AIC)                    5913.728
          Bayesian (BIC)                  5996.501
          Sample-Size Adjusted BIC        5939.345
            (n* = (n + 2) / 24)



FINAL CLASS COUNTS AND PROPORTIONS FOR THE LATENT CLASSES
BASED ON THE ESTIMATED MODEL

    Latent
   Classes

       1        239.61874          0.32646
       2         71.21417          0.09702
       3        423.16708          0.57652


FINAL CLASS COUNTS AND PROPORTIONS FOR THE LATENT CLASSES
BASED ON ESTIMATED POSTERIOR PROBABILITIES

    Latent
   Classes

       1        239.61874          0.32646
       2         71.21417          0.09702
       3        423.16708          0.57652


FINAL CLASS COUNTS AND PROPORTIONS FOR THE LATENT CLASSES
BASED ON THEIR MOST LIKELY LATENT CLASS MEMBERSHIP

Class Counts and Proportions

    Latent
   Classes

       1              191          0.26022
       2               61          0.08311
       3              482          0.65668


CLASSIFICATION QUALITY

     Entropy                         0.643


Average Latent Class Probabilities for Most Likely Latent Class Membership (Row)
by Latent Class (Column)

           1        2        3

    1   0.906    0.014    0.080
    2   0.023    0.815    0.163
    3   0.135    0.039    0.825


Classification Probabilities for the Most Likely Latent Class Membership (Column)
by Latent Class (Row)

           1        2        3

    1   0.722    0.006    0.272
    2   0.037    0.698    0.265
    3   0.036    0.023    0.940


Logits for the Classification Probabilities for the Most Likely Latent Class Membership (Column)
by Latent Class (Row)

              1        2        3

    1      0.975   -3.857    0.000
    2     -1.962    0.969    0.000
    3     -3.254   -3.691    0.000


MODEL RESULTS

                                                    Two-Tailed
                    Estimate       S.E.  Est./S.E.    P-Value

Latent Class 1

 Means
    GLOB              -0.634      0.085     -7.498      0.000
    IDEA              -0.457      0.079     -5.792      0.000
    MECH               0.122      0.058      2.095      0.036
    SR                -0.012      0.073     -0.169      0.866

 Variances
    GLOB               0.461      0.046     10.071      0.000
    IDEA               0.155      0.017      9.083      0.000
    MECH               0.410      0.027     15.055      0.000
    SR                 0.427      0.028     15.418      0.000

Latent Class 2

 Means
    GLOB              -0.518      0.168     -3.089      0.002
    IDEA               0.788      0.182      4.320      0.000
    MECH              -0.670      0.175     -3.832      0.000
    SR                -0.635      0.127     -4.983      0.000

 Variances
    GLOB               0.461      0.046     10.071      0.000
    IDEA               0.155      0.017      9.083      0.000
    MECH               0.410      0.027     15.055      0.000
    SR                 0.427      0.028     15.418      0.000

Latent Class 3

 Means
    GLOB               0.425      0.098      4.333      0.000
    IDEA               0.143      0.034      4.184      0.000
    MECH              -0.032      0.051     -0.615      0.539
    SR                 0.117      0.065      1.792      0.073

 Variances
    GLOB               0.461      0.046     10.071      0.000
    IDEA               0.155      0.017      9.083      0.000
    MECH               0.410      0.027     15.055      0.000
    SR                 0.427      0.028     15.418      0.000

Categorical Latent Variables

 Means
    C#1               -0.569      0.284     -2.001      0.045
    C#2               -1.782      0.473     -3.764      0.000


QUALITY OF NUMERICAL RESULTS

     Condition Number for the Information Matrix              0.924E-03
       (ratio of smallest to largest eigenvalue)


MODEL COMMAND WITH FINAL ESTIMATES USED AS STARTING VALUES

     %OVERALL%

     [ c#1*-0.56872 ];
     [ c#2*-1.78208 ];

     %C#1%

     [ glob*-0.63384 ];
     [ idea*-0.45700 ];
     [ mech*0.12168 ];
     [ sr*-0.01234 ];

     glob*0.46073 (5);
     idea*0.15538 (6);
     mech*0.41042 (7);
     sr*0.42685 (8);

     %C#2%

     [ glob*-0.51764 ];
     [ idea*0.78775 ];
     [ mech*-0.66980 ];
     [ sr*-0.63459 ];

     glob*0.46073 (5);
     idea*0.15538 (6);
     mech*0.41042 (7);
     sr*0.42685 (8);

     %C#3%

     [ glob*0.42538 ];
     [ idea*0.14321 ];
     [ mech*-0.03163 ];
     [ sr*0.11699 ];

     glob*0.46073 (5);
     idea*0.15538 (6);
     mech*0.41042 (7);
     sr*0.42685 (8);



TECHNICAL 11 OUTPUT

     Random Starts Specifications for the k-1 Class Analysis Model
        Number of initial stage random starts                 750
        Number of final stage optimizations                   200



     VUONG-LO-MENDELL-RUBIN LIKELIHOOD RATIO TEST FOR 2 (H0) VERSUS 3 CLASSES

          H0 Loglikelihood Value                        -2996.172
          2 Times the Loglikelihood Difference            114.617
          Difference in the Number of Parameters                5
          Mean                                             21.060
          Standard Deviation                               22.734
          P-Value                                          0.0051

     LO-MENDELL-RUBIN ADJUSTED LRT TEST

          Value                                           111.245
          P-Value                                          0.0059


TECHNICAL 14 OUTPUT

     Random Starts Specifications for the k-1 Class Analysis Model
        Number of initial stage random starts                 750
        Number of final stage optimizations                   200

     Random Starts Specification for the k-1 Class Model for Generated Data
        Number of initial stage random starts                   0
        Number of final stage optimizations for the
           initial stage random starts                          0
     Random Starts Specification for the k Class Model for Generated Data
        Number of initial stage random starts                  40
        Number of final stage optimizations                     8
     Number of bootstrap draws requested                   Varies


     PARAMETRIC BOOTSTRAPPED LIKELIHOOD RATIO TEST FOR 2 (H0) VERSUS 3 CLASSES

          H0 Loglikelihood Value                        -2996.172
          2 Times the Loglikelihood Difference            114.617
          Difference in the Number of Parameters                5
          Approximate P-Value                              0.0000
          Successful Bootstrap Draws                            5


     Beginning Time:  18:17:29
        Ending Time:  18:18:02
       Elapsed Time:  00:00:33



MUTHEN & MUTHEN
3463 Stoner Ave.
Los Angeles, CA  90066

Tel: (310) 391-9971
Fax: (310) 391-8971
Web: www.StatModel.com
Support: Support@StatModel.com

Copyright (c) 1998-2018 Muthen & Muthen
