Mplus VERSION 8.1 (Mac)
MUTHEN & MUTHEN
04/11/2019   7:51 PM

INPUT INSTRUCTIONS

  TITLE: 4-Calibrate Alt (fixed) bESEM LPA
  DATA: FILE = "calib.besem.alt.dat";
  VARIABLE:
  NAMES = id se2 se3 se4 se5 se6 se7 se8 se9 female ethnic ell disability gifted
       grade_level test_score mark glob glob_se idea idea_se mech mech_se sr sr_se
       t_id minority bs as affect concern perf_level writing_tot writing_cat1
       writing_cat2;
  MISSING=.;
  USEVARIABLES = glob idea mech sr;
  CLASSES = c (4);
  ANALYSIS: TYPE = MIXTURE;
  Starts = 0;
  Processors = 6 4;
  Model:

       %OVERALL%

       [ c#1@-0.89236 ];
       [ c#2@-0.46375 ];
       [ c#3@-0.97850 ];

       %C#1%

       [ glob@-0.81882 ];
       [ idea@-0.78946 ];
       [ mech@0.09361 ];
       [ sr@0.19327 ];

       glob@0.46271 (5);
       idea@0.10684 (6);
       mech@0.41199 (7);
       sr@0.32063 (8);

       %C#2%

       [ glob@-0.50740 ];
       [ idea@-0.09469 ];
       [ mech@0.12962 ];
       [ sr@-0.41552 ];

       glob@0.46271 (5);
       idea@0.10684 (6);
       mech@0.41199 (7);
       sr@0.32063 (8);

       %C#3%

       [ glob@0.09779 ];
       [ idea@0.67055 ];
       [ mech@-0.38516 ];
       [ sr@-0.44811 ];

       glob@0.46271 (5);
       idea@0.10684 (6);
       mech@0.41199 (7);
       sr@0.32063 (8);

       %C#4%

       [ glob@0.56526 ];
       [ idea@0.02370 ];
       [ mech@0.02176 ];
       [ sr@0.39968 ];

       glob@0.46271 (5);
       idea@0.10684 (6);
       mech@0.41199 (7);
       sr@0.32063 (8);
  OUTPUT:
  !TECH11;
  !TECH14;
  !svalues;




*** WARNING in ANALYSIS command
  The second number in the PROCESSORS option will be ignored because no random
  starts have been requested.
*** WARNING in MODEL command
  All variables are uncorrelated with all other variables within class.
  Check that this is what is intended.
   2 WARNING(S) FOUND IN THE INPUT INSTRUCTIONS



4-Calibrate Alt (fixed) bESEM LPA

SUMMARY OF ANALYSIS

Number of groups                                                 1
Number of observations                                         734

Number of dependent variables                                    4
Number of independent variables                                  0
Number of continuous latent variables                            0
Number of categorical latent variables                           1

Observed dependent variables

  Continuous
   GLOB        IDEA        MECH        SR

Categorical latent variables
   C


Estimator                                                      MLR
Information matrix                                        OBSERVED
Optimization Specifications for the Quasi-Newton Algorithm for
Continuous Outcomes
  Maximum number of iterations                                 100
  Convergence criterion                                  0.100D-05
Optimization Specifications for the EM Algorithm
  Maximum number of iterations                                 500
  Convergence criteria
    Loglikelihood change                                 0.100D-06
    Relative loglikelihood change                        0.100D-06
    Derivative                                           0.100D-05
Optimization Specifications for the M step of the EM Algorithm for
Categorical Latent variables
  Number of M step iterations                                    1
  M step convergence criterion                           0.100D-05
  Basis for M step termination                           ITERATION
Optimization Specifications for the M step of the EM Algorithm for
Censored, Binary or Ordered Categorical (Ordinal), Unordered
Categorical (Nominal) and Count Outcomes
  Number of M step iterations                                    1
  M step convergence criterion                           0.100D-05
  Basis for M step termination                           ITERATION
  Maximum value for logit thresholds                            15
  Minimum value for logit thresholds                           -15
  Minimum expected cell size for chi-square              0.100D-01
Maximum number of iterations for H1                           2000
Convergence criterion for H1                             0.100D-03
Optimization algorithm                                         EMA

Input data file(s)
  calib.besem.alt.dat
Input data format  FREE


SUMMARY OF DATA

     Number of missing data patterns             1
     Number of y missing data patterns           1
     Number of u missing data patterns           0


COVARIANCE COVERAGE OF DATA

Minimum covariance coverage value   0.100


     PROPORTION OF DATA PRESENT FOR Y


           Covariance Coverage
              GLOB          IDEA          MECH          SR
              ________      ________      ________      ________
 GLOB           1.000
 IDEA           1.000         1.000
 MECH           1.000         1.000         1.000
 SR             1.000         1.000         1.000         1.000



UNIVARIATE SAMPLE STATISTICS


     UNIVARIATE HIGHER-ORDER MOMENT DESCRIPTIVE STATISTICS

         Variable/         Mean/     Skewness/   Minimum/ % with                Percentiles
        Sample Size      Variance    Kurtosis    Maximum  Min/Max      20%/60%    40%/80%    Median

     GLOB                 -0.012      -0.128      -2.742    0.14%      -0.722     -0.238     -0.053
             734.000       0.722      -0.120       1.738    3.00%       0.201      0.722
     IDEA                  0.010       0.075      -1.636    0.14%      -0.461     -0.106      0.043
             734.000       0.296       0.284       1.860    0.14%       0.148      0.457
     MECH                 -0.043      -0.440      -2.342    0.14%      -0.548     -0.232     -0.053
             734.000       0.457      -0.231       1.372    0.14%       0.175      0.606
     SR                    0.002       0.036      -2.316    0.14%      -0.618     -0.214      0.016
             734.000       0.474      -0.244       2.211    0.14%       0.176      0.611


THE MODEL ESTIMATION TERMINATED NORMALLY



MODEL FIT INFORMATION

Number of Free Parameters                        0

Loglikelihood

          H0 Value                       -2947.739

Information Criteria

          Akaike (AIC)                    5895.478
          Bayesian (BIC)                  5895.478
          Sample-Size Adjusted BIC        5895.478
            (n* = (n + 2) / 24)



FINAL CLASS COUNTS AND PROPORTIONS FOR THE LATENT CLASSES
BASED ON THE ESTIMATED MODEL

    Latent
   Classes

       1        124.54460          0.16968
       2        191.19117          0.26048
       3        114.26540          0.15567
       4        303.99883          0.41417


FINAL CLASS COUNTS AND PROPORTIONS FOR THE LATENT CLASSES
BASED ON ESTIMATED POSTERIOR PROBABILITIES

    Latent
   Classes

       1        111.35036          0.15170
       2        190.00774          0.25887
       3        131.86895          0.17966
       4        300.77295          0.40977


FINAL CLASS COUNTS AND PROPORTIONS FOR THE LATENT CLASSES
BASED ON THEIR MOST LIKELY LATENT CLASS MEMBERSHIP

Class Counts and Proportions

    Latent
   Classes

       1              115          0.15668
       2              181          0.24659
       3              118          0.16076
       4              320          0.43597


CLASSIFICATION QUALITY

     Entropy                         0.610


Average Latent Class Probabilities for Most Likely Latent Class Membership (Row)
by Latent Class (Column)

           1        2        3        4

    1   0.794    0.160    0.000    0.046
    2   0.077    0.699    0.065    0.159
    3   0.000    0.074    0.829    0.097
    4   0.019    0.113    0.070    0.798


Classification Probabilities for the Most Likely Latent Class Membership (Column)
by Latent Class (Row)

           1        2        3        4

    1   0.820    0.125    0.000    0.054
    2   0.097    0.666    0.046    0.191
    3   0.000    0.089    0.742    0.169
    4   0.017    0.096    0.038    0.849


Logits for the Classification Probabilities for the Most Likely Latent Class Membership (Column)
by Latent Class (Row)

              1        2        3        4

    1      2.711    0.834   -6.393    0.000
    2     -0.677    1.250   -1.424    0.000
    3     -7.953   -0.646    1.478    0.000
    4     -3.882   -2.184   -3.108    0.000


MODEL RESULTS

                                                    Two-Tailed
                    Estimate       S.E.  Est./S.E.    P-Value

Latent Class 1

 Means
    GLOB              -0.819      0.000    999.000    999.000
    IDEA              -0.789      0.000    999.000    999.000
    MECH               0.094      0.000    999.000    999.000
    SR                 0.193      0.000    999.000    999.000

 Variances
    GLOB               0.463      0.000    999.000    999.000
    IDEA               0.107      0.000    999.000    999.000
    MECH               0.412      0.000    999.000    999.000
    SR                 0.321      0.000    999.000    999.000

Latent Class 2

 Means
    GLOB              -0.507      0.000    999.000    999.000
    IDEA              -0.095      0.000    999.000    999.000
    MECH               0.130      0.000    999.000    999.000
    SR                -0.416      0.000    999.000    999.000

 Variances
    GLOB               0.463      0.000    999.000    999.000
    IDEA               0.107      0.000    999.000    999.000
    MECH               0.412      0.000    999.000    999.000
    SR                 0.321      0.000    999.000    999.000

Latent Class 3

 Means
    GLOB               0.098      0.000    999.000    999.000
    IDEA               0.671      0.000    999.000    999.000
    MECH              -0.385      0.000    999.000    999.000
    SR                -0.448      0.000    999.000    999.000

 Variances
    GLOB               0.463      0.000    999.000    999.000
    IDEA               0.107      0.000    999.000    999.000
    MECH               0.412      0.000    999.000    999.000
    SR                 0.321      0.000    999.000    999.000

Latent Class 4

 Means
    GLOB               0.565      0.000    999.000    999.000
    IDEA               0.024      0.000    999.000    999.000
    MECH               0.022      0.000    999.000    999.000
    SR                 0.400      0.000    999.000    999.000

 Variances
    GLOB               0.463      0.000    999.000    999.000
    IDEA               0.107      0.000    999.000    999.000
    MECH               0.412      0.000    999.000    999.000
    SR                 0.321      0.000    999.000    999.000

Categorical Latent Variables

 Means
    C#1               -0.892      0.000    999.000    999.000
    C#2               -0.464      0.000    999.000    999.000
    C#3               -0.979      0.000    999.000    999.000


QUALITY OF NUMERICAL RESULTS

     Condition Number for the Information Matrix              0.100E+01
       (ratio of smallest to largest eigenvalue)


     Beginning Time:  19:51:13
        Ending Time:  19:51:13
       Elapsed Time:  00:00:00



MUTHEN & MUTHEN
3463 Stoner Ave.
Los Angeles, CA  90066

Tel: (310) 391-9971
Fax: (310) 391-8971
Web: www.StatModel.com
Support: Support@StatModel.com

Copyright (c) 1998-2018 Muthen & Muthen
