Mplus VERSION 8.1 (Mac)
MUTHEN & MUTHEN
04/07/2019   8:01 AM

INPUT INSTRUCTIONS

  Title: WMQ CFA

  DATA: FILE = "raw.8.9.10.dat";
  VARIABLE:
  NAMES = id female ethnic ell disability t_id gifted grade_level se1 se2 se3 se4 se5
       se6 se7 se8 se9 wses1 wses5 wses8 wses2 wses6 wses3 wses10 wses7 wses4 wses9
       was1 was3 was5 was11 was6 was7 was8 was4 was9 was2 was10 was12;
  MISSING=.;
    UseVariables = se1-se9;
    Auxiliary = id-disability gifted grade_level;
    Categorical = se1-se9;
    Cluster = t_id;
  Analysis:
  type =  complex;
  Estimator = WLSMV ;
  !Parameterization = Theta;
  Model:
  !factor by se1 se2 se3 se4 se5 se6 se7 se8 se9;
  idea by se2 se6 se7;
  mech by se1 se3 se5;
  sr by se4 se8 se9;
  !se1-se9;
  !glob@1;

  !idea@1;
  !mech@1;
  !sr@1;


  !glob with idea-sr@0;
  !idea with mech sr@0;
  !mech with idea sr@0;
  !sr with idea mech@0;


  Output:
  Standardized;
  !Modindices;
  Savedata:
  save = fscores;
  File = fscores.cfa.csv;


  !Output:
  !FSDETERMINACY;
  !FSCOEFFICIENT;
  !Tech10;
  !tech4;



INPUT READING TERMINATED NORMALLY



WMQ CFA

SUMMARY OF ANALYSIS

Number of groups                                                 1
Number of observations                                        1430

Number of dependent variables                                    9
Number of independent variables                                  0
Number of continuous latent variables                            3

Observed dependent variables

  Binary and ordered categorical (ordinal)
   SE1         SE2         SE3         SE4         SE5         SE6
   SE7         SE8         SE9

Observed auxiliary variables
   ID          FEMALE      ETHNIC      ELL         DISABILITY  GIFTED
   GRADE_LEVE

Continuous latent variables
   IDEA        MECH        SR

Variables with special functions

  Cluster variable      T_ID

Estimator                                                    WLSMV
Maximum number of iterations                                  1000
Convergence criterion                                    0.500D-04
Maximum number of steepest descent iterations                   20
Maximum number of iterations for H1                           2000
Convergence criterion for H1                             0.100D-03
Parameterization                                             DELTA
Link                                                        PROBIT

Input data file(s)
  raw.8.9.10.dat

Input data format  FREE


SUMMARY OF DATA

     Number of missing data patterns             1
     Number of clusters          39



COVARIANCE COVERAGE OF DATA

Minimum covariance coverage value   0.100


     PROPORTION OF DATA PRESENT


           Covariance Coverage
              SE1           SE2           SE3           SE4           SE5
              ________      ________      ________      ________      ________
 SE1            1.000
 SE2            1.000         1.000
 SE3            1.000         1.000         1.000
 SE4            1.000         1.000         1.000         1.000
 SE5            1.000         1.000         1.000         1.000         1.000
 SE6            1.000         1.000         1.000         1.000         1.000
 SE7            1.000         1.000         1.000         1.000         1.000
 SE8            1.000         1.000         1.000         1.000         1.000
 SE9            1.000         1.000         1.000         1.000         1.000


           Covariance Coverage
              SE6           SE7           SE8           SE9
              ________      ________      ________      ________
 SE6            1.000
 SE7            1.000         1.000
 SE8            1.000         1.000         1.000
 SE9            1.000         1.000         1.000         1.000


UNIVARIATE PROPORTIONS AND COUNTS FOR CATEGORICAL VARIABLES

    SE1
      Category 1    0.003            4.000
      Category 2    0.025           36.000
      Category 3    0.165          236.000
      Category 4    0.807         1154.000
    SE2
      Category 1    0.017           25.000
      Category 2    0.131          188.000
      Category 3    0.469          670.000
      Category 4    0.383          547.000
    SE3
      Category 1    0.013           18.000
      Category 2    0.103          148.000
      Category 3    0.397          567.000
      Category 4    0.487          697.000
    SE4
      Category 1    0.080          114.000
      Category 2    0.303          434.000
      Category 3    0.412          589.000
      Category 4    0.205          293.000
    SE5
      Category 1    0.029           42.000
      Category 2    0.132          189.000
      Category 3    0.408          584.000
      Category 4    0.430          615.000
    SE6
      Category 1    0.050           72.000
      Category 2    0.213          304.000
      Category 3    0.430          615.000
      Category 4    0.307          439.000
    SE7
      Category 1    0.031           44.000
      Category 2    0.169          242.000
      Category 3    0.420          601.000
      Category 4    0.380          543.000
    SE8
      Category 1    0.157          224.000
      Category 2    0.336          480.000
      Category 3    0.373          534.000
      Category 4    0.134          192.000
    SE9
      Category 1    0.121          173.000
      Category 2    0.359          514.000
      Category 3    0.378          540.000
      Category 4    0.142          203.000



THE MODEL ESTIMATION TERMINATED NORMALLY



MODEL FIT INFORMATION

Number of Free Parameters                       39

Chi-Square Test of Model Fit

          Value                            168.586*
          Degrees of Freedom                    24
          P-Value                           0.0000

*   The chi-square value for MLM, MLMV, MLR, ULSMV, WLSM and WLSMV cannot be used
    for chi-square difference testing in the regular way.  MLM, MLR and WLSM
    chi-square difference testing is described on the Mplus website.  MLMV, WLSMV,
    and ULSMV difference testing is done using the DIFFTEST option.

RMSEA (Root Mean Square Error Of Approximation)

          Estimate                           0.065
          90 Percent C.I.                    0.056  0.074
          Probability RMSEA <= .05           0.004

CFI/TLI

          CFI                                0.983
          TLI                                0.974

Chi-Square Test of Model Fit for the Baseline Model

          Value                           8408.822
          Degrees of Freedom                    36
          P-Value                           0.0000

SRMR (Standardized Root Mean Square Residual)

          Value                              0.037

Optimum Function Value for Weighted Least-Squares Estimator

          Value                     0.42323378D-01



MODEL RESULTS

                                                    Two-Tailed
                    Estimate       S.E.  Est./S.E.    P-Value

 IDEA     BY
    SE2                1.000      0.000    999.000    999.000
    SE6                1.085      0.030     35.836      0.000
    SE7                1.164      0.028     41.632      0.000

 MECH     BY
    SE1                1.000      0.000    999.000    999.000
    SE3                0.823      0.045     18.229      0.000
    SE5                0.621      0.049     12.559      0.000

 SR       BY
    SE4                1.000      0.000    999.000    999.000
    SE8                0.916      0.027     34.092      0.000
    SE9                1.004      0.029     34.699      0.000

 MECH     WITH
    IDEA               0.409      0.021     19.722      0.000

 SR       WITH
    IDEA               0.478      0.019     24.975      0.000
    MECH               0.360      0.026     13.744      0.000

 Thresholds
    SE1$1             -2.771      0.153    -18.126      0.000
    SE1$2             -1.911      0.092    -20.811      0.000
    SE1$3             -0.867      0.074    -11.777      0.000
    SE2$1             -2.109      0.083    -25.405      0.000
    SE2$2             -1.041      0.049    -21.274      0.000
    SE2$3              0.299      0.047      6.418      0.000
    SE3$1             -2.239      0.103    -21.731      0.000
    SE3$2             -1.195      0.070    -17.130      0.000
    SE3$3              0.032      0.055      0.574      0.566
    SE4$1             -1.407      0.037    -37.997      0.000
    SE4$2             -0.297      0.035     -8.554      0.000
    SE4$3              0.824      0.049     16.722      0.000
    SE5$1             -1.890      0.084    -22.506      0.000
    SE5$2             -0.988      0.047    -20.812      0.000
    SE5$3              0.176      0.047      3.783      0.000
    SE6$1             -1.641      0.063    -25.943      0.000
    SE6$2             -0.634      0.038    -16.771      0.000
    SE6$3              0.504      0.041     12.171      0.000
    SE7$1             -1.870      0.077    -24.239      0.000
    SE7$2             -0.842      0.045    -18.750      0.000
    SE7$3              0.306      0.042      7.265      0.000
    SE8$1             -1.008      0.042    -23.906      0.000
    SE8$2             -0.019      0.035     -0.552      0.581
    SE8$3              1.106      0.055     20.178      0.000
    SE9$1             -1.170      0.042    -27.799      0.000
    SE9$2             -0.049      0.043     -1.147      0.251
    SE9$3              1.072      0.051     21.038      0.000

 Variances
    IDEA               0.538      0.021     26.033      0.000
    MECH               0.751      0.063     11.992      0.000
    SR                 0.648      0.026     24.705      0.000


STANDARDIZED MODEL RESULTS


STDYX Standardization

                                                    Two-Tailed
                    Estimate       S.E.  Est./S.E.    P-Value

 IDEA     BY
    SE2                0.733      0.014     52.066      0.000
    SE6                0.796      0.015     51.812      0.000
    SE7                0.853      0.011     75.183      0.000

 MECH     BY
    SE1                0.866      0.036     23.984      0.000
    SE3                0.713      0.023     31.391      0.000
    SE5                0.538      0.032     16.768      0.000

 SR       BY
    SE4                0.805      0.016     49.410      0.000
    SE8                0.737      0.018     40.090      0.000
    SE9                0.808      0.015     52.248      0.000

 MECH     WITH
    IDEA               0.644      0.027     23.413      0.000

 SR       WITH
    IDEA               0.810      0.017     46.476      0.000
    MECH               0.516      0.028     18.760      0.000

 Thresholds
    SE1$1             -2.771      0.153    -18.126      0.000
    SE1$2             -1.911      0.092    -20.811      0.000
    SE1$3             -0.867      0.074    -11.777      0.000
    SE2$1             -2.109      0.083    -25.405      0.000
    SE2$2             -1.041      0.049    -21.274      0.000
    SE2$3              0.299      0.047      6.418      0.000
    SE3$1             -2.239      0.103    -21.731      0.000
    SE3$2             -1.195      0.070    -17.130      0.000
    SE3$3              0.032      0.055      0.574      0.566
    SE4$1             -1.407      0.037    -37.997      0.000
    SE4$2             -0.297      0.035     -8.554      0.000
    SE4$3              0.824      0.049     16.722      0.000
    SE5$1             -1.890      0.084    -22.506      0.000
    SE5$2             -0.988      0.047    -20.812      0.000
    SE5$3              0.176      0.047      3.783      0.000
    SE6$1             -1.641      0.063    -25.943      0.000
    SE6$2             -0.634      0.038    -16.771      0.000
    SE6$3              0.504      0.041     12.171      0.000
    SE7$1             -1.870      0.077    -24.239      0.000
    SE7$2             -0.842      0.045    -18.750      0.000
    SE7$3              0.306      0.042      7.265      0.000
    SE8$1             -1.008      0.042    -23.906      0.000
    SE8$2             -0.019      0.035     -0.552      0.581
    SE8$3              1.106      0.055     20.178      0.000
    SE9$1             -1.170      0.042    -27.799      0.000
    SE9$2             -0.049      0.043     -1.147      0.251
    SE9$3              1.072      0.051     21.038      0.000

 Variances
    IDEA               1.000      0.000    999.000    999.000
    MECH               1.000      0.000    999.000    999.000
    SR                 1.000      0.000    999.000    999.000


STDY Standardization

                                                    Two-Tailed
                    Estimate       S.E.  Est./S.E.    P-Value

 IDEA     BY
    SE2                0.733      0.014     52.066      0.000
    SE6                0.796      0.015     51.812      0.000
    SE7                0.853      0.011     75.183      0.000

 MECH     BY
    SE1                0.866      0.036     23.984      0.000
    SE3                0.713      0.023     31.391      0.000
    SE5                0.538      0.032     16.768      0.000

 SR       BY
    SE4                0.805      0.016     49.410      0.000
    SE8                0.737      0.018     40.090      0.000
    SE9                0.808      0.015     52.248      0.000

 MECH     WITH
    IDEA               0.644      0.027     23.413      0.000

 SR       WITH
    IDEA               0.810      0.017     46.476      0.000
    MECH               0.516      0.028     18.760      0.000

 Thresholds
    SE1$1             -2.771      0.153    -18.126      0.000
    SE1$2             -1.911      0.092    -20.811      0.000
    SE1$3             -0.867      0.074    -11.777      0.000
    SE2$1             -2.109      0.083    -25.405      0.000
    SE2$2             -1.041      0.049    -21.274      0.000
    SE2$3              0.299      0.047      6.418      0.000
    SE3$1             -2.239      0.103    -21.731      0.000
    SE3$2             -1.195      0.070    -17.130      0.000
    SE3$3              0.032      0.055      0.574      0.566
    SE4$1             -1.407      0.037    -37.997      0.000
    SE4$2             -0.297      0.035     -8.554      0.000
    SE4$3              0.824      0.049     16.722      0.000
    SE5$1             -1.890      0.084    -22.506      0.000
    SE5$2             -0.988      0.047    -20.812      0.000
    SE5$3              0.176      0.047      3.783      0.000
    SE6$1             -1.641      0.063    -25.943      0.000
    SE6$2             -0.634      0.038    -16.771      0.000
    SE6$3              0.504      0.041     12.171      0.000
    SE7$1             -1.870      0.077    -24.239      0.000
    SE7$2             -0.842      0.045    -18.750      0.000
    SE7$3              0.306      0.042      7.265      0.000
    SE8$1             -1.008      0.042    -23.906      0.000
    SE8$2             -0.019      0.035     -0.552      0.581
    SE8$3              1.106      0.055     20.178      0.000
    SE9$1             -1.170      0.042    -27.799      0.000
    SE9$2             -0.049      0.043     -1.147      0.251
    SE9$3              1.072      0.051     21.038      0.000

 Variances
    IDEA               1.000      0.000    999.000    999.000
    MECH               1.000      0.000    999.000    999.000
    SR                 1.000      0.000    999.000    999.000


STD Standardization

                                                    Two-Tailed
                    Estimate       S.E.  Est./S.E.    P-Value

 IDEA     BY
    SE2                0.733      0.014     52.066      0.000
    SE6                0.796      0.015     51.812      0.000
    SE7                0.853      0.011     75.183      0.000

 MECH     BY
    SE1                0.866      0.036     23.984      0.000
    SE3                0.713      0.023     31.391      0.000
    SE5                0.538      0.032     16.768      0.000

 SR       BY
    SE4                0.805      0.016     49.410      0.000
    SE8                0.737      0.018     40.090      0.000
    SE9                0.808      0.015     52.248      0.000

 MECH     WITH
    IDEA               0.644      0.027     23.413      0.000

 SR       WITH
    IDEA               0.810      0.017     46.476      0.000
    MECH               0.516      0.028     18.760      0.000

 Thresholds
    SE1$1             -2.771      0.153    -18.126      0.000
    SE1$2             -1.911      0.092    -20.811      0.000
    SE1$3             -0.867      0.074    -11.777      0.000
    SE2$1             -2.109      0.083    -25.405      0.000
    SE2$2             -1.041      0.049    -21.274      0.000
    SE2$3              0.299      0.047      6.418      0.000
    SE3$1             -2.239      0.103    -21.731      0.000
    SE3$2             -1.195      0.070    -17.130      0.000
    SE3$3              0.032      0.055      0.574      0.566
    SE4$1             -1.407      0.037    -37.997      0.000
    SE4$2             -0.297      0.035     -8.554      0.000
    SE4$3              0.824      0.049     16.722      0.000
    SE5$1             -1.890      0.084    -22.506      0.000
    SE5$2             -0.988      0.047    -20.812      0.000
    SE5$3              0.176      0.047      3.783      0.000
    SE6$1             -1.641      0.063    -25.943      0.000
    SE6$2             -0.634      0.038    -16.771      0.000
    SE6$3              0.504      0.041     12.171      0.000
    SE7$1             -1.870      0.077    -24.239      0.000
    SE7$2             -0.842      0.045    -18.750      0.000
    SE7$3              0.306      0.042      7.265      0.000
    SE8$1             -1.008      0.042    -23.906      0.000
    SE8$2             -0.019      0.035     -0.552      0.581
    SE8$3              1.106      0.055     20.178      0.000
    SE9$1             -1.170      0.042    -27.799      0.000
    SE9$2             -0.049      0.043     -1.147      0.251
    SE9$3              1.072      0.051     21.038      0.000

 Variances
    IDEA               1.000      0.000    999.000    999.000
    MECH               1.000      0.000    999.000    999.000
    SR                 1.000      0.000    999.000    999.000


R-SQUARE

    Observed                                        Two-Tailed   Residual
    Variable        Estimate       S.E.  Est./S.E.    P-Value    Variance

    SE1                0.751      0.063     11.992      0.000      0.249
    SE2                0.538      0.021     26.033      0.000      0.462
    SE3                0.508      0.032     15.696      0.000      0.492
    SE4                0.648      0.026     24.705      0.000      0.352
    SE5                0.289      0.035      8.384      0.000      0.711
    SE6                0.633      0.024     25.906      0.000      0.367
    SE7                0.728      0.019     37.592      0.000      0.272
    SE8                0.543      0.027     20.045      0.000      0.457
    SE9                0.653      0.025     26.124      0.000      0.347


QUALITY OF NUMERICAL RESULTS

     Condition Number for the Information Matrix              0.318E-02
       (ratio of smallest to largest eigenvalue)


SAMPLE STATISTICS FOR ESTIMATED FACTOR SCORES


     SAMPLE STATISTICS


           Means
              IDEA          IDEA_SE       MECH          MECH_SE       SR
              ________      ________      ________      ________      ________
               -0.013         0.304        -0.041         0.493        -0.006


           Means
              SR_SE
              ________
                0.340


           Covariances
              IDEA          IDEA_SE       MECH          MECH_SE       SR
              ________      ________      ________      ________      ________
 IDEA           0.427
 IDEA_SE        0.017         0.001
 MECH           0.353         0.015         0.475
 MECH_SE        0.036         0.002         0.050         0.006
 SR             0.425         0.018         0.336         0.035         0.516
 SR_SE          0.005         0.001         0.004         0.001         0.006


           Covariances
              SR_SE
              ________
 SR_SE          0.000


           Correlations
              IDEA          IDEA_SE       MECH          MECH_SE       SR
              ________      ________      ________      ________      ________
 IDEA           1.000
 IDEA_SE        0.727         1.000
 MECH           0.785         0.608         1.000
 MECH_SE        0.737         0.656         0.960         1.000
 SR             0.907         0.681         0.679         0.638         1.000
 SR_SE          0.361         0.822         0.285         0.375         0.374


           Correlations
              SR_SE
              ________
 SR_SE          1.000


SAVEDATA INFORMATION


  Save file
    fscores.cfa.csv

  Order and format of variables

    SE1            F10.3
    SE2            F10.3
    SE3            F10.3
    SE4            F10.3
    SE5            F10.3
    SE6            F10.3
    SE7            F10.3
    SE8            F10.3
    SE9            F10.3
    ID             F10.3
    FEMALE         F10.3
    ETHNIC         F10.3
    ELL            F10.3
    DISABILI       F10.3
    GIFTED         F10.3
    GRADE_LE       F10.3
    IDEA           F10.3
    IDEA_SE        F10.3
    MECH           F10.3
    MECH_SE        F10.3
    SR             F10.3
    SR_SE          F10.3
    T_ID           I6

  Save file format
    22F10.3 I6

  Save file record length    10000


     Beginning Time:  08:01:39
        Ending Time:  08:01:40
       Elapsed Time:  00:00:01



MUTHEN & MUTHEN
3463 Stoner Ave.
Los Angeles, CA  90066

Tel: (310) 391-9971
Fax: (310) 391-8971
Web: www.StatModel.com
Support: Support@StatModel.com

Copyright (c) 1998-2018 Muthen & Muthen
