Mplus VERSION 8.1 (Mac)
MUTHEN & MUTHEN
04/12/2019   1:05 PM

INPUT INSTRUCTIONS

  Title: WMQ ESEM
  DATA: FILE = "raw.8.9.10.dat";
  VARIABLE:
  NAMES = id female ethnic ell disability t_id gifted grade_level se1 se2 se3 se4 se5
       se6 se7 se8 se9 wses1 wses5 wses8 wses2 wses6 wses3 wses10 wses7 wses4 wses9
       was1 was3 was5 was11 was6 was7 was8 was4 was9 was2 was10 was12 test_score mark;
  MISSING=.;
    UseVariables = se1-se9;
    Auxiliary = id-disability gifted grade_level test_score mark;
    Categorical = se1-se9;
    Cluster = t_id;
  Analysis:
  Type = complex;
  Estimator = WLSMV;
  !PARAMETERIZATION = THETA;
  Rotation = target ;
  Model:
  !glob by se1 se2 se3 se4 se5 se6 se7 se8 se9 (*1);

  idea by 	se2 se6 se7
  	se1~0 se3~0 se5~0
  	se4~0 se8~0 se9~0 (*1);
  	
  mech by 	se1 se3 se5
  	se2~0 se6~0 se7~0
  	se4~0 se8~0 se9~0 (*1);
  	
  sr by 	se4 se8 se9
  	se2~0 se6~0 se7~0
  	se1~0 se3~0 se5~0 (*1);

  !glob@1;

  !idea@1;
  !mech@1;
  !sr@1;


  !glob with idea-sr@0;
  !idea with mech sr@0;
  !mech with idea sr@0;
  !sr with idea mech@0;


  Output:
  Standardized;
  svalues;
  !residual;
  Savedata:
  File = fscores.esem.csv;
  save = fscores;

  !Output:
  !FSDETERMINACY;
  !FSCOEFFICIENT;



INPUT READING TERMINATED NORMALLY



WMQ ESEM

SUMMARY OF ANALYSIS

Number of groups                                                 1
Number of observations                                        1466

Number of dependent variables                                    9
Number of independent variables                                  0
Number of continuous latent variables                            3

Observed dependent variables

  Binary and ordered categorical (ordinal)
   SE1         SE2         SE3         SE4         SE5         SE6
   SE7         SE8         SE9

Observed auxiliary variables
   ID          FEMALE      ETHNIC      ELL         DISABILITY  GIFTED
   GRADE_LEVE  TEST_SCORE  MARK

Continuous latent variables

  EFA factors
  *1:   IDEA        MECH        SR

Variables with special functions

  Cluster variable      T_ID

Estimator                                                    WLSMV
Rotation                                                    TARGET
Row standardization                                    CORRELATION
Type of rotation                                           OBLIQUE
Maximum number of iterations                                  1000
Convergence criterion                                    0.500D-04
Maximum number of steepest descent iterations                   20
Maximum number of iterations for H1                           2000
Convergence criterion for H1                             0.100D-03
Optimization Specifications for the Exploratory Factor Analysis
Rotation Algorithm
  Number of random starts                                       30
  Maximum number of iterations                             1000000
  Derivative convergence criterion                       0.100D-04
Parameterization                                             DELTA
Link                                                        PROBIT

Input data file(s)
  raw.8.9.10.dat

Input data format  FREE


SUMMARY OF DATA

     Number of missing data patterns             1
     Number of clusters          39



COVARIANCE COVERAGE OF DATA

Minimum covariance coverage value   0.100


     PROPORTION OF DATA PRESENT


           Covariance Coverage
              SE1           SE2           SE3           SE4           SE5
              ________      ________      ________      ________      ________
 SE1            1.000
 SE2            1.000         1.000
 SE3            1.000         1.000         1.000
 SE4            1.000         1.000         1.000         1.000
 SE5            1.000         1.000         1.000         1.000         1.000
 SE6            1.000         1.000         1.000         1.000         1.000
 SE7            1.000         1.000         1.000         1.000         1.000
 SE8            1.000         1.000         1.000         1.000         1.000
 SE9            1.000         1.000         1.000         1.000         1.000


           Covariance Coverage
              SE6           SE7           SE8           SE9
              ________      ________      ________      ________
 SE6            1.000
 SE7            1.000         1.000
 SE8            1.000         1.000         1.000
 SE9            1.000         1.000         1.000         1.000


UNIVARIATE PROPORTIONS AND COUNTS FOR CATEGORICAL VARIABLES

    SE1
      Category 1    0.003            4.000
      Category 2    0.028           41.000
      Category 3    0.167          245.000
      Category 4    0.802         1176.000
    SE2
      Category 1    0.018           27.000
      Category 2    0.136          199.000
      Category 3    0.471          691.000
      Category 4    0.374          549.000
    SE3
      Category 1    0.014           21.000
      Category 2    0.108          158.000
      Category 3    0.396          580.000
      Category 4    0.482          707.000
    SE4
      Category 1    0.079          116.000
      Category 2    0.304          446.000
      Category 3    0.411          603.000
      Category 4    0.205          301.000
    SE5
      Category 1    0.030           44.000
      Category 2    0.130          190.000
      Category 3    0.415          609.000
      Category 4    0.425          623.000
    SE6
      Category 1    0.054           79.000
      Category 2    0.214          313.000
      Category 3    0.430          630.000
      Category 4    0.303          444.000
    SE7
      Category 1    0.031           46.000
      Category 2    0.172          252.000
      Category 3    0.422          619.000
      Category 4    0.374          549.000
    SE8
      Category 1    0.160          235.000
      Category 2    0.330          484.000
      Category 3    0.372          545.000
      Category 4    0.138          202.000
    SE9
      Category 1    0.127          186.000
      Category 2    0.357          523.000
      Category 3    0.374          548.000
      Category 4    0.143          209.000



THE MODEL ESTIMATION TERMINATED NORMALLY



MODEL FIT INFORMATION

Number of Free Parameters                       51

Chi-Square Test of Model Fit

          Value                             26.874*
          Degrees of Freedom                    12
          P-Value                           0.0081

*   The chi-square value for MLM, MLMV, MLR, ULSMV, WLSM and WLSMV cannot be used
    for chi-square difference testing in the regular way.  MLM, MLR and WLSM
    chi-square difference testing is described on the Mplus website.  MLMV, WLSMV,
    and ULSMV difference testing is done using the DIFFTEST option.

RMSEA (Root Mean Square Error Of Approximation)

          Estimate                           0.029
          90 Percent C.I.                    0.014  0.044
          Probability RMSEA <= .05           0.992

CFI/TLI

          CFI                                0.998
          TLI                                0.994

Chi-Square Test of Model Fit for the Baseline Model

          Value                           8042.552
          Degrees of Freedom                    36
          P-Value                           0.0000

SRMR (Standardized Root Mean Square Residual)

          Value                              0.012

Optimum Function Value for Weighted Least-Squares Estimator

          Value                     0.37649932D-02



MODEL RESULTS

                                                    Two-Tailed
                    Estimate       S.E.  Est./S.E.    P-Value

 IDEA     BY
    SE2                0.549      0.041     13.311      0.000
    SE6                0.877      0.042     21.029      0.000
    SE7                0.739      0.038     19.205      0.000
    SE1                0.190      0.033      5.757      0.000
    SE3               -0.023      0.039     -0.587      0.557
    SE5               -0.106      0.037     -2.859      0.004
    SE4                0.157      0.033      4.795      0.000
    SE8               -0.195      0.024     -8.163      0.000
    SE9                0.221      0.033      6.689      0.000

 MECH     BY
    SE1                0.711      0.043     16.460      0.000
    SE3                0.732      0.044     16.449      0.000
    SE5                0.568      0.035     16.451      0.000
    SE2                0.311      0.034      9.241      0.000
    SE6               -0.142      0.022     -6.473      0.000
    SE7                0.043      0.032      1.346      0.178
    SE4               -0.003      0.021     -0.168      0.867
    SE8                0.007      0.019      0.397      0.691
    SE9                0.022      0.020      1.091      0.275

 SR       BY
    SE4                0.673      0.034     19.833      0.000
    SE8                0.970      0.035     28.086      0.000
    SE9                0.576      0.031     18.293      0.000
    SE2               -0.001      0.034     -0.042      0.966
    SE6                0.060      0.031      1.922      0.055
    SE7                0.111      0.030      3.717      0.000
    SE1               -0.050      0.038     -1.314      0.189
    SE3                0.041      0.034      1.186      0.236
    SE5                0.107      0.040      2.657      0.008

 MECH     WITH
    IDEA               0.510      0.033     15.390      0.000

 SR       WITH
    IDEA               0.704      0.030     23.129      0.000
    MECH               0.428      0.035     12.151      0.000

 Thresholds
    SE1$1             -2.779      0.152    -18.314      0.000
    SE1$2             -1.871      0.084    -22.155      0.000
    SE1$3             -0.849      0.073    -11.558      0.000
    SE2$1             -2.088      0.086    -24.383      0.000
    SE2$2             -1.019      0.050    -20.547      0.000
    SE2$3              0.320      0.048      6.626      0.000
    SE3$1             -2.188      0.096    -22.682      0.000
    SE3$2             -1.165      0.067    -17.255      0.000
    SE3$3              0.044      0.056      0.796      0.426
    SE4$1             -1.411      0.037    -38.166      0.000
    SE4$2             -0.297      0.035     -8.571      0.000
    SE4$3              0.823      0.048     17.279      0.000
    SE5$1             -1.881      0.093    -20.150      0.000
    SE5$2             -0.996      0.048    -20.614      0.000
    SE5$3              0.189      0.045      4.165      0.000
    SE6$1             -1.608      0.063    -25.621      0.000
    SE6$2             -0.621      0.039    -16.017      0.000
    SE6$3              0.516      0.042     12.201      0.000
    SE7$1             -1.861      0.077    -24.245      0.000
    SE7$2             -0.830      0.047    -17.653      0.000
    SE7$3              0.320      0.043      7.414      0.000
    SE8$1             -0.993      0.042    -23.486      0.000
    SE8$2             -0.024      0.032     -0.746      0.456
    SE8$3              1.090      0.051     21.240      0.000
    SE9$1             -1.141      0.043    -26.810      0.000
    SE9$2             -0.041      0.043     -0.952      0.341
    SE9$3              1.069      0.050     21.485      0.000

 Variances
    IDEA               1.000      0.000    999.000    999.000
    MECH               1.000      0.000    999.000    999.000
    SR                 1.000      0.000    999.000    999.000


STANDARDIZED MODEL RESULTS


STDYX Standardization

                                                    Two-Tailed
                    Estimate       S.E.  Est./S.E.    P-Value

 IDEA     BY
    SE2                0.549      0.041     13.311      0.000
    SE6                0.877      0.042     21.029      0.000
    SE7                0.739      0.038     19.205      0.000
    SE1                0.190      0.033      5.757      0.000
    SE3               -0.023      0.039     -0.587      0.557
    SE5               -0.106      0.037     -2.859      0.004
    SE4                0.157      0.033      4.795      0.000
    SE8               -0.195      0.024     -8.163      0.000
    SE9                0.221      0.033      6.689      0.000

 MECH     BY
    SE1                0.711      0.043     16.460      0.000
    SE3                0.732      0.044     16.449      0.000
    SE5                0.568      0.035     16.451      0.000
    SE2                0.311      0.034      9.241      0.000
    SE6               -0.142      0.022     -6.473      0.000
    SE7                0.043      0.032      1.346      0.178
    SE4               -0.003      0.021     -0.168      0.867
    SE8                0.007      0.019      0.397      0.691
    SE9                0.022      0.020      1.091      0.275

 SR       BY
    SE4                0.673      0.034     19.833      0.000
    SE8                0.970      0.035     28.086      0.000
    SE9                0.576      0.031     18.293      0.000
    SE2               -0.001      0.034     -0.042      0.966
    SE6                0.060      0.031      1.922      0.055
    SE7                0.111      0.030      3.717      0.000
    SE1               -0.050      0.038     -1.314      0.189
    SE3                0.041      0.034      1.186      0.236
    SE5                0.107      0.040      2.657      0.008

 MECH     WITH
    IDEA               0.510      0.033     15.390      0.000

 SR       WITH
    IDEA               0.704      0.030     23.129      0.000
    MECH               0.428      0.035     12.151      0.000

 Thresholds
    SE1$1             -2.779      0.152    -18.314      0.000
    SE1$2             -1.871      0.084    -22.155      0.000
    SE1$3             -0.849      0.073    -11.558      0.000
    SE2$1             -2.088      0.086    -24.383      0.000
    SE2$2             -1.019      0.050    -20.547      0.000
    SE2$3              0.320      0.048      6.626      0.000
    SE3$1             -2.188      0.096    -22.682      0.000
    SE3$2             -1.165      0.067    -17.255      0.000
    SE3$3              0.044      0.056      0.796      0.426
    SE4$1             -1.411      0.037    -38.166      0.000
    SE4$2             -0.297      0.035     -8.571      0.000
    SE4$3              0.823      0.048     17.279      0.000
    SE5$1             -1.881      0.093    -20.150      0.000
    SE5$2             -0.996      0.048    -20.614      0.000
    SE5$3              0.189      0.045      4.165      0.000
    SE6$1             -1.608      0.063    -25.621      0.000
    SE6$2             -0.621      0.039    -16.017      0.000
    SE6$3              0.516      0.042     12.201      0.000
    SE7$1             -1.861      0.077    -24.245      0.000
    SE7$2             -0.830      0.047    -17.653      0.000
    SE7$3              0.320      0.043      7.414      0.000
    SE8$1             -0.993      0.042    -23.486      0.000
    SE8$2             -0.024      0.032     -0.746      0.456
    SE8$3              1.090      0.051     21.240      0.000
    SE9$1             -1.141      0.043    -26.810      0.000
    SE9$2             -0.041      0.043     -0.952      0.341
    SE9$3              1.069      0.050     21.485      0.000

 Variances
    IDEA               1.000      0.000    999.000    999.000
    MECH               1.000      0.000    999.000    999.000
    SR                 1.000      0.000    999.000    999.000


STDY Standardization

                                                    Two-Tailed
                    Estimate       S.E.  Est./S.E.    P-Value

 IDEA     BY
    SE2                0.549      0.041     13.311      0.000
    SE6                0.877      0.042     21.029      0.000
    SE7                0.739      0.038     19.205      0.000
    SE1                0.190      0.033      5.757      0.000
    SE3               -0.023      0.039     -0.587      0.557
    SE5               -0.106      0.037     -2.859      0.004
    SE4                0.157      0.033      4.795      0.000
    SE8               -0.195      0.024     -8.163      0.000
    SE9                0.221      0.033      6.689      0.000

 MECH     BY
    SE1                0.711      0.043     16.460      0.000
    SE3                0.732      0.044     16.449      0.000
    SE5                0.568      0.035     16.451      0.000
    SE2                0.311      0.034      9.241      0.000
    SE6               -0.142      0.022     -6.473      0.000
    SE7                0.043      0.032      1.346      0.178
    SE4               -0.003      0.021     -0.168      0.867
    SE8                0.007      0.019      0.397      0.691
    SE9                0.022      0.020      1.091      0.275

 SR       BY
    SE4                0.673      0.034     19.833      0.000
    SE8                0.970      0.035     28.086      0.000
    SE9                0.576      0.031     18.293      0.000
    SE2               -0.001      0.034     -0.042      0.966
    SE6                0.060      0.031      1.922      0.055
    SE7                0.111      0.030      3.717      0.000
    SE1               -0.050      0.038     -1.314      0.189
    SE3                0.041      0.034      1.186      0.236
    SE5                0.107      0.040      2.657      0.008

 MECH     WITH
    IDEA               0.510      0.033     15.390      0.000

 SR       WITH
    IDEA               0.704      0.030     23.129      0.000
    MECH               0.428      0.035     12.151      0.000

 Thresholds
    SE1$1             -2.779      0.152    -18.314      0.000
    SE1$2             -1.871      0.084    -22.155      0.000
    SE1$3             -0.849      0.073    -11.558      0.000
    SE2$1             -2.088      0.086    -24.383      0.000
    SE2$2             -1.019      0.050    -20.547      0.000
    SE2$3              0.320      0.048      6.626      0.000
    SE3$1             -2.188      0.096    -22.682      0.000
    SE3$2             -1.165      0.067    -17.255      0.000
    SE3$3              0.044      0.056      0.796      0.426
    SE4$1             -1.411      0.037    -38.166      0.000
    SE4$2             -0.297      0.035     -8.571      0.000
    SE4$3              0.823      0.048     17.279      0.000
    SE5$1             -1.881      0.093    -20.150      0.000
    SE5$2             -0.996      0.048    -20.614      0.000
    SE5$3              0.189      0.045      4.165      0.000
    SE6$1             -1.608      0.063    -25.621      0.000
    SE6$2             -0.621      0.039    -16.017      0.000
    SE6$3              0.516      0.042     12.201      0.000
    SE7$1             -1.861      0.077    -24.245      0.000
    SE7$2             -0.830      0.047    -17.653      0.000
    SE7$3              0.320      0.043      7.414      0.000
    SE8$1             -0.993      0.042    -23.486      0.000
    SE8$2             -0.024      0.032     -0.746      0.456
    SE8$3              1.090      0.051     21.240      0.000
    SE9$1             -1.141      0.043    -26.810      0.000
    SE9$2             -0.041      0.043     -0.952      0.341
    SE9$3              1.069      0.050     21.485      0.000

 Variances
    IDEA               1.000      0.000    999.000    999.000
    MECH               1.000      0.000    999.000    999.000
    SR                 1.000      0.000    999.000    999.000


STD Standardization

                                                    Two-Tailed
                    Estimate       S.E.  Est./S.E.    P-Value

 IDEA     BY
    SE2                0.549      0.041     13.311      0.000
    SE6                0.877      0.042     21.029      0.000
    SE7                0.739      0.038     19.205      0.000
    SE1                0.190      0.033      5.757      0.000
    SE3               -0.023      0.039     -0.587      0.557
    SE5               -0.106      0.037     -2.859      0.004
    SE4                0.157      0.033      4.795      0.000
    SE8               -0.195      0.024     -8.163      0.000
    SE9                0.221      0.033      6.689      0.000

 MECH     BY
    SE1                0.711      0.043     16.460      0.000
    SE3                0.732      0.044     16.449      0.000
    SE5                0.568      0.035     16.451      0.000
    SE2                0.311      0.034      9.241      0.000
    SE6               -0.142      0.022     -6.473      0.000
    SE7                0.043      0.032      1.346      0.178
    SE4               -0.003      0.021     -0.168      0.867
    SE8                0.007      0.019      0.397      0.691
    SE9                0.022      0.020      1.091      0.275

 SR       BY
    SE4                0.673      0.034     19.833      0.000
    SE8                0.970      0.035     28.086      0.000
    SE9                0.576      0.031     18.293      0.000
    SE2               -0.001      0.034     -0.042      0.966
    SE6                0.060      0.031      1.922      0.055
    SE7                0.111      0.030      3.717      0.000
    SE1               -0.050      0.038     -1.314      0.189
    SE3                0.041      0.034      1.186      0.236
    SE5                0.107      0.040      2.657      0.008

 MECH     WITH
    IDEA               0.510      0.033     15.390      0.000

 SR       WITH
    IDEA               0.704      0.030     23.129      0.000
    MECH               0.428      0.035     12.151      0.000

 Thresholds
    SE1$1             -2.779      0.152    -18.314      0.000
    SE1$2             -1.871      0.084    -22.155      0.000
    SE1$3             -0.849      0.073    -11.558      0.000
    SE2$1             -2.088      0.086    -24.383      0.000
    SE2$2             -1.019      0.050    -20.547      0.000
    SE2$3              0.320      0.048      6.626      0.000
    SE3$1             -2.188      0.096    -22.682      0.000
    SE3$2             -1.165      0.067    -17.255      0.000
    SE3$3              0.044      0.056      0.796      0.426
    SE4$1             -1.411      0.037    -38.166      0.000
    SE4$2             -0.297      0.035     -8.571      0.000
    SE4$3              0.823      0.048     17.279      0.000
    SE5$1             -1.881      0.093    -20.150      0.000
    SE5$2             -0.996      0.048    -20.614      0.000
    SE5$3              0.189      0.045      4.165      0.000
    SE6$1             -1.608      0.063    -25.621      0.000
    SE6$2             -0.621      0.039    -16.017      0.000
    SE6$3              0.516      0.042     12.201      0.000
    SE7$1             -1.861      0.077    -24.245      0.000
    SE7$2             -0.830      0.047    -17.653      0.000
    SE7$3              0.320      0.043      7.414      0.000
    SE8$1             -0.993      0.042    -23.486      0.000
    SE8$2             -0.024      0.032     -0.746      0.456
    SE8$3              1.090      0.051     21.240      0.000
    SE9$1             -1.141      0.043    -26.810      0.000
    SE9$2             -0.041      0.043     -0.952      0.341
    SE9$3              1.069      0.050     21.485      0.000

 Variances
    IDEA               1.000      0.000    999.000    999.000
    MECH               1.000      0.000    999.000    999.000
    SR                 1.000      0.000    999.000    999.000


R-SQUARE

    Observed                                        Two-Tailed   Residual
    Variable        Estimate       S.E.  Est./S.E.    P-Value    Variance

    SE1                0.637      0.050     12.656      0.000      0.363
    SE2                0.571      0.027     20.917      0.000      0.429
    SE3                0.544      0.048     11.303      0.000      0.456
    SE4                0.624      0.025     24.902      0.000      0.376
    SE5                0.320      0.034      9.330      0.000      0.680
    SE6                0.733      0.035     20.792      0.000      0.267
    SE7                0.712      0.022     32.878      0.000      0.288
    SE8                0.718      0.041     17.699      0.000      0.282
    SE9                0.577      0.019     30.678      0.000      0.423


QUALITY OF NUMERICAL RESULTS

     Condition Number for the Information Matrix              0.163E-02
       (ratio of smallest to largest eigenvalue)


CFA MODEL COMMAND WITH FINAL ROTATED ESTIMATES USED AS STARTING VALUES

     idea BY se2*0.54876;
     idea BY se6*0.87708;
     idea BY se7*0.73863;
     idea BY se1*0.18992;
     idea BY se3*-0.02297;
     idea BY se5*-0.10597;
     idea BY se4*0.15721;
     idea BY se8*-0.19521;
     idea BY se9*0.22148;
     mech BY se1*0.71053;
     mech BY se3*0.73163;
     mech BY se5*0.56755;
     mech BY se2*0.31132;
     mech BY se6*-0.14183;
     mech BY se7*0.04340;
     mech BY se4*-0.00344;
     mech BY se8*0.00749;
     mech BY se9*0.02206;
     sr BY se4*0.67333;
     sr BY se8*0.97022;
     sr BY se9*0.57602;
     sr BY se2*-0.00142;
     sr BY se6*0.06007;
     sr BY se7*0.11131;
     sr BY se1*-0.04980;
     sr BY se3*0.04052;
     sr BY se5*0.10739;

     mech WITH idea*0.50959;
     sr WITH idea*0.70351;
     sr WITH mech*0.42755;

     [ se1$1*-2.77874 ];
     [ se1$2*-1.87066 ];
     [ se1$3*-0.84944 ];
     [ se2$1*-2.08759 ];
     [ se2$2*-1.01875 ];
     [ se2$3*0.31999 ];
     [ se3$1*-2.18828 ];
     [ se3$2*-1.16455 ];
     [ se3$3*0.04447 ];
     [ se4$1*-1.41097 ];
     [ se4$2*-0.29668 ];
     [ se4$3*0.82277 ];
     [ se5$1*-1.88059 ];
     [ se5$2*-0.99603 ];
     [ se5$3*0.18921 ];
     [ se6$1*-1.60827 ];
     [ se6$2*-0.62071 ];
     [ se6$3*0.51618 ];
     [ se7$1*-1.86092 ];
     [ se7$2*-0.82998 ];
     [ se7$3*0.31999 ];
     [ se8$1*-0.99323 ];
     [ se8$2*-0.02394 ];
     [ se8$3*1.09030 ];
     [ se9$1*-1.14128 ];
     [ se9$2*-0.04105 ];
     [ se9$3*1.06887 ];

     idea@1;
     mech@1;
     sr@1;



SAMPLE STATISTICS FOR ESTIMATED FACTOR SCORES


     SAMPLE STATISTICS


           Means
              IDEA          IDEA_SE       MECH          MECH_SE       SR
              ________      ________      ________      ________      ________
               -0.018         0.428        -0.031         0.579        -0.005


           Means
              SR_SE
              ________
                0.424


           Covariances
              IDEA          IDEA_SE       MECH          MECH_SE       SR
              ________      ________      ________      ________      ________
 IDEA           0.775
 IDEA_SE        0.032         0.003
 MECH           0.461         0.022         0.626
 MECH_SE        0.042         0.002         0.050         0.005
 SR             0.638         0.030         0.405         0.036         0.782
 SR_SE          0.006         0.001         0.004         0.001         0.006


           Covariances
              SR_SE
              ________
 SR_SE          0.001


           Correlations
              IDEA          IDEA_SE       MECH          MECH_SE       SR
              ________      ________      ________      ________      ________
 IDEA           1.000
 IDEA_SE        0.707         1.000
 MECH           0.662         0.529         1.000
 MECH_SE        0.691         0.681         0.931         1.000
 SR             0.819         0.656         0.579         0.601         1.000
 SR_SE          0.247         0.717         0.175         0.363         0.263


           Correlations
              SR_SE
              ________
 SR_SE          1.000


SAVEDATA INFORMATION


  Save file
    fscores.esem.csv

  Order and format of variables

    SE1            F10.3
    SE2            F10.3
    SE3            F10.3
    SE4            F10.3
    SE5            F10.3
    SE6            F10.3
    SE7            F10.3
    SE8            F10.3
    SE9            F10.3
    ID             F10.3
    FEMALE         F10.3
    ETHNIC         F10.3
    ELL            F10.3
    DISABILI       F10.3
    GIFTED         F10.3
    GRADE_LE       F10.3
    TEST_SCO       F10.3
    MARK           F10.3
    IDEA           F10.3
    IDEA_SE        F10.3
    MECH           F10.3
    MECH_SE        F10.3
    SR             F10.3
    SR_SE          F10.3
    T_ID           I6

  Save file format
    24F10.3 I6

  Save file record length    10000


     Beginning Time:  13:05:02
        Ending Time:  13:05:02
       Elapsed Time:  00:00:00



MUTHEN & MUTHEN
3463 Stoner Ave.
Los Angeles, CA  90066

Tel: (310) 391-9971
Fax: (310) 391-8971
Web: www.StatModel.com
Support: Support@StatModel.com

Copyright (c) 1998-2018 Muthen & Muthen
