Mplus VERSION 8.1 (Mac)
MUTHEN & MUTHEN
04/07/2019   8:02 AM

INPUT INSTRUCTIONS

  Title: WMQ bESEM

  DATA: FILE = "raw.8.9.10.dat";
  VARIABLE:
  NAMES = id female ethnic ell disability t_id gifted grade_level se1 se2 se3 se4 se5
       se6 se7 se8 se9 wses1 wses5 wses8 wses2 wses6 wses3 wses10 wses7 wses4 wses9
       was1 was3 was5 was11 was6 was7 was8 was4 was9 was2 was10 was12;
  MISSING=.;
    UseVariables = se1-se9;
    Auxiliary = id-disability gifted grade_level;
    Categorical = se1-se9;
    Cluster = t_id;
  Analysis:
  Type = complex;
  Estimator = wlsmv;
  PARAMETERIZATION = THETA;
  !starts = 10;
  !ITERATIONS = 6000;
  Rotation = target (orthogonal);
  Model:
  glob by 	se2 se6 se7
  	se1 se3 se5
  	se4 se8 se9 (*1);

  idea by 	se2 se6 se7
  	se1~0 se3~0 se5~0
  	se4~0 se8~0 se9~0 (*1);
  	
  mech by 	se1 se3 se5
  	se2~0 se6~0 se7~0
  	se4~0 se8~0 se9~0 (*1);
  	
  sr by 	se4 se8 se9
  	se2~0 se6~0 se7~0
  	se1~0 se3~0 se5~0 (*1);

  	
  se3@.01;
  !se1-se9 (s1-s9);
  !MODEL CONSTRAINT:
  !s3;
  !0 < s5;

  Output:
  modindices;
  tech4;
  stdyx;

  SaveData:
  save = fscores;
  file = fscores.besem.csv;



INPUT READING TERMINATED NORMALLY



WMQ bESEM

SUMMARY OF ANALYSIS

Number of groups                                                 1
Number of observations                                        1430

Number of dependent variables                                    9
Number of independent variables                                  0
Number of continuous latent variables                            4

Observed dependent variables

  Binary and ordered categorical (ordinal)
   SE1         SE2         SE3         SE4         SE5         SE6
   SE7         SE8         SE9

Observed auxiliary variables
   ID          FEMALE      ETHNIC      ELL         DISABILITY  GIFTED
   GRADE_LEVE

Continuous latent variables

  EFA factors
  *1:   GLOB        IDEA        MECH        SR

Variables with special functions

  Cluster variable      T_ID

Estimator                                                    WLSMV
Rotation                                                    TARGET
Row standardization                                     COVARIANCE
Type of rotation                                        ORTHOGONAL
Maximum number of iterations                                  1000
Convergence criterion                                    0.500D-04
Maximum number of steepest descent iterations                   20
Maximum number of iterations for H1                           2000
Convergence criterion for H1                             0.100D-03
Optimization Specifications for the Exploratory Factor Analysis
Rotation Algorithm
  Number of random starts                                       30
  Maximum number of iterations                             1000000
  Derivative convergence criterion                       0.100D-04
Parameterization                                             THETA
Link                                                        PROBIT

Input data file(s)
  raw.8.9.10.dat

Input data format  FREE


SUMMARY OF DATA

     Number of missing data patterns             1
     Number of clusters          39



COVARIANCE COVERAGE OF DATA

Minimum covariance coverage value   0.100


     PROPORTION OF DATA PRESENT


           Covariance Coverage
              SE1           SE2           SE3           SE4           SE5
              ________      ________      ________      ________      ________
 SE1            1.000
 SE2            1.000         1.000
 SE3            1.000         1.000         1.000
 SE4            1.000         1.000         1.000         1.000
 SE5            1.000         1.000         1.000         1.000         1.000
 SE6            1.000         1.000         1.000         1.000         1.000
 SE7            1.000         1.000         1.000         1.000         1.000
 SE8            1.000         1.000         1.000         1.000         1.000
 SE9            1.000         1.000         1.000         1.000         1.000


           Covariance Coverage
              SE6           SE7           SE8           SE9
              ________      ________      ________      ________
 SE6            1.000
 SE7            1.000         1.000
 SE8            1.000         1.000         1.000
 SE9            1.000         1.000         1.000         1.000


UNIVARIATE PROPORTIONS AND COUNTS FOR CATEGORICAL VARIABLES

    SE1
      Category 1    0.003            4.000
      Category 2    0.025           36.000
      Category 3    0.165          236.000
      Category 4    0.807         1154.000
    SE2
      Category 1    0.017           25.000
      Category 2    0.131          188.000
      Category 3    0.469          670.000
      Category 4    0.383          547.000
    SE3
      Category 1    0.013           18.000
      Category 2    0.103          148.000
      Category 3    0.397          567.000
      Category 4    0.487          697.000
    SE4
      Category 1    0.080          114.000
      Category 2    0.303          434.000
      Category 3    0.412          589.000
      Category 4    0.205          293.000
    SE5
      Category 1    0.029           42.000
      Category 2    0.132          189.000
      Category 3    0.408          584.000
      Category 4    0.430          615.000
    SE6
      Category 1    0.050           72.000
      Category 2    0.213          304.000
      Category 3    0.430          615.000
      Category 4    0.307          439.000
    SE7
      Category 1    0.031           44.000
      Category 2    0.169          242.000
      Category 3    0.420          601.000
      Category 4    0.380          543.000
    SE8
      Category 1    0.157          224.000
      Category 2    0.336          480.000
      Category 3    0.373          534.000
      Category 4    0.134          192.000
    SE9
      Category 1    0.121          173.000
      Category 2    0.359          514.000
      Category 3    0.378          540.000
      Category 4    0.142          203.000



THE MODEL ESTIMATION TERMINATED NORMALLY

     MINIMIZATION FAILED WHILE COMPUTING FACTOR SCORES OR SE FOR THE FOLLOWING
     OBSERVATION(S) :
     294 FOR VARIABLE SE3
     482 FOR VARIABLE SE3
     503 FOR VARIABLE SE3
     850 FOR VARIABLE SE3



MODEL FIT INFORMATION

Number of Free Parameters                       57

Chi-Square Test of Model Fit

          Value                             10.119*
          Degrees of Freedom                     6
          P-Value                           0.1197

*   The chi-square value for MLM, MLMV, MLR, ULSMV, WLSM and WLSMV cannot be used
    for chi-square difference testing in the regular way.  MLM, MLR and WLSM
    chi-square difference testing is described on the Mplus website.  MLMV, WLSMV,
    and ULSMV difference testing is done using the DIFFTEST option.

RMSEA (Root Mean Square Error Of Approximation)

          Estimate                           0.022
          90 Percent C.I.                    0.000  0.045
          Probability RMSEA <= .05           0.982

CFI/TLI

          CFI                                1.000
          TLI                                0.997

Chi-Square Test of Model Fit for the Baseline Model

          Value                           8408.822
          Degrees of Freedom                    36
          P-Value                           0.0000

SRMR (Standardized Root Mean Square Residual)

          Value                              0.007

Optimum Function Value for Weighted Least-Squares Estimator

          Value                     0.11117328D-02



MODEL RESULTS

                                                    Two-Tailed
                    Estimate       S.E.  Est./S.E.    P-Value

 GLOB     BY
    SE2                1.592      1.703      0.935      0.350
    SE6                1.598      0.866      1.846      0.065
    SE7                1.392      0.358      3.891      0.000
    SE1                1.024      0.708      1.446      0.148
    SE3                0.950      2.442      0.389      0.697
    SE5                0.431      0.427      1.009      0.313
    SE4                1.035      0.088     11.717      0.000
    SE8                1.032      0.356      2.895      0.004
    SE9                1.002      0.058     17.239      0.000

 IDEA     BY
    SE2               -0.224      2.593     -0.086      0.931
    SE6                0.908      1.680      0.541      0.589
    SE7                0.496      0.962      0.516      0.606
    SE1               -0.305      0.146     -2.096      0.036
    SE3                0.084      0.071      1.188      0.235
    SE5               -0.242      0.306     -0.793      0.428
    SE4                0.152      0.266      0.572      0.567
    SE8               -0.010      0.175     -0.058      0.953
    SE9                0.190      0.299      0.634      0.526

 MECH     BY
    SE1                0.679      0.967      0.703      0.482
    SE3                1.712      5.465      0.313      0.754
    SE5                0.443      0.659      0.672      0.501
    SE2                0.113      0.343      0.329      0.742
    SE6               -0.198      0.555     -0.356      0.722
    SE7                0.069      0.081      0.851      0.395
    SE4               -0.003      0.093     -0.028      0.978
    SE8                0.020      0.237      0.086      0.931
    SE9                0.022      0.073      0.298      0.766

 SR       BY
    SE4                0.735      0.173      4.240      0.000
    SE8                1.188      0.331      3.586      0.000
    SE9                0.631      0.113      5.569      0.000
    SE2               -0.230      0.067     -3.411      0.001
    SE6                0.086      0.427      0.201      0.841
    SE7                0.181      0.058      3.145      0.002
    SE1               -0.076      0.790     -0.096      0.924
    SE3                0.042      0.054      0.782      0.434
    SE5                0.035      0.444      0.078      0.938

 IDEA     WITH
    GLOB               0.000      0.000    999.000    999.000

 MECH     WITH
    GLOB               0.000      0.000    999.000    999.000
    IDEA               0.000      0.000    999.000    999.000

 SR       WITH
    GLOB               0.000      0.000    999.000    999.000
    IDEA               0.000      0.000    999.000    999.000
    MECH               0.000      0.000    999.000    999.000

 Thresholds
    SE1$1             -4.476      0.501     -8.930      0.000
    SE1$2             -3.087      0.320     -9.648      0.000
    SE1$3             -1.400      0.167     -8.386      0.000
    SE2$1             -4.030      3.642     -1.107      0.268
    SE2$2             -1.989      1.845     -1.078      0.281
    SE2$3              0.571      0.502      1.138      0.255
    SE3$1             -4.925     11.824     -0.417      0.677
    SE3$2             -2.630      6.285     -0.418      0.676
    SE3$3              0.069      0.232      0.299      0.765
    SE4$1             -2.284      0.083    -27.363      0.000
    SE4$2             -0.482      0.058     -8.343      0.000
    SE4$3              1.338      0.085     15.750      0.000
    SE5$1             -2.269      0.116    -19.492      0.000
    SE5$2             -1.186      0.081    -14.730      0.000
    SE5$3              0.212      0.056      3.770      0.000
    SE6$1             -3.453      0.515     -6.699      0.000
    SE6$2             -1.334      0.201     -6.636      0.000
    SE6$3              1.061      0.167      6.366      0.000
    SE7$1             -3.356      0.181    -18.495      0.000
    SE7$2             -1.510      0.096    -15.725      0.000
    SE7$3              0.550      0.084      6.523      0.000
    SE8$1             -1.880      0.154    -12.207      0.000
    SE8$2             -0.036      0.065     -0.552      0.581
    SE8$3              2.063      0.142     14.552      0.000
    SE9$1             -1.827      0.076    -23.982      0.000
    SE9$2             -0.077      0.067     -1.142      0.253
    SE9$3              1.673      0.078     21.502      0.000

 Variances
    GLOB               1.000      0.000    999.000    999.000
    IDEA               1.000      0.000    999.000    999.000
    MECH               1.000      0.000    999.000    999.000
    SR                 1.000      0.000    999.000    999.000

 Residual Variances
    SE3                0.010      0.000    999.000    999.000


STANDARDIZED MODEL RESULTS


STDYX Standardization

                                                    Two-Tailed
                    Estimate       S.E.  Est./S.E.    P-Value

 GLOB     BY
    SE2                0.833      0.135      6.183      0.000
    SE6                0.760      0.413      1.840      0.066
    SE7                0.776      0.194      3.992      0.000
    SE1                0.634      0.394      1.607      0.108
    SE3                0.484      0.223      2.166      0.030
    SE5                0.359      0.368      0.975      0.330
    SE4                0.638      0.048     13.324      0.000
    SE8                0.553      0.188      2.950      0.003
    SE9                0.641      0.024     26.290      0.000

 IDEA     BY
    SE2               -0.117      1.251     -0.094      0.925
    SE6                0.432      0.780      0.553      0.580
    SE7                0.277      0.534      0.518      0.605
    SE1               -0.189      0.079     -2.400      0.016
    SE3                0.043      0.149      0.287      0.774
    SE5               -0.202      0.261     -0.772      0.440
    SE4                0.094      0.165      0.570      0.569
    SE8               -0.005      0.094     -0.058      0.953
    SE9                0.121      0.191      0.635      0.525

 MECH     BY
    SE1                0.421      0.623      0.676      0.499
    SE3                0.872      0.141      6.182      0.000
    SE5                0.369      0.535      0.689      0.491
    SE2                0.059      0.127      0.463      0.643
    SE6               -0.094      0.267     -0.352      0.724
    SE7                0.039      0.045      0.851      0.395
    SE4               -0.002      0.057     -0.028      0.978
    SE8                0.011      0.127      0.086      0.931
    SE9                0.014      0.047      0.297      0.766

 SR       BY
    SE4                0.453      0.101      4.477      0.000
    SE8                0.637      0.164      3.874      0.000
    SE9                0.404      0.073      5.577      0.000
    SE2               -0.120      0.140     -0.862      0.389
    SE6                0.041      0.202      0.202      0.840
    SE7                0.101      0.034      2.938      0.003
    SE1               -0.047      0.486     -0.096      0.923
    SE3                0.021      0.051      0.423      0.672
    SE5                0.029      0.369      0.079      0.937

 IDEA     WITH
    GLOB               0.000      0.000    999.000    999.000

 MECH     WITH
    GLOB               0.000      0.000    999.000    999.000
    IDEA               0.000      0.000    999.000    999.000

 SR       WITH
    GLOB               0.000      0.000    999.000    999.000
    IDEA               0.000      0.000    999.000    999.000
    MECH               0.000      0.000    999.000    999.000

 Thresholds
    SE1$1             -2.771      0.153    -18.128      0.000
    SE1$2             -1.911      0.092    -20.809      0.000
    SE1$3             -0.867      0.074    -11.778      0.000
    SE2$1             -2.109      0.083    -25.407      0.000
    SE2$2             -1.041      0.049    -21.276      0.000
    SE2$3              0.299      0.047      6.419      0.000
    SE3$1             -2.509      1.585     -1.583      0.113
    SE3$2             -1.340      0.861     -1.555      0.120
    SE3$3              0.035      0.059      0.594      0.553
    SE4$1             -1.407      0.037    -37.998      0.000
    SE4$2             -0.297      0.035     -8.554      0.000
    SE4$3              0.824      0.049     16.723      0.000
    SE5$1             -1.890      0.084    -22.504      0.000
    SE5$2             -0.988      0.047    -20.812      0.000
    SE5$3              0.176      0.047      3.783      0.000
    SE6$1             -1.641      0.063    -25.943      0.000
    SE6$2             -0.634      0.038    -16.770      0.000
    SE6$3              0.504      0.041     12.170      0.000
    SE7$1             -1.870      0.077    -24.241      0.000
    SE7$2             -0.842      0.045    -18.749      0.000
    SE7$3              0.306      0.042      7.266      0.000
    SE8$1             -1.008      0.042    -23.906      0.000
    SE8$2             -0.019      0.035     -0.553      0.580
    SE8$3              1.106      0.055     20.178      0.000
    SE9$1             -1.170      0.042    -27.800      0.000
    SE9$2             -0.049      0.043     -1.147      0.251
    SE9$3              1.071      0.051     21.036      0.000

 Variances
    GLOB               1.000      0.000    999.000    999.000
    IDEA               1.000      0.000    999.000    999.000
    MECH               1.000      0.000    999.000    999.000
    SR                 1.000      0.000    999.000    999.000

 Residual Variances
    SE3                0.003      0.016      0.165      0.869


R-SQUARE

    Observed                                        Two-Tailed     Scale
    Variable        Estimate       S.E.  Est./S.E.    P-Value     Factors

    SE1                0.617      0.072      8.597      0.000      0.619
    SE2                0.726      0.498      1.459      0.144      0.523
    SE3                0.997      0.016     63.409      0.000      0.509
    SE4                0.620      0.026     23.842      0.000      0.616
    SE5                0.306      0.058      5.319      0.000      0.833
    SE6                0.774      0.066     11.640      0.000      0.475
    SE7                0.690      0.032     21.488      0.000      0.557
    SE8                0.712      0.039     18.310      0.000      0.536
    SE9                0.590      0.022     27.271      0.000      0.640


QUALITY OF NUMERICAL RESULTS

     Condition Number for the Information Matrix              0.894E-06
       (ratio of smallest to largest eigenvalue)


MODEL MODIFICATION INDICES

NOTE:  Modification indices for direct effects of observed dependent variables
regressed on covariates and residual covariances among observed dependent
variables may not be included.  To include these, request MODINDICES (ALL).

Minimum M.I. value for printing the modification index    10.000

                                   M.I.     E.P.C.  Std E.P.C.  StdYX E.P.C.

WITH Statements

SE3      WITH SE2                 13.687   -72.883    -72.883      -72.883


TECHNICAL 4 OUTPUT


     ESTIMATES DERIVED FROM THE MODEL


           ESTIMATED MEANS FOR THE LATENT VARIABLES
              GLOB          IDEA          MECH          SR
              ________      ________      ________      ________
                0.000         0.000         0.000         0.000


           ESTIMATED COVARIANCE MATRIX FOR THE LATENT VARIABLES
              GLOB          IDEA          MECH          SR
              ________      ________      ________      ________
 GLOB           1.000
 IDEA           0.000         1.000
 MECH           0.000         0.000         1.000
 SR             0.000         0.000         0.000         1.000


           ESTIMATED CORRELATION MATRIX FOR THE LATENT VARIABLES
              GLOB          IDEA          MECH          SR
              ________      ________      ________      ________
 GLOB           1.000
 IDEA           0.000         1.000
 MECH           0.000         0.000         1.000
 SR             0.000         0.000         0.000         1.000


     ESTIMATES DERIVED FROM THE MODEL


           S.E. FOR ESTIMATED MEANS FOR THE LATENT VARIABLES
              GLOB          IDEA          MECH          SR
              ________      ________      ________      ________
                0.000         0.000         0.000         0.000


           EST./S.E. FOR ESTIMATED MEANS FOR THE LATENT VARIABLES
              GLOB          IDEA          MECH          SR
              ________      ________      ________      ________
                0.000         0.000         0.000         0.000


           TWO-TAILED P-VALUE FOR ESTIMATED MEANS FOR THE LATENT VARIABLES
              GLOB          IDEA          MECH          SR
              ________      ________      ________      ________
                1.000         1.000         1.000         1.000


           S.E. FOR ESTIMATED COVARIANCE MATRIX FOR THE LATENT VARIABLES
              GLOB          IDEA          MECH          SR
              ________      ________      ________      ________
 GLOB           0.000
 IDEA           0.000         0.000
 MECH           0.000         0.000         0.000
 SR             0.000         0.000         0.000         0.000


           EST./S.E. FOR ESTIMATED COVARIANCE MATRIX FOR THE LATENT VARIABLES
              GLOB          IDEA          MECH          SR
              ________      ________      ________      ________
 GLOB     ***********
 IDEA           0.000   ***********
 MECH           0.000         0.000   ***********
 SR             0.000         0.000         0.000   ***********


           TWO-TAILED P-VALUE FOR ESTIMATED COVARIANCE MATRIX FOR THE LATENT VARIABLES
              GLOB          IDEA          MECH          SR
              ________      ________      ________      ________
 GLOB           0.000
 IDEA           1.000         0.000
 MECH           1.000         1.000         0.000
 SR             1.000         1.000         1.000         0.000


           S.E. FOR ESTIMATED CORRELATION MATRIX FOR THE LATENT VARIABLES
              GLOB          IDEA          MECH          SR
              ________      ________      ________      ________
 GLOB           0.000
 IDEA           0.000         0.000
 MECH           0.000         0.000         0.000
 SR             0.000         0.000         0.000         0.000


           EST./S.E. FOR ESTIMATED CORRELATION MATRIX FOR THE LATENT VARIABLES
              GLOB          IDEA          MECH          SR
              ________      ________      ________      ________
 GLOB         999.000
 IDEA           0.000       999.000
 MECH           0.000         0.000       999.000
 SR             0.000         0.000         0.000       999.000


           TWO-TAILED P-VALUE FOR ESTIMATED CORRELATION MATRIX FOR THE LATENT VARIABLES
              GLOB          IDEA          MECH          SR
              ________      ________      ________      ________
 GLOB           0.000
 IDEA           1.000         0.000
 MECH           1.000         1.000         0.000
 SR             1.000         1.000         1.000         0.000


SAMPLE STATISTICS FOR ESTIMATED FACTOR SCORES


     SAMPLE STATISTICS


           Means
              GLOB          GLOB_SE       IDEA          IDEA_SE       MECH
              ________      ________      ________      ________      ________
               -0.034         0.420        -0.005         0.799        -0.095


           Means
              MECH_SE       SR            SR_SE
              ________      ________      ________
                0.597         0.026         0.667


           Covariances
              GLOB          GLOB_SE       IDEA          IDEA_SE       MECH
              ________      ________      ________      ________      ________
 GLOB           0.757
 GLOB_SE        0.033         0.002
 IDEA           0.082         0.003         0.329
 IDEA_SE        0.027         0.002         0.003         0.001
 MECH          -0.001         0.004        -0.086         0.003         0.342
 MECH_SE        0.076         0.006         0.003         0.006         0.041
 SR             0.122         0.007        -0.004         0.005        -0.033
 SR_SE          0.012         0.001         0.001         0.001         0.001


           Covariances
              MECH_SE       SR            SR_SE
              ________      ________      ________
 MECH_SE        0.083
 SR            -0.004         0.523
 SR_SE          0.003         0.002         0.001


           Correlations
              GLOB          GLOB_SE       IDEA          IDEA_SE       MECH
              ________      ________      ________      ________      ________
 GLOB           1.000
 GLOB_SE        0.761         1.000
 IDEA           0.165         0.093         1.000
 IDEA_SE        0.792         0.966         0.115         1.000
 MECH          -0.002         0.132        -0.256         0.149         1.000
 MECH_SE        0.302         0.404         0.020         0.516         0.240
 SR             0.194         0.201        -0.010         0.173        -0.078
 SR_SE          0.436         0.823         0.073         0.773         0.055


           Correlations
              MECH_SE       SR            SR_SE
              ________      ________      ________
 MECH_SE        1.000
 SR            -0.019         1.000
 SR_SE          0.325         0.103         1.000


SAVEDATA INFORMATION


  Save file
    fscores.besem.csv

  Order and format of variables

    SE1            F10.3
    SE2            F10.3
    SE3            F10.3
    SE4            F10.3
    SE5            F10.3
    SE6            F10.3
    SE7            F10.3
    SE8            F10.3
    SE9            F10.3
    ID             F10.3
    FEMALE         F10.3
    ETHNIC         F10.3
    ELL            F10.3
    DISABILI       F10.3
    GIFTED         F10.3
    GRADE_LE       F10.3
    GLOB           F10.3
    GLOB_SE        F10.3
    IDEA           F10.3
    IDEA_SE        F10.3
    MECH           F10.3
    MECH_SE        F10.3
    SR             F10.3
    SR_SE          F10.3
    T_ID           I6

  Save file format
    24F10.3 I6

  Save file record length    10000


     Beginning Time:  08:02:31
        Ending Time:  08:02:31
       Elapsed Time:  00:00:00



MUTHEN & MUTHEN
3463 Stoner Ave.
Los Angeles, CA  90066

Tel: (310) 391-9971
Fax: (310) 391-8971
Web: www.StatModel.com
Support: Support@StatModel.com

Copyright (c) 1998-2018 Muthen & Muthen
