Mplus VERSION 8.1 (Mac)
MUTHEN & MUTHEN
04/14/2019   3:23 PM

INPUT INSTRUCTIONS

  TITLE: 4-Calibrate ESEM LPA
  DATA: FILE = "fscores.esem.dat";
  VARIABLE:
  NAMES = id se1 se2 se3 se4 se5 se6 se7 se8 se9 female ethnic ell disability gifted
       grade_level test_score mark idea idea_se mech mech_se sr sr_se t_id minority bs
       as affect concern total_8th total_10th cat1_8th cat1_10th cat2_8th cat2_10th;
  MISSING=.;
  !auxiliar = (R3STEP) mark;
  auxiliary = (bch) bs-cat2_10th;
  USEVARIABLES = idea mech sr;
  CLASSES = c (4);
  ANALYSIS: TYPE = MIXTURE;
  Starts = 750 200;
  Processors = 6 4;
  OUTPUT:
  !TECH11;
  !TECH14;
  !svalues;



*** WARNING in MODEL command
  All variables are uncorrelated with all other variables within class.
  Check that this is what is intended.
   1 WARNING(S) FOUND IN THE INPUT INSTRUCTIONS



4-Calibrate ESEM LPA

SUMMARY OF ANALYSIS

Number of groups                                                 1
Number of observations                                        1466

Number of dependent variables                                    3
Number of independent variables                                  0
Number of continuous latent variables                            0
Number of categorical latent variables                           1

Observed dependent variables

  Continuous
   IDEA        MECH        SR

Observed auxiliary variables
   BS          AS          AFFECT      CONCERN     TOTAL_8TH   TOTAL_10TH
   CAT1_8TH    CAT1_10TH   CAT2_8TH    CAT2_10TH

Categorical latent variables
   C


Estimator                                                      MLR
Information matrix                                        OBSERVED
Optimization Specifications for the Quasi-Newton Algorithm for
Continuous Outcomes
  Maximum number of iterations                                 100
  Convergence criterion                                  0.100D-05
Optimization Specifications for the EM Algorithm
  Maximum number of iterations                                 500
  Convergence criteria
    Loglikelihood change                                 0.100D-06
    Relative loglikelihood change                        0.100D-06
    Derivative                                           0.100D-05
Optimization Specifications for the M step of the EM Algorithm for
Categorical Latent variables
  Number of M step iterations                                    1
  M step convergence criterion                           0.100D-05
  Basis for M step termination                           ITERATION
Optimization Specifications for the M step of the EM Algorithm for
Censored, Binary or Ordered Categorical (Ordinal), Unordered
Categorical (Nominal) and Count Outcomes
  Number of M step iterations                                    1
  M step convergence criterion                           0.100D-05
  Basis for M step termination                           ITERATION
  Maximum value for logit thresholds                            15
  Minimum value for logit thresholds                           -15
  Minimum expected cell size for chi-square              0.100D-01
Maximum number of iterations for H1                           2000
Convergence criterion for H1                             0.100D-03
Optimization algorithm                                         EMA
Random Starts Specifications
  Number of initial stage random starts                        750
  Number of final stage optimizations                          200
  Number of initial stage iterations                            10
  Initial stage convergence criterion                    0.100D+01
  Random starts scale                                    0.500D+01
  Random seed for generating random starts                       0

Input data file(s)
  fscores.esem.dat
Input data format  FREE


SUMMARY OF DATA

     Number of missing data patterns             1
     Number of y missing data patterns           1
     Number of u missing data patterns           0


COVARIANCE COVERAGE OF DATA

Minimum covariance coverage value   0.100


     PROPORTION OF DATA PRESENT FOR Y


           Covariance Coverage
              IDEA          MECH          SR
              ________      ________      ________
 IDEA           1.000
 MECH           1.000         1.000
 SR             1.000         1.000         1.000



UNIVARIATE SAMPLE STATISTICS


     UNIVARIATE HIGHER-ORDER MOMENT DESCRIPTIVE STATISTICS

         Variable/         Mean/     Skewness/   Minimum/ % with                Percentiles
        Sample Size      Variance    Kurtosis    Maximum  Min/Max      20%/60%    40%/80%    Median

     IDEA                 -0.018      -0.168      -2.870    0.07%      -0.785     -0.218     -0.037
            1466.000       0.775      -0.313       1.631    3.34%       0.201      0.740
     MECH                 -0.031      -0.415      -3.258    0.07%      -0.695     -0.203      0.022
            1466.000       0.626      -0.150       1.309    3.34%       0.234      0.659
     SR                   -0.005       0.022      -2.521    0.07%      -0.738     -0.260     -0.027
            1466.000       0.782      -0.306       1.889    3.34%       0.226      0.740

RANDOM STARTS RESULTS RANKED FROM THE BEST TO THE WORST LOGLIKELIHOOD VALUES

Final stage loglikelihood values at local maxima, seeds, and initial stage start numbers:

           -4380.893  652266           490
           -4380.893  505244           582
           -4380.893  748692           204
           -4380.893  79945            395
           -4380.893  298275           418
           -4380.893  484406           421
           -4380.893  173191           422
           -4380.893  931874           141
           -4380.893  685657           69
           -4380.893  804561           59
           -4380.893  414284           158
           -4380.893  903633           553
           -4380.893  67009            564
           -4380.893  220454           288
           -4380.893  650354           577
           -4380.893  316165           299
           -4380.893  273992           349
           -4380.893  617243           237
           -4380.893  766903           505
           -4380.893  635245           121
           -4380.893  190339           102
           -4380.893  268217           83
           -4380.893  192071           142
           -4380.893  140849           515
           -4380.893  622860           259
           -4380.893  576726           280
           -4380.893  163110           584
           -4380.893  284384           600
           -4380.893  392766           331
           -4380.893  666720           671
           -4380.893  853781           716
           -4380.893  741484           441
           -4380.893  751054           117
           -4380.893  608460           244
           -4380.893  972430           491
           -4380.893  848969           173
           -4380.893  443917           60
           -4380.893  373505           88
           -4380.893  343926           624
           -4380.893  667250           318
           -4380.893  953843           651
           -4380.893  659773           663
           -4380.893  714997           399
           -4380.893  609089           241
           -4380.893  80438            246
           -4380.893  963053           43
           -4380.893  545140           278
           -4380.893  118438           601
           -4380.893  545108           667
           -4380.893  512403           719
           -4380.893  153053           378
           -4380.893  903420           5
           -4380.893  505879           424
           -4380.893  181293           212
           -4380.893  195353           225
           -4380.893  922042           492
           -4380.893  307843           664
           -4380.893  91231            727
           -4380.893  548673           732
           -4380.893  335485           496
           -4380.893  22089            143
           -4380.893  349263           263
           -4380.893  930323           267
           -4380.893  231281           542
           -4380.893  434915           552
           -4380.893  574942           558
           -4380.893  781489           627
           -4380.893  865906           641
           -4380.893  712702           684
           -4380.893  21132            351
           -4380.893  765586           709
           -4380.893  76451            211
           -4380.893  408713           450
           -4380.893  483369           270
           -4380.893  425982           485
           -4380.893  369602           146
           -4380.893  529496           343
           -4380.893  193847           354
           -4380.893  971693           470
           -4380.893  51375            148
           -4380.893  489927           520
           -4380.893  655497           376
           -4380.893  354208           196
           -4380.893  761633           50
           -4380.893  915642           40
           -4380.893  100874           108
           -4380.893  291149           536
           -4380.893  15715            274
           -4380.893  810705           626
           -4380.893  876943           650
           -4380.893  373702           669
           -4380.893  760850           739
           -4380.893  787985           482
           -4380.893  213189           605
           -4380.893  117391           710
           -4380.893  833196           715
           -4380.893  891531           206
           -4380.893  217130           443
           -4380.893  130011           587
           -4380.893  97300            640
           -4380.893  848590           694
           -4380.893  625191           350
           -4380.893  937885           426
           -4380.893  175199           247
           -4380.893  263268           165
           -4380.893  479273           156
           -4380.893  688839           273
           -4380.893  375590           438
           -4380.893  70118            104
           -4380.893  533738           11
           -4380.893  783102           433
           -4380.893  486622           522
           -4380.893  897782           545
           -4380.893  359578           458
           -4380.893  341041           34
           -4380.893  948615           140
           -4380.893  863094           147
           -4380.893  605565           404
           -4380.893  638977           643
           -4380.893  210870           383
           -4380.893  344422           296
           -4380.893  798839           312
           -4380.893  629320           222
           -4380.893  626087           314
           -4380.893  802256           477
           -4380.893  153942           31
           -4380.893  614009           317
           -4380.893  922596           456
           -4380.893  136842           58
           -4380.893  915107           54
           -4380.893  126371           526
           -4380.893  763285           620
           -4380.893  654136           167
           -4380.893  647617           725
           -4380.893  220492           743
           -4380.893  418686           338
           -4380.893  215353           164
           -4380.893  569131           26
           -4380.893  113138           585
           -4380.893  662718           460
           -4380.893  59674            240
           -4380.893  294669           501
           -4380.893  391179           78
           -4380.893  966014           37
           -4380.893  178475           231
           -4380.893  140442           500
           -4380.893  252346           528
           -4380.893  746978           410
           -4380.893  314757           345
           -4380.893  793035           187
           -4380.893  562716           300
           -4380.893  610181           711
           -4380.893  556929           734
           -4380.893  354559           73
           -4380.893  967902           52
           -4380.893  105435           265
           -4380.893  173440           328
           -4380.893  792389           746
           -4380.893  286735           175
           -4380.893  211281           292
           -4380.893  377584           630
           -4380.893  783110           72
           -4380.893  392418           28
           -4380.893  910224           580
           -4380.893  399671           13
           -4380.893  712531           631
           -4380.893  114433           708
           -4380.893  521575           313
           -4380.893  178031           720
           -4380.893  575700           100
           -4380.893  466971           109
           -4380.893  514326           325
           -4380.893  637095           207
           -4380.893  579995           183
           -4380.893  778953           635
           -4380.893  849670           347
           -4380.893  788796           145
           -4380.893  348637           749
           -4380.893  638611           524
           -4380.893  373815           618
           -4380.893  4091             548
           -4380.893  79212            517
           -4380.893  34346            330
           -4380.893  871438           561
           -4380.893  42523            730
           -4380.893  669634           335
           -4380.893  937225           394
           -4380.893  769907           457
           -4380.893  580405           286
           -4380.893  276102           599
           -4380.893  621542           375
           -4380.893  848163           47
           -4380.893  926797           406
           -4380.893  677062           680
           -4380.893  442072           625
           -4380.893  193569           440
           -4380.893  723775           97
           -4380.893  285380           1
           -4380.893  830570           369
           -4380.893  821011           161



THE BEST LOGLIKELIHOOD VALUE HAS BEEN REPLICATED.  RERUN WITH AT LEAST TWICE THE
RANDOM STARTS TO CHECK THAT THE BEST LOGLIKELIHOOD IS STILL OBTAINED AND REPLICATED.


THE MODEL ESTIMATION TERMINATED NORMALLY



MODEL FIT INFORMATION

Number of Free Parameters                       18

Loglikelihood

          H0 Value                       -4380.893
          H0 Scaling Correction Factor      1.2546
            for MLR

Information Criteria

          Akaike (AIC)                    8797.787
          Bayesian (BIC)                  8893.012
          Sample-Size Adjusted BIC        8835.832
            (n* = (n + 2) / 24)



FINAL CLASS COUNTS AND PROPORTIONS FOR THE LATENT CLASSES
BASED ON THE ESTIMATED MODEL

    Latent
   Classes

       1        201.46611          0.13743
       2        519.19608          0.35416
       3        542.24763          0.36988
       4        203.09018          0.13853


FINAL CLASS COUNTS AND PROPORTIONS FOR THE LATENT CLASSES
BASED ON ESTIMATED POSTERIOR PROBABILITIES

    Latent
   Classes

       1        201.46611          0.13743
       2        519.19607          0.35416
       3        542.24763          0.36988
       4        203.09018          0.13853


FINAL CLASS COUNTS AND PROPORTIONS FOR THE LATENT CLASSES
BASED ON THEIR MOST LIKELY LATENT CLASS MEMBERSHIP

Class Counts and Proportions

    Latent
   Classes

       1              198          0.13506
       2              533          0.36357
       3              540          0.36835
       4              195          0.13302


CLASSIFICATION QUALITY

     Entropy                         0.796


Average Latent Class Probabilities for Most Likely Latent Class Membership (Row)
by Latent Class (Column)

           1        2        3        4

    1   0.903    0.000    0.097    0.000
    2   0.000    0.862    0.092    0.046
    3   0.042    0.080    0.878    0.000
    4   0.000    0.085    0.000    0.915


Classification Probabilities for the Most Likely Latent Class Membership (Column)
by Latent Class (Row)

           1        2        3        4

    1   0.887    0.000    0.113    0.000
    2   0.000    0.885    0.083    0.032
    3   0.035    0.090    0.875    0.000
    4   0.000    0.121    0.000    0.879


Logits for the Classification Probabilities for the Most Likely Latent Class Membership (Column)
by Latent Class (Row)

              1        2        3        4

    1     13.696    0.302   11.632    0.000
    2    -10.151    3.325    0.957    0.000
    3     10.476   11.407   13.681    0.000
    4    -13.686   -1.980  -13.308    0.000


MODEL RESULTS

                                                    Two-Tailed
                    Estimate       S.E.  Est./S.E.    P-Value

Latent Class 1

 Means
    IDEA              -1.379      0.070    -19.816      0.000
    MECH              -1.000      0.085    -11.790      0.000
    SR                -1.259      0.075    -16.744      0.000

 Variances
    IDEA               0.153      0.010     15.189      0.000
    MECH               0.329      0.014     23.556      0.000
    SR                 0.213      0.010     21.502      0.000

Latent Class 2

 Means
    IDEA               0.414      0.066      6.315      0.000
    MECH               0.222      0.047      4.674      0.000
    SR                 0.381      0.061      6.203      0.000

 Variances
    IDEA               0.153      0.010     15.189      0.000
    MECH               0.329      0.014     23.556      0.000
    SR                 0.213      0.010     21.502      0.000

Latent Class 3

 Means
    IDEA              -0.420      0.069     -6.104      0.000
    MECH              -0.269      0.048     -5.652      0.000
    SR                -0.403      0.062     -6.502      0.000

 Variances
    IDEA               0.153      0.010     15.189      0.000
    MECH               0.329      0.014     23.556      0.000
    SR                 0.213      0.010     21.502      0.000

Latent Class 4

 Means
    IDEA               1.303      0.045     28.814      0.000
    MECH               0.916      0.050     18.248      0.000
    SR                 1.317      0.070     18.838      0.000

 Variances
    IDEA               0.153      0.010     15.189      0.000
    MECH               0.329      0.014     23.556      0.000
    SR                 0.213      0.010     21.502      0.000

Categorical Latent Variables

 Means
    C#1               -0.008      0.240     -0.033      0.973
    C#2                0.939      0.130      7.193      0.000
    C#3                0.982      0.182      5.382      0.000


QUALITY OF NUMERICAL RESULTS

     Condition Number for the Information Matrix              0.643E-05
       (ratio of smallest to largest eigenvalue)


EQUALITY TESTS OF MEANS ACROSS CLASSES USING THE BCH PROCEDURE
WITH 3 DEGREE(S) OF FREEDOM FOR THE OVERALL TEST

BS
                          Mean       S.E.                          Mean       S.E.

  Class 1               -2.037      0.131  Class 2                0.627      0.059
  Class 3               -0.434      0.071  Class 4                1.576      0.081

                    Chi-Square     P-Value                   Chi-Square     P-Value

  Overall test         772.746      0.000  Class 1 vs. 2        346.153      0.000
  Class 1 vs. 3        103.306      0.000  Class 1 vs. 4        548.947      0.000
  Class 2 vs. 3        111.809      0.000  Class 2 vs. 4         80.338      0.000
  Class 3 vs. 4        357.042      0.000

AS
                          Mean       S.E.                          Mean       S.E.

  Class 1               -2.413      0.132  Class 2                0.802      0.062
  Class 3               -0.573      0.078  Class 4                1.872      0.089

                    Chi-Square     P-Value                   Chi-Square     P-Value

  Overall test        1010.785      0.000  Class 1 vs. 2        491.017      0.000
  Class 1 vs. 3        128.821      0.000  Class 1 vs. 4        725.877      0.000
  Class 2 vs. 3        160.469      0.000  Class 2 vs. 4         86.491      0.000
  Class 3 vs. 4        434.279      0.000

AFFECT
                          Mean       S.E.                          Mean       S.E.

  Class 1               -0.735      0.052  Class 2                0.246      0.039
  Class 3               -0.238      0.037  Class 4                0.737      0.065

                    Chi-Square     P-Value                   Chi-Square     P-Value

  Overall test         447.165      0.000  Class 1 vs. 2        233.791      0.000
  Class 1 vs. 3         53.802      0.000  Class 1 vs. 4        315.086      0.000
  Class 2 vs. 3         69.088      0.000  Class 2 vs. 4         37.811      0.000
  Class 3 vs. 4        174.452      0.000

CONCERN
                          Mean       S.E.                          Mean       S.E.

  Class 1                0.686      0.054  Class 2               -0.241      0.036
  Class 3                0.234      0.034  Class 4               -0.688      0.063

                    Chi-Square     P-Value                   Chi-Square     P-Value

  Overall test         404.691      0.000  Class 1 vs. 2        205.246      0.000
  Class 1 vs. 3         43.674      0.000  Class 1 vs. 4        272.583      0.000
  Class 2 vs. 3         77.046      0.000  Class 2 vs. 4         33.867      0.000
  Class 3 vs. 4        168.188      0.000

TOTAL_8TH
                          Mean       S.E.                          Mean       S.E.

  Class 1              429.996     15.955  Class 2              473.245      9.228
  Class 3              422.432     10.870  Class 4              507.786     14.957

                    Chi-Square     P-Value                   Chi-Square     P-Value

  Overall test          29.522      0.000  Class 1 vs. 2          5.605      0.018
  Class 1 vs. 3          0.136      0.713  Class 1 vs. 4         12.630      0.000
  Class 2 vs. 3         10.672      0.001  Class 2 vs. 4          3.427      0.064
  Class 3 vs. 4         21.698      0.000

TOTAL_10TH
                          Mean       S.E.                          Mean       S.E.

  Class 1              424.747      5.485  Class 2              469.808      4.732
  Class 3              453.722      3.985  Class 4              492.740      6.358

                    Chi-Square     P-Value                   Chi-Square     P-Value

  Overall test          80.193      0.000  Class 1 vs. 2         39.475      0.000
  Class 1 vs. 3         16.103      0.000  Class 1 vs. 4         65.460      0.000
  Class 2 vs. 3          5.671      0.017  Class 2 vs. 4          7.373      0.007
  Class 3 vs. 4         27.516      0.000

CAT1_8TH
                          Mean       S.E.                          Mean       S.E.

  Class 1               33.550      1.875  Class 2               36.874      1.030
  Class 3               32.024      1.131  Class 4               40.687      1.550

                    Chi-Square     P-Value                   Chi-Square     P-Value

  Overall test          24.781      0.000  Class 1 vs. 2          2.454      0.117
  Class 1 vs. 3          0.432      0.511  Class 1 vs. 4          8.595      0.003
  Class 2 vs. 3          8.398      0.004  Class 2 vs. 4          3.719      0.054
  Class 3 vs. 4         20.787      0.000

CAT1_10TH
                          Mean       S.E.                          Mean       S.E.

  Class 1               33.000      0.610  Class 2               37.517      0.504
  Class 3               36.008      0.434  Class 4               40.063      0.688

                    Chi-Square     P-Value                   Chi-Square     P-Value

  Overall test          70.313      0.000  Class 1 vs. 2         33.229      0.000
  Class 1 vs. 3         14.228      0.000  Class 1 vs. 4         58.862      0.000
  Class 2 vs. 3          4.317      0.038  Class 2 vs. 4          7.856      0.005
  Class 3 vs. 4         25.285      0.000

CAT2_8TH
                          Mean       S.E.                          Mean       S.E.

  Class 1               32.293      1.396  Class 2               36.930      0.822
  Class 3               32.362      1.042  Class 4               38.915      1.309

                    Chi-Square     P-Value                   Chi-Square     P-Value

  Overall test          26.106      0.000  Class 1 vs. 2          8.346      0.004
  Class 1 vs. 3          0.001      0.970  Class 1 vs. 4         11.955      0.001
  Class 2 vs. 3          9.992      0.002  Class 2 vs. 4          1.461      0.227
  Class 3 vs. 4         15.629      0.000

CAT2_10TH
                          Mean       S.E.                          Mean       S.E.

  Class 1               32.424      0.667  Class 2               37.643      0.560
  Class 3               35.681      0.479  Class 4               39.621      0.717

                    Chi-Square     P-Value                   Chi-Square     P-Value

  Overall test          68.019      0.000  Class 1 vs. 2         36.624      0.000
  Class 1 vs. 3         13.871      0.000  Class 1 vs. 4         53.898      0.000
  Class 2 vs. 3          5.939      0.015  Class 2 vs. 4          4.151      0.042
  Class 3 vs. 4         21.244      0.000



     Beginning Time:  15:23:02
        Ending Time:  15:23:16
       Elapsed Time:  00:00:14



MUTHEN & MUTHEN
3463 Stoner Ave.
Los Angeles, CA  90066

Tel: (310) 391-9971
Fax: (310) 391-8971
Web: www.StatModel.com
Support: Support@StatModel.com

Copyright (c) 1998-2018 Muthen & Muthen
