
Mplus VERSION 8.1 (Mac)
MUTHEN & MUTHEN
03/30/2019   7:29 AM

INPUT INSTRUCTIONS

  Title: WMQ EFA

  DATA: FILE = "raw.8.9.10.dat";
  VARIABLE:
  NAMES = id female ethnic ell disability t_id gifted grade_level se1 se2 se3 se4 se5
       se6 se7 se8 se9 wses1 wses5 wses8 wses2 wses6 wses3 wses10 wses7 wses4 wses9
       was1 was3 was5 was11 was6 was7 was8 was4 was9 was2 was10 was12;
  MISSING=.;
    UseVariables = se1-se9;
    !Auxiliary = id-y2_q3_grade;
    !Categorical = se1-se9;
    Cluster = t_id;
  Analysis:
  Type = EFA 1 4 complex;
  !type = general;
  !Estimator = WLSMV;
  !Model:
  !glob by w3_se1 w3_se2 w3_se3 w3_se4 w3_se5 w3_se6 w3_se7 w3_se8 w3_se9;

  !idea by w3_se2 w3_se6 w3_se7;
  !mech by w3_se1 w3_se3 w3_se5;
  !sr by w3_se4 w3_se8 w3_se9;

  !glob@1;

  !idea@1;
  !mech@1;
  !sr@1;


  !glob with idea-sr@0;
  !idea with mech sr@0;
  !mech with idea sr@0;
  !sr with idea mech@0;


  !Output:
  !Standardized;
  !Savedata:
  !File = fscores.csv;
  !save = fscores;

  !Output:
  !FSDETERMINACY;
  !FSCOEFFICIENT;



INPUT READING TERMINATED NORMALLY



WMQ EFA

SUMMARY OF ANALYSIS

Number of groups                                                 1
Number of observations                                        1430

Number of dependent variables                                    9
Number of independent variables                                  0
Number of continuous latent variables                            0

Observed dependent variables

  Continuous
   SE1         SE2         SE3         SE4         SE5         SE6
   SE7         SE8         SE9

Variables with special functions

  Cluster variable      T_ID

Estimator                                                      MLR
Rotation                                                    GEOMIN
Row standardization                                    CORRELATION
Type of rotation                                           OBLIQUE
Epsilon value                                               Varies
Information matrix                                        OBSERVED
Maximum number of iterations                                  1000
Convergence criterion                                    0.500D-04
Maximum number of steepest descent iterations                   20
Maximum number of iterations for H1                           2000
Convergence criterion for H1                             0.100D-03
Optimization Specifications for the Exploratory Factor Analysis
Rotation Algorithm
  Number of random starts                                       30
  Maximum number of iterations                               10000
  Derivative convergence criterion                       0.100D-04

Input data file(s)
  raw.8.9.10.dat

Input data format  FREE


SUMMARY OF DATA

     Number of missing data patterns             1
     Number of clusters          39



COVARIANCE COVERAGE OF DATA

Minimum covariance coverage value   0.100


     PROPORTION OF DATA PRESENT


           Covariance Coverage
              SE1           SE2           SE3           SE4           SE5
              ________      ________      ________      ________      ________
 SE1            1.000
 SE2            1.000         1.000
 SE3            1.000         1.000         1.000
 SE4            1.000         1.000         1.000         1.000
 SE5            1.000         1.000         1.000         1.000         1.000
 SE6            1.000         1.000         1.000         1.000         1.000
 SE7            1.000         1.000         1.000         1.000         1.000
 SE8            1.000         1.000         1.000         1.000         1.000
 SE9            1.000         1.000         1.000         1.000         1.000


           Covariance Coverage
              SE6           SE7           SE8           SE9
              ________      ________      ________      ________
 SE6            1.000
 SE7            1.000         1.000
 SE8            1.000         1.000         1.000
 SE9            1.000         1.000         1.000         1.000



UNIVARIATE SAMPLE STATISTICS


     UNIVARIATE HIGHER-ORDER MOMENT DESCRIPTIVE STATISTICS

         Variable/         Mean/     Skewness/   Minimum/ % with                Percentiles
        Sample Size      Variance    Kurtosis    Maximum  Min/Max      20%/60%    40%/80%    Median

     SE1                   3.776      -2.277       1.000    0.28%       4.000      4.000      4.000
            1430.000       0.241       5.253       4.000   80.70%       4.000      4.000
     SE2                   3.216      -0.628       1.000    1.75%       3.000      3.000      3.000
            1430.000       0.537      -0.039       4.000   38.25%       3.000      4.000
     SE3                   3.359      -0.857       1.000    1.26%       3.000      3.000      3.000
            1430.000       0.513       0.164       4.000   48.74%       4.000      4.000
     SE4                   2.742      -0.196       1.000    7.97%       2.000      3.000      3.000
            1430.000       0.761      -0.682       4.000   20.49%       3.000      4.000
     SE5                   3.239      -0.809       1.000    2.94%       3.000      3.000      3.000
            1430.000       0.623       0.085       4.000   43.01%       4.000      4.000
     SE6                   2.994      -0.482       1.000    5.03%       2.000      3.000      3.000
            1430.000       0.721      -0.465       4.000   30.70%       3.000      4.000
     SE7                   3.149      -0.629       1.000    3.08%       2.000      3.000      3.000
            1430.000       0.650      -0.276       4.000   37.97%       3.000      4.000
     SE8                   2.485      -0.045       1.000   15.66%       2.000      2.000      3.000
            1430.000       0.832      -0.811       4.000   13.43%       3.000      3.000
     SE9                   2.541      -0.031       1.000   12.10%       2.000      2.000      3.000
            1430.000       0.774      -0.710       4.000   14.20%       3.000      3.000


     NO CONVERGENCE.  NUMBER OF ITERATIONS EXCEEDED.
     PROBLEM OCCURRED IN EXPLORATORY FACTOR ANALYSIS WITH 4 FACTOR(S).




SUMMARY OF MODEL FIT INFORMATION


                   Number of                   Degrees of
     Model        Parameters      Chi-Square    Freedom     P-Value

     1-factor          27            526.688        27       0.0000
     2-factor          35            259.368        19       0.0000
     3-factor          42             28.531        12       0.0046
     4-factor         N/A

                                               Degrees of
     Models Compared              Chi-Square    Freedom     P-Value

     1-factor against 2-factor       227.110         8       0.0000
     2-factor against 3-factor       289.485         7       0.0000



RESULTS FOR EXPLORATORY FACTOR ANALYSIS


           EIGENVALUES FOR SAMPLE CORRELATION MATRIX
                  1             2             3             4             5
              ________      ________      ________      ________      ________
                3.894         1.283         0.834         0.687         0.587


           EIGENVALUES FOR SAMPLE CORRELATION MATRIX
                  6             7             8             9
              ________      ________      ________      ________
                0.479         0.456         0.415         0.366


EXPLORATORY FACTOR ANALYSIS WITH 1 FACTOR(S):


MODEL FIT INFORMATION

Number of Free Parameters                       27

Loglikelihood

          H0 Value                      -13195.056
          H0 Scaling Correction Factor      1.6483
            for MLR
          H1 Value                      -12864.839
          H1 Scaling Correction Factor      1.4511
            for MLR

Information Criteria

          Akaike (AIC)                   26444.113
          Bayesian (BIC)                 26586.279
          Sample-Size Adjusted BIC       26500.510
            (n* = (n + 2) / 24)

Chi-Square Test of Model Fit

          Value                            526.688*
          Degrees of Freedom                    27
          P-Value                           0.0000
          Scaling Correction Factor         1.2539
            for MLR

*   The chi-square value for MLM, MLMV, MLR, ULSMV, WLSM and WLSMV cannot be used
    for chi-square difference testing in the regular way.  MLM, MLR and WLSM
    chi-square difference testing is described on the Mplus website.  MLMV, WLSMV,
    and ULSMV difference testing is done using the DIFFTEST option.

RMSEA (Root Mean Square Error Of Approximation)

          Estimate                           0.114
          90 Percent C.I.                    0.105  0.122
          Probability RMSEA <= .05           0.000

CFI/TLI

          CFI                                0.856
          TLI                                0.808

Chi-Square Test of Model Fit for the Baseline Model

          Value                           3510.371
          Degrees of Freedom                    36
          P-Value                           0.0000

SRMR (Standardized Root Mean Square Residual)

          Value                              0.069



MINIMUM ROTATION FUNCTION VALUE       3.30541



           GEOMIN ROTATED LOADINGS (* significant at 5% level)
                  1
              ________
 SE1            0.448*
 SE2            0.643*
 SE3            0.417*
 SE4            0.696*
 SE5            0.317*
 SE6            0.703*
 SE7            0.749*
 SE8            0.628*
 SE9            0.694*


           GEOMIN FACTOR CORRELATIONS (* significant at 5% level)
                  1
              ________
      1         1.000


           ESTIMATED RESIDUAL VARIANCES
              SE1           SE2           SE3           SE4           SE5
              ________      ________      ________      ________      ________
                0.799         0.586         0.826         0.515         0.900


           ESTIMATED RESIDUAL VARIANCES
              SE6           SE7           SE8           SE9
              ________      ________      ________      ________
                0.506         0.439         0.605         0.519


           S.E. GEOMIN ROTATED LOADINGS
                  1
              ________
 SE1            0.029
 SE2            0.015
 SE3            0.024
 SE4            0.022
 SE5            0.028
 SE6            0.019
 SE7            0.015
 SE8            0.024
 SE9            0.019


           S.E. GEOMIN FACTOR CORRELATIONS
                  1
              ________
      1         0.000


           S.E. ESTIMATED RESIDUAL VARIANCES
              SE1           SE2           SE3           SE4           SE5
              ________      ________      ________      ________      ________
                0.026         0.020         0.020         0.031         0.018


           S.E. ESTIMATED RESIDUAL VARIANCES
              SE6           SE7           SE8           SE9
              ________      ________      ________      ________
                0.027         0.022         0.031         0.026


           Est./S.E. GEOMIN ROTATED LOADINGS
                  1
              ________
 SE1           15.352
 SE2           42.325
 SE3           17.735
 SE4           31.462
 SE5           11.143
 SE6           36.855
 SE7           50.851
 SE8           25.807
 SE9           36.729


           Est./S.E. GEOMIN FACTOR CORRELATIONS
                  1
              ________
      1         0.000


           Est./S.E. ESTIMATED RESIDUAL VARIANCES
              SE1           SE2           SE3           SE4           SE5
              ________      ________      ________      ________      ________
               30.513        29.956        42.049        16.710        50.007


           Est./S.E. ESTIMATED RESIDUAL VARIANCES
              SE6           SE7           SE8           SE9
              ________      ________      ________      ________
               18.901        19.924        19.773        19.814


EXPLORATORY FACTOR ANALYSIS WITH 2 FACTOR(S):


MODEL FIT INFORMATION

Number of Free Parameters                       35

Loglikelihood

          H0 Value                      -13004.104
          H0 Scaling Correction Factor      1.6559
            for MLR
          H1 Value                      -12864.839
          H1 Scaling Correction Factor      1.4511
            for MLR

Information Criteria

          Akaike (AIC)                   26078.208
          Bayesian (BIC)                 26262.498
          Sample-Size Adjusted BIC       26151.315
            (n* = (n + 2) / 24)

Chi-Square Test of Model Fit

          Value                            259.368*
          Degrees of Freedom                    19
          P-Value                           0.0000
          Scaling Correction Factor         1.0739
            for MLR

*   The chi-square value for MLM, MLMV, MLR, ULSMV, WLSM and WLSMV cannot be used
    for chi-square difference testing in the regular way.  MLM, MLR and WLSM
    chi-square difference testing is described on the Mplus website.  MLMV, WLSMV,
    and ULSMV difference testing is done using the DIFFTEST option.

RMSEA (Root Mean Square Error Of Approximation)

          Estimate                           0.094
          90 Percent C.I.                    0.084  0.104
          Probability RMSEA <= .05           0.000

CFI/TLI

          CFI                                0.931
          TLI                                0.869

Chi-Square Test of Model Fit for the Baseline Model

          Value                           3510.371
          Degrees of Freedom                    36
          P-Value                           0.0000

SRMR (Standardized Root Mean Square Residual)

          Value                              0.034



MINIMUM ROTATION FUNCTION VALUE       0.39778



           GEOMIN ROTATED LOADINGS (* significant at 5% level)
                  1             2
              ________      ________
 SE1            0.638*        0.028
 SE2            0.403*        0.376*
 SE3            0.642*       -0.007
 SE4           -0.007         0.733*
 SE5            0.485*       -0.009
 SE6            0.066         0.665*
 SE7            0.195*        0.619*
 SE8           -0.044         0.690*
 SE9            0.000         0.723*


           GEOMIN FACTOR CORRELATIONS (* significant at 5% level)
                  1             2
              ________      ________
      1         1.000
      2         0.500*        1.000


           ESTIMATED RESIDUAL VARIANCES
              SE1           SE2           SE3           SE4           SE5
              ________      ________      ________      ________      ________
                0.574         0.544         0.592         0.468         0.769


           ESTIMATED RESIDUAL VARIANCES
              SE6           SE7           SE8           SE9
              ________      ________      ________      ________
                0.509         0.458         0.552         0.478


           S.E. GEOMIN ROTATED LOADINGS
                  1             2
              ________      ________
 SE1            0.058         0.066
 SE2            0.086         0.072
 SE3            0.043         0.013
 SE4            0.026         0.028
 SE5            0.038         0.030
 SE6            0.097         0.064
 SE7            0.081         0.061
 SE8            0.036         0.044
 SE9            0.018         0.020


           S.E. GEOMIN FACTOR CORRELATIONS
                  1             2
              ________      ________
      1         0.000
      2         0.041         0.000


           S.E. ESTIMATED RESIDUAL VARIANCES
              SE1           SE2           SE3           SE4           SE5
              ________      ________      ________      ________      ________
                0.047         0.030         0.056         0.034         0.032


           S.E. ESTIMATED RESIDUAL VARIANCES
              SE6           SE7           SE8           SE9
              ________      ________      ________      ________
                0.025         0.022         0.042         0.028


           Est./S.E. GEOMIN ROTATED LOADINGS
                  1             2
              ________      ________
 SE1           11.007         0.429
 SE2            4.699         5.236
 SE3           14.911        -0.525
 SE4           -0.249        25.955
 SE5           12.695        -0.298
 SE6            0.683        10.424
 SE7            2.409        10.125
 SE8           -1.211        15.564
 SE9           -0.011        35.734


           Est./S.E. GEOMIN FACTOR CORRELATIONS
                  1             2
              ________      ________
      1         0.000
      2        12.286         0.000


           Est./S.E. ESTIMATED RESIDUAL VARIANCES
              SE1           SE2           SE3           SE4           SE5
              ________      ________      ________      ________      ________
               12.316        18.184        10.663        13.760        24.314


           Est./S.E. ESTIMATED RESIDUAL VARIANCES
              SE6           SE7           SE8           SE9
              ________      ________      ________      ________
               20.225        20.417        13.145        17.234


           FACTOR STRUCTURE
                  1             2
              ________      ________
 SE1            0.652         0.347
 SE2            0.591         0.578
 SE3            0.638         0.314
 SE4            0.360         0.729
 SE5            0.480         0.233
 SE6            0.399         0.698
 SE7            0.505         0.717
 SE8            0.302         0.669
 SE9            0.361         0.723


EXPLORATORY FACTOR ANALYSIS WITH 3 FACTOR(S):


MODEL FIT INFORMATION

Number of Free Parameters                       42

Loglikelihood

          H0 Value                      -12882.079
          H0 Scaling Correction Factor      1.5204
            for MLR
          H1 Value                      -12864.839
          H1 Scaling Correction Factor      1.4511
            for MLR

Information Criteria

          Akaike (AIC)                   25848.159
          Bayesian (BIC)                 26069.307
          Sample-Size Adjusted BIC       25935.887
            (n* = (n + 2) / 24)

Chi-Square Test of Model Fit

          Value                             28.531*
          Degrees of Freedom                    12
          P-Value                           0.0046
          Scaling Correction Factor         1.2085
            for MLR

*   The chi-square value for MLM, MLMV, MLR, ULSMV, WLSM and WLSMV cannot be used
    for chi-square difference testing in the regular way.  MLM, MLR and WLSM
    chi-square difference testing is described on the Mplus website.  MLMV, WLSMV,
    and ULSMV difference testing is done using the DIFFTEST option.

RMSEA (Root Mean Square Error Of Approximation)

          Estimate                           0.031
          90 Percent C.I.                    0.016  0.046
          Probability RMSEA <= .05           0.984

CFI/TLI

          CFI                                0.995
          TLI                                0.986

Chi-Square Test of Model Fit for the Baseline Model

          Value                           3510.371
          Degrees of Freedom                    36
          P-Value                           0.0000

SRMR (Standardized Root Mean Square Residual)

          Value                              0.012



MINIMUM ROTATION FUNCTION VALUE       0.19373



           GEOMIN ROTATED LOADINGS (* significant at 5% level)
                  1             2             3
              ________      ________      ________
 SE1            0.562*        0.171        -0.011
 SE2            0.258*        0.543*       -0.008
 SE3            0.594*        0.095         0.021
 SE4           -0.001         0.266*        0.547*
 SE5            0.488*       -0.027         0.097
 SE6           -0.172*        0.874*        0.003
 SE7            0.023         0.724*        0.069
 SE8            0.010        -0.003         0.798*
 SE9           -0.002         0.304*        0.493*


           GEOMIN FACTOR CORRELATIONS (* significant at 5% level)
                  1             2             3
              ________      ________      ________
      1         1.000
      2         0.444*        1.000
      3         0.312*        0.611*        1.000


           ESTIMATED RESIDUAL VARIANCES
              SE1           SE2           SE3           SE4           SE5
              ________      ________      ________      ________      ________
                0.575         0.521         0.577         0.453         0.737


           ESTIMATED RESIDUAL VARIANCES
              SE6           SE7           SE8           SE9
              ________      ________      ________      ________
                0.338         0.394         0.361         0.483


           S.E. GEOMIN ROTATED LOADINGS
                  1             2             3
              ________      ________      ________
 SE1            0.074         0.093         0.021
 SE2            0.046         0.046         0.026
 SE3            0.055         0.104         0.042
 SE4            0.020         0.060         0.055
 SE5            0.031         0.039         0.052
 SE6            0.055         0.058         0.013
 SE7            0.021         0.048         0.052
 SE8            0.025         0.005         0.035
 SE9            0.020         0.051         0.048


           S.E. GEOMIN FACTOR CORRELATIONS
                  1             2             3
              ________      ________      ________
      1         0.000
      2         0.124         0.000
      3         0.102         0.041         0.000


           S.E. ESTIMATED RESIDUAL VARIANCES
              SE1           SE2           SE3           SE4           SE5
              ________      ________      ________      ________      ________
                0.050         0.027         0.039         0.030         0.032


           S.E. ESTIMATED RESIDUAL VARIANCES
              SE6           SE7           SE8           SE9
              ________      ________      ________      ________
                0.046         0.025         0.054         0.026


           Est./S.E. GEOMIN ROTATED LOADINGS
                  1             2             3
              ________      ________      ________
 SE1            7.624         1.839        -0.535
 SE2            5.569        11.675        -0.309
 SE3           10.710         0.921         0.509
 SE4           -0.053         4.454         9.999
 SE5           15.910        -0.680         1.879
 SE6           -3.125        15.074         0.192
 SE7            1.064        15.145         1.332
 SE8            0.389        -0.522        22.934
 SE9           -0.125         5.923        10.207


           Est./S.E. GEOMIN FACTOR CORRELATIONS
                  1             2             3
              ________      ________      ________
      1         0.000
      2         3.574         0.000
      3         3.054        14.753         0.000


           Est./S.E. ESTIMATED RESIDUAL VARIANCES
              SE1           SE2           SE3           SE4           SE5
              ________      ________      ________      ________      ________
               11.559        19.241        14.628        14.938        23.096


           Est./S.E. ESTIMATED RESIDUAL VARIANCES
              SE6           SE7           SE8           SE9
              ________      ________      ________      ________
                7.350        15.662         6.673        18.745


           FACTOR STRUCTURE
                  1             2             3
              ________      ________      ________
 SE1            0.635         0.414         0.269
 SE2            0.496         0.652         0.404
 SE3            0.643         0.372         0.265
 SE4            0.288         0.600         0.709
 SE5            0.506         0.249         0.233
 SE6            0.217         0.799         0.483
 SE7            0.366         0.776         0.519
 SE8            0.258         0.490         0.800
 SE9            0.286         0.604         0.678


     Beginning Time:  07:29:11
        Ending Time:  07:29:12
       Elapsed Time:  00:00:01



MUTHEN & MUTHEN
3463 Stoner Ave.
Los Angeles, CA  90066

Tel: (310) 391-9971
Fax: (310) 391-8971
Web: www.StatModel.com
Support: Support@StatModel.com

Copyright (c) 1998-2018 Muthen & Muthen
