Mplus VERSION 8.1 (Mac)
MUTHEN & MUTHEN
04/08/2019  10:08 PM

INPUT INSTRUCTIONS

  Title: WMQ hCFA
  DATA: FILE = "raw.8.9.10.dat";
  VARIABLE:
  NAMES = id female ethnic ell disability t_id gifted grade_level se1 se2 se3 se4 se5
       se6 se7 se8 se9 wses1 wses5 wses8 wses2 wses6 wses3 wses10 wses7 wses4 wses9
       was1 was3 was5 was11 was6 was7 was8 was4 was9 was2 was10 was12 test_score mark;
  MISSING=.;
    UseVariables = se1-se9;
    !Auxiliary = id-y2_q3_grade;
    Categorical = se1-se9;
  Analysis:
  type = general;
  Estimator = WLSMV;
  Model:
  idea by se2 se6 se7;
  mech by se1 se3 se5;
  sr by se4 se8 se9;

  !Factor Variances (all freely estimated)
  !idea* mech* sr*

  !Factor Means all to 0
  ![idea@0 mech@0 sr@0];

  !Higher order Factor (estimate loadings, fix mean = 0 & var = 1)
  h by idea mech sr;


  !idea@1;
  !!mech@1;
  !sr@1;!
  !idea@.1;
  !h@1;


  Output:
  Standardized;
  !Savedata:
  !File = fscores.csv;
  !save = fscores;

  !Output:
  !FSDETERMINACY;
  !FSCOEFFICIENT;



INPUT READING TERMINATED NORMALLY



WMQ hCFA

SUMMARY OF ANALYSIS

Number of groups                                                 1
Number of observations                                        1466

Number of dependent variables                                    9
Number of independent variables                                  0
Number of continuous latent variables                            4

Observed dependent variables

  Binary and ordered categorical (ordinal)
   SE1         SE2         SE3         SE4         SE5         SE6
   SE7         SE8         SE9

Continuous latent variables
   IDEA        MECH        SR          H


Estimator                                                    WLSMV
Maximum number of iterations                                  1000
Convergence criterion                                    0.500D-04
Maximum number of steepest descent iterations                   20
Maximum number of iterations for H1                           2000
Convergence criterion for H1                             0.100D-03
Parameterization                                             DELTA
Link                                                        PROBIT

Input data file(s)
  raw.8.9.10.dat

Input data format  FREE


SUMMARY OF DATA

     Number of missing data patterns             1


COVARIANCE COVERAGE OF DATA

Minimum covariance coverage value   0.100


     PROPORTION OF DATA PRESENT


           Covariance Coverage
              SE1           SE2           SE3           SE4           SE5
              ________      ________      ________      ________      ________
 SE1            1.000
 SE2            1.000         1.000
 SE3            1.000         1.000         1.000
 SE4            1.000         1.000         1.000         1.000
 SE5            1.000         1.000         1.000         1.000         1.000
 SE6            1.000         1.000         1.000         1.000         1.000
 SE7            1.000         1.000         1.000         1.000         1.000
 SE8            1.000         1.000         1.000         1.000         1.000
 SE9            1.000         1.000         1.000         1.000         1.000


           Covariance Coverage
              SE6           SE7           SE8           SE9
              ________      ________      ________      ________
 SE6            1.000
 SE7            1.000         1.000
 SE8            1.000         1.000         1.000
 SE9            1.000         1.000         1.000         1.000


UNIVARIATE PROPORTIONS AND COUNTS FOR CATEGORICAL VARIABLES

    SE1
      Category 1    0.003            4.000
      Category 2    0.028           41.000
      Category 3    0.167          245.000
      Category 4    0.802         1176.000
    SE2
      Category 1    0.018           27.000
      Category 2    0.136          199.000
      Category 3    0.471          691.000
      Category 4    0.374          549.000
    SE3
      Category 1    0.014           21.000
      Category 2    0.108          158.000
      Category 3    0.396          580.000
      Category 4    0.482          707.000
    SE4
      Category 1    0.079          116.000
      Category 2    0.304          446.000
      Category 3    0.411          603.000
      Category 4    0.205          301.000
    SE5
      Category 1    0.030           44.000
      Category 2    0.130          190.000
      Category 3    0.415          609.000
      Category 4    0.425          623.000
    SE6
      Category 1    0.054           79.000
      Category 2    0.214          313.000
      Category 3    0.430          630.000
      Category 4    0.303          444.000
    SE7
      Category 1    0.031           46.000
      Category 2    0.172          252.000
      Category 3    0.422          619.000
      Category 4    0.374          549.000
    SE8
      Category 1    0.160          235.000
      Category 2    0.330          484.000
      Category 3    0.372          545.000
      Category 4    0.138          202.000
    SE9
      Category 1    0.127          186.000
      Category 2    0.357          523.000
      Category 3    0.374          548.000
      Category 4    0.143          209.000



THE MODEL ESTIMATION TERMINATED NORMALLY



MODEL FIT INFORMATION

Number of Free Parameters                       39

Chi-Square Test of Model Fit

          Value                            225.819*
          Degrees of Freedom                    24
          P-Value                           0.0000

*   The chi-square value for MLM, MLMV, MLR, ULSMV, WLSM and WLSMV cannot be used
    for chi-square difference testing in the regular way.  MLM, MLR and WLSM
    chi-square difference testing is described on the Mplus website.  MLMV, WLSMV,
    and ULSMV difference testing is done using the DIFFTEST option.

RMSEA (Root Mean Square Error Of Approximation)

          Estimate                           0.076
          90 Percent C.I.                    0.067  0.085
          Probability RMSEA <= .05           0.000

CFI/TLI

          CFI                                0.978
          TLI                                0.967

Chi-Square Test of Model Fit for the Baseline Model

          Value                           9132.692
          Degrees of Freedom                    36
          P-Value                           0.0000

SRMR (Standardized Root Mean Square Residual)

          Value                              0.037

Optimum Function Value for Weighted Least-Squares Estimator

          Value                     0.44711754D-01



MODEL RESULTS

                                                    Two-Tailed
                    Estimate       S.E.  Est./S.E.    P-Value

 IDEA     BY
    SE2                1.000      0.000    999.000    999.000
    SE6                1.083      0.031     34.580      0.000
    SE7                1.168      0.032     36.822      0.000

 MECH     BY
    SE1                1.000      0.000    999.000    999.000
    SE3                0.829      0.045     18.315      0.000
    SE5                0.620      0.043     14.534      0.000

 SR       BY
    SE4                1.000      0.000    999.000    999.000
    SE8                0.898      0.026     34.124      0.000
    SE9                0.978      0.025     38.785      0.000

 H        BY
    IDEA               1.000      0.000    999.000    999.000
    MECH               0.735      0.044     16.791      0.000
    SR                 0.889      0.051     17.456      0.000

 Thresholds
    SE1$1             -2.779      0.162    -17.131      0.000
    SE1$2             -1.871      0.065    -28.795      0.000
    SE1$3             -0.849      0.037    -22.707      0.000
    SE2$1             -2.088      0.078    -26.836      0.000
    SE2$2             -1.019      0.040    -25.648      0.000
    SE2$3              0.320      0.033      9.595      0.000
    SE3$1             -2.188      0.085    -25.665      0.000
    SE3$2             -1.165      0.042    -27.578      0.000
    SE3$3              0.044      0.033      1.358      0.174
    SE4$1             -1.411      0.048    -29.507      0.000
    SE4$2             -0.297      0.033     -8.919      0.000
    SE4$3              0.823      0.037     22.179      0.000
    SE5$1             -1.881      0.065    -28.725      0.000
    SE5$2             -0.996      0.039    -25.296      0.000
    SE5$3              0.189      0.033      5.743      0.000
    SE6$1             -1.608      0.054    -29.851      0.000
    SE6$2             -0.621      0.035    -17.668      0.000
    SE6$3              0.516      0.034     15.019      0.000
    SE7$1             -1.861      0.064    -28.862      0.000
    SE7$2             -0.830      0.037    -22.324      0.000
    SE7$3              0.320      0.033      9.595      0.000
    SE8$1             -0.993      0.039    -25.251      0.000
    SE8$2             -0.024      0.033     -0.731      0.465
    SE8$3              1.090      0.041     26.667      0.000
    SE9$1             -1.141      0.042    -27.309      0.000
    SE9$2             -0.041      0.033     -1.254      0.210
    SE9$3              1.069      0.041     26.376      0.000

 Variances
    H                  0.540      0.036     15.045      0.000

 Residual Variances
    IDEA               0.001      0.028      0.032      0.974
    MECH               0.428      0.040     10.600      0.000
    SR                 0.239      0.027      8.734      0.000


STANDARDIZED MODEL RESULTS


STDYX Standardization

                                                    Two-Tailed
                    Estimate       S.E.  Est./S.E.    P-Value

 IDEA     BY
    SE2                0.736      0.018     41.366      0.000
    SE6                0.797      0.014     55.595      0.000
    SE7                0.859      0.013     67.237      0.000

 MECH     BY
    SE1                0.848      0.028     29.990      0.000
    SE3                0.703      0.026     27.223      0.000
    SE5                0.526      0.030     17.602      0.000

 SR       BY
    SE4                0.816      0.014     57.622      0.000
    SE8                0.733      0.017     43.333      0.000
    SE9                0.799      0.015     52.828      0.000

 H        BY
    IDEA               0.999      0.026     38.016      0.000
    MECH               0.637      0.027     23.934      0.000
    SR                 0.801      0.025     32.505      0.000

 Thresholds
    SE1$1             -2.779      0.162    -17.131      0.000
    SE1$2             -1.871      0.065    -28.795      0.000
    SE1$3             -0.849      0.037    -22.707      0.000
    SE2$1             -2.088      0.078    -26.836      0.000
    SE2$2             -1.019      0.040    -25.648      0.000
    SE2$3              0.320      0.033      9.595      0.000
    SE3$1             -2.188      0.085    -25.665      0.000
    SE3$2             -1.165      0.042    -27.578      0.000
    SE3$3              0.044      0.033      1.358      0.174
    SE4$1             -1.411      0.048    -29.507      0.000
    SE4$2             -0.297      0.033     -8.919      0.000
    SE4$3              0.823      0.037     22.179      0.000
    SE5$1             -1.881      0.065    -28.725      0.000
    SE5$2             -0.996      0.039    -25.296      0.000
    SE5$3              0.189      0.033      5.743      0.000
    SE6$1             -1.608      0.054    -29.851      0.000
    SE6$2             -0.621      0.035    -17.668      0.000
    SE6$3              0.516      0.034     15.019      0.000
    SE7$1             -1.861      0.064    -28.862      0.000
    SE7$2             -0.830      0.037    -22.324      0.000
    SE7$3              0.320      0.033      9.595      0.000
    SE8$1             -0.993      0.039    -25.251      0.000
    SE8$2             -0.024      0.033     -0.731      0.465
    SE8$3              1.090      0.041     26.667      0.000
    SE9$1             -1.141      0.042    -27.309      0.000
    SE9$2             -0.041      0.033     -1.254      0.210
    SE9$3              1.069      0.041     26.376      0.000

 Variances
    H                  1.000      0.000    999.000    999.000

 Residual Variances
    IDEA               0.002      0.053      0.032      0.974
    MECH               0.594      0.034     17.513      0.000
    SR                 0.358      0.039      9.082      0.000


STDY Standardization

                                                    Two-Tailed
                    Estimate       S.E.  Est./S.E.    P-Value

 IDEA     BY
    SE2                0.736      0.018     41.366      0.000
    SE6                0.797      0.014     55.595      0.000
    SE7                0.859      0.013     67.237      0.000

 MECH     BY
    SE1                0.848      0.028     29.990      0.000
    SE3                0.703      0.026     27.223      0.000
    SE5                0.526      0.030     17.602      0.000

 SR       BY
    SE4                0.816      0.014     57.622      0.000
    SE8                0.733      0.017     43.333      0.000
    SE9                0.799      0.015     52.828      0.000

 H        BY
    IDEA               0.999      0.026     38.016      0.000
    MECH               0.637      0.027     23.934      0.000
    SR                 0.801      0.025     32.505      0.000

 Thresholds
    SE1$1             -2.779      0.162    -17.131      0.000
    SE1$2             -1.871      0.065    -28.795      0.000
    SE1$3             -0.849      0.037    -22.707      0.000
    SE2$1             -2.088      0.078    -26.836      0.000
    SE2$2             -1.019      0.040    -25.648      0.000
    SE2$3              0.320      0.033      9.595      0.000
    SE3$1             -2.188      0.085    -25.665      0.000
    SE3$2             -1.165      0.042    -27.578      0.000
    SE3$3              0.044      0.033      1.358      0.174
    SE4$1             -1.411      0.048    -29.507      0.000
    SE4$2             -0.297      0.033     -8.919      0.000
    SE4$3              0.823      0.037     22.179      0.000
    SE5$1             -1.881      0.065    -28.725      0.000
    SE5$2             -0.996      0.039    -25.296      0.000
    SE5$3              0.189      0.033      5.743      0.000
    SE6$1             -1.608      0.054    -29.851      0.000
    SE6$2             -0.621      0.035    -17.668      0.000
    SE6$3              0.516      0.034     15.019      0.000
    SE7$1             -1.861      0.064    -28.862      0.000
    SE7$2             -0.830      0.037    -22.324      0.000
    SE7$3              0.320      0.033      9.595      0.000
    SE8$1             -0.993      0.039    -25.251      0.000
    SE8$2             -0.024      0.033     -0.731      0.465
    SE8$3              1.090      0.041     26.667      0.000
    SE9$1             -1.141      0.042    -27.309      0.000
    SE9$2             -0.041      0.033     -1.254      0.210
    SE9$3              1.069      0.041     26.376      0.000

 Variances
    H                  1.000      0.000    999.000    999.000

 Residual Variances
    IDEA               0.002      0.053      0.032      0.974
    MECH               0.594      0.034     17.513      0.000
    SR                 0.358      0.039      9.082      0.000


STD Standardization

                                                    Two-Tailed
                    Estimate       S.E.  Est./S.E.    P-Value

 IDEA     BY
    SE2                0.736      0.018     41.366      0.000
    SE6                0.797      0.014     55.595      0.000
    SE7                0.859      0.013     67.237      0.000

 MECH     BY
    SE1                0.848      0.028     29.990      0.000
    SE3                0.703      0.026     27.223      0.000
    SE5                0.526      0.030     17.602      0.000

 SR       BY
    SE4                0.816      0.014     57.622      0.000
    SE8                0.733      0.017     43.333      0.000
    SE9                0.799      0.015     52.828      0.000

 H        BY
    IDEA               0.999      0.026     38.016      0.000
    MECH               0.637      0.027     23.934      0.000
    SR                 0.801      0.025     32.505      0.000

 Thresholds
    SE1$1             -2.779      0.162    -17.131      0.000
    SE1$2             -1.871      0.065    -28.795      0.000
    SE1$3             -0.849      0.037    -22.707      0.000
    SE2$1             -2.088      0.078    -26.836      0.000
    SE2$2             -1.019      0.040    -25.648      0.000
    SE2$3              0.320      0.033      9.595      0.000
    SE3$1             -2.188      0.085    -25.665      0.000
    SE3$2             -1.165      0.042    -27.578      0.000
    SE3$3              0.044      0.033      1.358      0.174
    SE4$1             -1.411      0.048    -29.507      0.000
    SE4$2             -0.297      0.033     -8.919      0.000
    SE4$3              0.823      0.037     22.179      0.000
    SE5$1             -1.881      0.065    -28.725      0.000
    SE5$2             -0.996      0.039    -25.296      0.000
    SE5$3              0.189      0.033      5.743      0.000
    SE6$1             -1.608      0.054    -29.851      0.000
    SE6$2             -0.621      0.035    -17.668      0.000
    SE6$3              0.516      0.034     15.019      0.000
    SE7$1             -1.861      0.064    -28.862      0.000
    SE7$2             -0.830      0.037    -22.324      0.000
    SE7$3              0.320      0.033      9.595      0.000
    SE8$1             -0.993      0.039    -25.251      0.000
    SE8$2             -0.024      0.033     -0.731      0.465
    SE8$3              1.090      0.041     26.667      0.000
    SE9$1             -1.141      0.042    -27.309      0.000
    SE9$2             -0.041      0.033     -1.254      0.210
    SE9$3              1.069      0.041     26.376      0.000

 Variances
    H                  1.000      0.000    999.000    999.000

 Residual Variances
    IDEA               0.002      0.053      0.032      0.974
    MECH               0.594      0.034     17.513      0.000
    SR                 0.358      0.039      9.082      0.000


R-SQUARE

    Observed                                        Two-Tailed   Residual
    Variable        Estimate       S.E.  Est./S.E.    P-Value    Variance

    SE1                0.720      0.048     14.995      0.000      0.280
    SE2                0.541      0.026     20.683      0.000      0.459
    SE3                0.495      0.036     13.611      0.000      0.505
    SE4                0.666      0.023     28.811      0.000      0.334
    SE5                0.276      0.031      8.801      0.000      0.724
    SE6                0.635      0.023     27.797      0.000      0.365
    SE7                0.738      0.022     33.619      0.000      0.262
    SE8                0.537      0.025     21.667      0.000      0.463
    SE9                0.638      0.024     26.414      0.000      0.362

     Latent                                         Two-Tailed
    Variable        Estimate       S.E.  Est./S.E.    P-Value

    IDEA               0.998      0.053     19.008      0.000
    MECH               0.406      0.034     11.967      0.000
    SR                 0.642      0.039     16.253      0.000


QUALITY OF NUMERICAL RESULTS

     Condition Number for the Information Matrix              0.119E-02
       (ratio of smallest to largest eigenvalue)


     Beginning Time:  22:08:52
        Ending Time:  22:08:52
       Elapsed Time:  00:00:00



MUTHEN & MUTHEN
3463 Stoner Ave.
Los Angeles, CA  90066

Tel: (310) 391-9971
Fax: (310) 391-8971
Web: www.StatModel.com
Support: Support@StatModel.com

Copyright (c) 1998-2018 Muthen & Muthen
