Mplus VERSION 8.1 (Mac)
MUTHEN & MUTHEN
04/06/2019   3:57 PM

INPUT INSTRUCTIONS

  TITLE: 2-Calibrate CFA LPA
  DATA: FILE = "calib.cfa.dat";
  VARIABLE:
  NAMES = n se1 se2 se3 se4 se5 se6 se7 se8 se9 id female ethnic ell disability gifted
       grade_level idea idea_se mech mech_se sr sr_se t_id;
  USEVARIABLES = idea mech sr;
  MISSING=.;
  CLASSES = c (2);
  ANALYSIS: TYPE = MIXTURE;
  Starts = 750 200;
  Processors = 6 4;
  OUTPUT:
  TECH11;
  TECH14;



*** WARNING in MODEL command
  All variables are uncorrelated with all other variables within class.
  Check that this is what is intended.
   1 WARNING(S) FOUND IN THE INPUT INSTRUCTIONS



2-Calibrate CFA LPA

SUMMARY OF ANALYSIS

Number of groups                                                 1
Number of observations                                         714

Number of dependent variables                                    3
Number of independent variables                                  0
Number of continuous latent variables                            0
Number of categorical latent variables                           1

Observed dependent variables

  Continuous
   IDEA        MECH        SR

Categorical latent variables
   C


Estimator                                                      MLR
Information matrix                                        OBSERVED
Optimization Specifications for the Quasi-Newton Algorithm for
Continuous Outcomes
  Maximum number of iterations                                 100
  Convergence criterion                                  0.100D-05
Optimization Specifications for the EM Algorithm
  Maximum number of iterations                                 500
  Convergence criteria
    Loglikelihood change                                 0.100D-06
    Relative loglikelihood change                        0.100D-06
    Derivative                                           0.100D-05
Optimization Specifications for the M step of the EM Algorithm for
Categorical Latent variables
  Number of M step iterations                                    1
  M step convergence criterion                           0.100D-05
  Basis for M step termination                           ITERATION
Optimization Specifications for the M step of the EM Algorithm for
Censored, Binary or Ordered Categorical (Ordinal), Unordered
Categorical (Nominal) and Count Outcomes
  Number of M step iterations                                    1
  M step convergence criterion                           0.100D-05
  Basis for M step termination                           ITERATION
  Maximum value for logit thresholds                            15
  Minimum value for logit thresholds                           -15
  Minimum expected cell size for chi-square              0.100D-01
Maximum number of iterations for H1                           2000
Convergence criterion for H1                             0.100D-03
Optimization algorithm                                         EMA
Random Starts Specifications
  Number of initial stage random starts                        750
  Number of final stage optimizations                          200
  Number of initial stage iterations                            10
  Initial stage convergence criterion                    0.100D+01
  Random starts scale                                    0.500D+01
  Random seed for generating random starts                       0

Input data file(s)
  calib.cfa.dat
Input data format  FREE


SUMMARY OF DATA

     Number of missing data patterns             1
     Number of y missing data patterns           1
     Number of u missing data patterns           0


COVARIANCE COVERAGE OF DATA

Minimum covariance coverage value   0.100


     PROPORTION OF DATA PRESENT FOR Y


           Covariance Coverage
              IDEA          MECH          SR
              ________      ________      ________
 IDEA           1.000
 MECH           1.000         1.000
 SR             1.000         1.000         1.000



UNIVARIATE SAMPLE STATISTICS


     UNIVARIATE HIGHER-ORDER MOMENT DESCRIPTIVE STATISTICS

         Variable/         Mean/     Skewness/   Minimum/ % with                Percentiles
        Sample Size      Variance    Kurtosis    Maximum  Min/Max      20%/60%    40%/80%    Median

     IDEA                 -0.027      -0.121      -2.210    0.14%      -0.622     -0.197     -0.030
             714.000       0.446      -0.209       1.305    3.64%       0.143      0.555
     MECH                 -0.042      -0.437      -2.618    0.14%      -0.671     -0.147      0.007
             714.000       0.501      -0.090       1.210    3.64%       0.188      0.563
     SR                   -0.014       0.008      -2.129    0.14%      -0.650     -0.221     -0.011
             714.000       0.527      -0.257       1.540    3.64%       0.178      0.591

RANDOM STARTS RESULTS RANKED FROM THE BEST TO THE WORST LOGLIKELIHOOD VALUES

Final stage loglikelihood values at local maxima, seeds, and initial stage start numbers:

           -1859.488  160326           546
           -1859.488  434915           552
           -1859.488  383979           603
           -1859.488  344422           296
           -1859.488  285380           1
           -1859.488  113138           585
           -1859.488  392751           480
           -1859.488  117731           570
           -1859.488  941525           609
           -1859.488  937885           426
           -1859.488  691234           250
           -1859.488  350608           334
           -1859.488  276696           676
           -1859.488  782200           84
           -1859.488  212934           568
           -1859.488  848331           137
           -1859.488  621542           375
           -1859.488  545140           278
           -1859.488  97158            205
           -1859.488  851945           18
           -1859.488  570782           193
           -1859.488  533738           11
           -1859.488  27071            15
           -1859.488  43523            297
           -1859.488  15270            610
           -1859.488  576220           115
           -1859.488  405371           569
           -1859.488  315029           471
           -1859.488  152496           123
           -1859.488  506886           576
           -1859.488  810705           626
           -1859.488  217130           443
           -1859.488  646573           741
           -1859.488  127215           9
           -1859.488  802779           122
           -1859.488  373505           88
           -1859.488  354208           196
           -1859.488  281558           184
           -1859.488  790452           303
           -1859.488  329127           185
           -1859.488  405079           68
           -1859.488  930872           277
           -1859.488  21345            199
           -1859.488  188498           258
           -1859.488  996231           310
           -1859.488  349562           359
           -1859.488  631413           439
           -1859.488  399848           220
           -1859.488  965639           463
           -1859.488  608460           244
           -1859.488  393232           152
           -1859.488  25127            107
           -1859.488  179022           687
           -1859.488  359578           458
           -1859.488  407108           366
           -1859.488  891531           206
           -1859.488  327475           518
           -1859.488  283492           435
           -1859.488  783102           433
           -1859.488  215353           164
           -1859.488  373815           618
           -1859.488  514326           325
           -1859.488  418686           338
           -1859.488  175199           247
           -1859.488  760878           249
           -1859.488  266038           672
           -1859.488  349263           263
           -1859.488  995875           547
           -1859.488  392407           221
           -1859.488  121425           511
           -1859.488  668003           647
           -1859.488  220492           743
           -1859.488  887580           493
           -1859.488  871851           257
           -1859.488  939870           655
           -1859.488  722748           346
           -1859.488  787985           482
           -1859.488  372176           23
           -1859.488  700349           401
           -1859.488  371737           532
           -1859.488  782821           272
           -1859.488  982520           737
           -1859.488  991329           182
           -1859.488  965994           396
           -1859.488  166851           638
           -1859.488  853195           431
           -1859.488  414828           322
           -1859.488  282464           283
           -1859.488  437181           135
           -1859.488  587946           120
           -1859.488  788796           145
           -1859.488  392766           331
           -1859.488  761302           744
           -1859.488  146900           391
           -1859.488  566687           597
           -1859.488  836515           341
           -1859.488  286735           175
           -1859.488  476498           179
           -1859.488  248742           556
           -1859.488  592219           119
           -1859.488  948615           140
           -1859.488  635245           121
           -1859.488  416250           390
           -1859.488  30098            209
           -1859.488  579995           183
           -1859.488  414284           158
           -1859.488  140849           515
           -1859.488  691041           590
           -1859.488  391179           78
           -1859.488  378393           509
           -1859.488  39136            226
           -1859.488  766903           505
           -1859.488  640833           434
           -1859.488  783110           72
           -1859.488  489927           520
           -1859.488  341041           34
           -1859.488  545108           667
           -1859.488  967902           52
           -1859.488  688839           273
           -1859.488  670281           721
           -1859.488  662718           460
           -1859.488  318230           46
           -1859.488  641794           591
           -1859.488  712531           631
           -1859.488  848590           694
           -1859.488  848163           47
           -1859.488  831410           567
           -1859.488  852283           616
           -1859.488  93468            3
           -1859.488  78862            529
           -1859.488  7195             697
           -1859.488  411615           171
           -1859.488  247912           537
           -1859.488  765586           709
           -1859.488  213532           503
           -1859.488  379729           512
           -1859.488  701525           239
           -1859.488  679832           302
           -1859.488  669639           699
           -1859.488  751054           117
           -1859.488  596257           405
           -1859.488  461866           722
           -1859.488  652266           490
           -1859.488  157351           579
           -1859.488  322790           636
           -1859.488  849670           347
           -1859.488  65651            214
           -1859.488  536551           696
           -1859.488  112586           494
           -1859.488  556929           734
           -1859.488  654136           167
           -1859.488  462228           298
           -1859.488  699834           723
           -1859.488  702492           718
           -1859.488  966014           37
           -1859.488  746978           410
           -1859.488  650371           14
           -1859.488  182524           373
           -1859.488  unperturbed      0
           -1859.488  597614           284
           -1859.488  402699           604
           -1859.488  692169           308
           -1859.488  79945            395
           -1859.488  608849           224
           -1859.488  809240           543
           -1859.488  548673           732
           -1859.488  605358           321
           -1859.488  741484           441
           -1859.488  486646           586
           -1859.488  970689           266
           -1859.488  724519           333
           -1859.488  279850           555
           -1859.488  568859           49
           -1859.488  3307             735
           -1859.488  930323           267
           -1859.488  404510           442
           -1859.488  422103           62
           -1859.488  484687           306
           -1859.488  263049           454
           -1859.488  933578           506
           -1859.488  244349           736
           -1859.488  551639           55
           -1859.488  210870           383
           -1859.488  4091             548
           -1859.488  163110           584
           -1859.488  193569           440
           -1859.488  802256           477
           -1859.488  383986           159
           -1859.488  608496           4
           -1859.488  580181           691
           -1859.488  349360           464
           -1859.488  313407           132
           -1859.488  317640           437
           -1859.488  455617           242
           -1859.488  626208           698
           -1859.488  939021           8
           -1859.488  865906           641
           -1859.488  910224           580
           -1859.488  76974            16
           -1859.488  241197           747



THE BEST LOGLIKELIHOOD VALUE HAS BEEN REPLICATED.  RERUN WITH AT LEAST TWICE THE
RANDOM STARTS TO CHECK THAT THE BEST LOGLIKELIHOOD IS STILL OBTAINED AND REPLICATED.


THE MODEL ESTIMATION TERMINATED NORMALLY



MODEL FIT INFORMATION

Number of Free Parameters                       10

Loglikelihood

          H0 Value                       -1859.488
          H0 Scaling Correction Factor      1.3739
            for MLR

Information Criteria

          Akaike (AIC)                    3738.976
          Bayesian (BIC)                  3784.684
          Sample-Size Adjusted BIC        3752.932
            (n* = (n + 2) / 24)



FINAL CLASS COUNTS AND PROPORTIONS FOR THE LATENT CLASSES
BASED ON THE ESTIMATED MODEL

    Latent
   Classes

       1        343.28497          0.48079
       2        370.71503          0.51921


FINAL CLASS COUNTS AND PROPORTIONS FOR THE LATENT CLASSES
BASED ON ESTIMATED POSTERIOR PROBABILITIES

    Latent
   Classes

       1        343.28500          0.48079
       2        370.71500          0.51921


FINAL CLASS COUNTS AND PROPORTIONS FOR THE LATENT CLASSES
BASED ON THEIR MOST LIKELY LATENT CLASS MEMBERSHIP

Class Counts and Proportions

    Latent
   Classes

       1              338          0.47339
       2              376          0.52661


CLASSIFICATION QUALITY

     Entropy                         0.786


Average Latent Class Probabilities for Most Likely Latent Class Membership (Row)
by Latent Class (Column)

           1        2

    1   0.942    0.058
    2   0.067    0.933


Classification Probabilities for the Most Likely Latent Class Membership (Column)
by Latent Class (Row)

           1        2

    1   0.927    0.073
    2   0.053    0.947


Logits for the Classification Probabilities for the Most Likely Latent Class Membership (Column)
by Latent Class (Row)

              1        2

    1      2.542    0.000
    2     -2.877    0.000


MODEL RESULTS

                                                    Two-Tailed
                    Estimate       S.E.  Est./S.E.    P-Value

Latent Class 1

 Means
    IDEA              -0.559      0.056     -9.950      0.000
    MECH              -0.530      0.059     -8.949      0.000
    SR                -0.571      0.059     -9.758      0.000

 Variances
    IDEA               0.184      0.010     17.711      0.000
    MECH               0.281      0.016     17.181      0.000
    SR                 0.239      0.014     17.332      0.000

Latent Class 2

 Means
    IDEA               0.465      0.052      8.898      0.000
    MECH               0.409      0.050      8.250      0.000
    SR                 0.502      0.057      8.810      0.000

 Variances
    IDEA               0.184      0.010     17.711      0.000
    MECH               0.281      0.016     17.181      0.000
    SR                 0.239      0.014     17.332      0.000

Categorical Latent Variables

 Means
    C#1               -0.077      0.175     -0.440      0.660


QUALITY OF NUMERICAL RESULTS

     Condition Number for the Information Matrix              0.801E-02
       (ratio of smallest to largest eigenvalue)


TECHNICAL 11 OUTPUT

     Random Starts Specifications for the k-1 Class Analysis Model
        Number of initial stage random starts                 750
        Number of final stage optimizations                   200



     VUONG-LO-MENDELL-RUBIN LIKELIHOOD RATIO TEST FOR 1 (H0) VERSUS 2 CLASSES

          H0 Loglikelihood Value                        -2275.366
          2 Times the Loglikelihood Difference            831.757
          Difference in the Number of Parameters                4
          Mean                                             38.386
          Standard Deviation                               50.741
          P-Value                                          0.0000

     LO-MENDELL-RUBIN ADJUSTED LRT TEST

          Value                                           801.271
          P-Value                                          0.0000


TECHNICAL 14 OUTPUT

     Random Starts Specifications for the k-1 Class Analysis Model
        Number of initial stage random starts                 750
        Number of final stage optimizations                   200

     Random Starts Specification for the k-1 Class Model for Generated Data
        Number of initial stage random starts                   0
        Number of final stage optimizations for the
           initial stage random starts                          0
     Random Starts Specification for the k Class Model for Generated Data
        Number of initial stage random starts                  40
        Number of final stage optimizations                     8
     Number of bootstrap draws requested                   Varies


     PARAMETRIC BOOTSTRAPPED LIKELIHOOD RATIO TEST FOR 1 (H0) VERSUS 2 CLASSES

          H0 Loglikelihood Value                        -2275.366
          2 Times the Loglikelihood Difference            831.757
          Difference in the Number of Parameters                4
          Approximate P-Value                              0.0000
          Successful Bootstrap Draws                            5


     Beginning Time:  15:57:26
        Ending Time:  15:57:30
       Elapsed Time:  00:00:04



MUTHEN & MUTHEN
3463 Stoner Ave.
Los Angeles, CA  90066

Tel: (310) 391-9971
Fax: (310) 391-8971
Web: www.StatModel.com
Support: Support@StatModel.com

Copyright (c) 1998-2018 Muthen & Muthen
