Mplus VERSION 8.1 (Mac)
MUTHEN & MUTHEN
04/06/2019   4:02 PM

INPUT INSTRUCTIONS

  TITLE: 3-Calibrate CFA LPA
  DATA: FILE = "calib.cfa.dat";
  VARIABLE:
  NAMES = n se1 se2 se3 se4 se5 se6 se7 se8 se9 id female ethnic ell disability gifted
       grade_level idea idea_se mech mech_se sr sr_se t_id;
  USEVARIABLES = idea mech sr;
  MISSING=.;
  CLASSES = c (3);
  ANALYSIS: TYPE = MIXTURE;
  Starts = 750 200;
  Processors = 6 4;
  OUTPUT:
  TECH11;
  TECH14;
  svalues;



*** WARNING in MODEL command
  All variables are uncorrelated with all other variables within class.
  Check that this is what is intended.
   1 WARNING(S) FOUND IN THE INPUT INSTRUCTIONS



3-Calibrate CFA LPA

SUMMARY OF ANALYSIS

Number of groups                                                 1
Number of observations                                         714

Number of dependent variables                                    3
Number of independent variables                                  0
Number of continuous latent variables                            0
Number of categorical latent variables                           1

Observed dependent variables

  Continuous
   IDEA        MECH        SR

Categorical latent variables
   C


Estimator                                                      MLR
Information matrix                                        OBSERVED
Optimization Specifications for the Quasi-Newton Algorithm for
Continuous Outcomes
  Maximum number of iterations                                 100
  Convergence criterion                                  0.100D-05
Optimization Specifications for the EM Algorithm
  Maximum number of iterations                                 500
  Convergence criteria
    Loglikelihood change                                 0.100D-06
    Relative loglikelihood change                        0.100D-06
    Derivative                                           0.100D-05
Optimization Specifications for the M step of the EM Algorithm for
Categorical Latent variables
  Number of M step iterations                                    1
  M step convergence criterion                           0.100D-05
  Basis for M step termination                           ITERATION
Optimization Specifications for the M step of the EM Algorithm for
Censored, Binary or Ordered Categorical (Ordinal), Unordered
Categorical (Nominal) and Count Outcomes
  Number of M step iterations                                    1
  M step convergence criterion                           0.100D-05
  Basis for M step termination                           ITERATION
  Maximum value for logit thresholds                            15
  Minimum value for logit thresholds                           -15
  Minimum expected cell size for chi-square              0.100D-01
Maximum number of iterations for H1                           2000
Convergence criterion for H1                             0.100D-03
Optimization algorithm                                         EMA
Random Starts Specifications
  Number of initial stage random starts                        750
  Number of final stage optimizations                          200
  Number of initial stage iterations                            10
  Initial stage convergence criterion                    0.100D+01
  Random starts scale                                    0.500D+01
  Random seed for generating random starts                       0

Input data file(s)
  calib.cfa.dat
Input data format  FREE


SUMMARY OF DATA

     Number of missing data patterns             1
     Number of y missing data patterns           1
     Number of u missing data patterns           0


COVARIANCE COVERAGE OF DATA

Minimum covariance coverage value   0.100


     PROPORTION OF DATA PRESENT FOR Y


           Covariance Coverage
              IDEA          MECH          SR
              ________      ________      ________
 IDEA           1.000
 MECH           1.000         1.000
 SR             1.000         1.000         1.000



UNIVARIATE SAMPLE STATISTICS


     UNIVARIATE HIGHER-ORDER MOMENT DESCRIPTIVE STATISTICS

         Variable/         Mean/     Skewness/   Minimum/ % with                Percentiles
        Sample Size      Variance    Kurtosis    Maximum  Min/Max      20%/60%    40%/80%    Median

     IDEA                 -0.027      -0.121      -2.210    0.14%      -0.622     -0.197     -0.030
             714.000       0.446      -0.209       1.305    3.64%       0.143      0.555
     MECH                 -0.042      -0.437      -2.618    0.14%      -0.671     -0.147      0.007
             714.000       0.501      -0.090       1.210    3.64%       0.188      0.563
     SR                   -0.014       0.008      -2.129    0.14%      -0.650     -0.221     -0.011
             714.000       0.527      -0.257       1.540    3.64%       0.178      0.591

RANDOM STARTS RESULTS RANKED FROM THE BEST TO THE WORST LOGLIKELIHOOD VALUES

Final stage loglikelihood values at local maxima, seeds, and initial stage start numbers:

           -1603.266  602797           336
           -1603.266  856612           700
           -1603.266  640833           434
           -1603.266  669639           699
           -1603.266  751153           110
           -1603.266  391949           295
           -1603.266  118438           601
           -1603.266  374219           353
           -1603.266  231281           542
           -1603.266  227563           63
           -1603.266  231400           738
           -1603.266  153053           378
           -1603.266  614535           449
           -1603.266  213532           503
           -1603.266  247912           537
           -1603.266  268217           83
           -1603.266  358074           560
           -1603.266  137305           379
           -1603.266  327475           518
           -1603.266  748692           204
           -1603.266  736574           414
           -1603.266  749635           420
           -1603.266  283492           435
           -1603.266  608849           224
           -1603.266  178475           231
           -1603.266  573096           20
           -1603.266  248742           556
           -1603.266  512836           289
           -1603.266  72662            729
           -1603.266  937885           426
           -1603.266  853195           431
           -1603.266  193569           440
           -1603.266  467339           66
           -1603.266  478421           311
           -1603.266  514326           325
           -1603.266  238906           430
           -1603.266  978061           488
           -1603.266  25127            107
           -1603.266  945065           255
           -1603.266  188498           258
           -1603.266  359578           458
           -1603.266  617243           237
           -1603.266  462953           7
           -1603.266  717754           180
           -1603.266  407108           366
           -1603.266  175199           247
           -1603.266  468036           131
           -1603.266  831410           567
           -1603.266  373702           669
           -1603.266  926762           704
           -1603.266  760850           739
           -1603.266  348637           749
           -1603.266  97158            205
           -1603.266  760878           249
           -1603.266  7959             256
           -1603.266  701525           239
           -1603.266  565819           65
           -1603.266  802779           122
           -1603.266  34346            330
           -1603.266  244349           736
           -1603.266  966014           37
           -1603.266  207896           25
           -1603.266  484687           306
           -1603.266  670281           721
           -1603.266  761633           50
           -1603.266  392418           28
           -1603.266  973369           202
           -1603.266  852283           616
           -1603.266  59674            240
           -1603.266  931874           141
           -1603.266  341041           34
           -1603.266  789985           67
           -1603.266  72866            692
           -1603.266  259507           53
           -1603.266  366706           29
           -1603.266  154575           539
           -1603.266  157351           579
           -1603.266  342019           301
           -1603.266  588923           606
           -1603.266  275475           413
           -1603.266  992389           77
           -1603.266  488581           688
           -1603.266  349562           359
           -1603.266  978781           497
           -1603.266  100874           108
           -1603.266  533738           11
           -1603.266  539389           544
           -1603.266  782821           272
           -1603.266  574412           679
           -1603.266  848590           694
           -1603.266  561664           392
           -1603.266  963053           43
           -1603.266  512403           719
           -1603.266  618760           489
           -1603.266  383986           159
           -1603.266  82357            339
           -1603.266  153942           31
           -1603.266  822698           621
           -1603.266  548673           732
           -1603.266  903420           5
           -1603.266  783102           433
           -1603.266  65651            214
           -1603.266  170954           86
           -1603.266  688839           273
           -1603.266  519357           559
           -1603.266  59963            670
           -1603.266  669634           335
           -1603.266  579138           706
           -1603.266  226322           478
           -1603.266  12477            155
           -1603.266  471398           74
           -1603.266  260953           589
           -1603.266  752476           614
           -1603.266  792389           746
           -1603.266  408713           450
           -1603.266  662718           460
           -1603.266  910224           580
           -1603.266  535063           329
           -1603.266  320494           465
           -1603.266  987090           70
           -1603.266  476393           705
           -1603.266  42523            730
           -1603.266  556929           734
           -1603.266  584397           428
           -1603.266  425929           508
           -1603.266  456213           160
           -1603.266  466971           109
           -1603.266  387701           275
           -1603.266  536551           696
           -1603.266  746978           410
           -1603.266  464179           106
           -1603.266  635245           121
           -1603.266  545140           278
           -1603.266  580181           691
           -1603.266  181293           212
           -1603.266  667250           318
           -1603.266  455617           242
           -1603.266  121425           511
           -1603.266  625191           350
           -1603.266  915642           40
           -1603.266  576596           99
           -1603.266  793035           187
           -1603.266  391179           78
           -1603.266  211281           292
           -1603.266  551639           55
           -1603.266  284384           600
           -1603.266  599729           658
           -1603.266  647617           725
           -1603.266  923437           398
           -1603.266  568405           233
           -1603.266  4091             548
           -1603.266  192191           629
           -1603.266  621542           375
           -1603.266  127215           9
           -1603.266  903369           134
           -1603.266  486646           586
           -1603.266  316165           299
           -1603.266  442072           625
           -1603.266  273992           349
           -1603.266  766903           505
           -1603.266  22089            143
           -1603.266  566739           575
           -1603.266  484406           421
           -1603.266  173191           422
           -1603.266  349360           464
           -1603.266  608460           244
           -1603.266  933578           506
           -1603.266  668003           647
           -1603.266  55115            408
           -1603.266  473942           574
           -1603.266  113138           585
           -1603.266  778953           635
           -1603.266  193847           354
           -1603.266  411615           171
           -1603.266  76337            76
           -1603.266  349263           263
           -1603.266  438144           271
           -1603.266  140849           515
           -1603.266  489927           520
           -1603.266  574942           558
           -1603.266  unperturbed      0
           -1603.266  150531           154
           -1603.266  481835           57
           -1603.266  163110           584
           -1603.266  418686           338
           -1603.266  570782           193
           -1603.266  791285           416
           -1603.266  802256           477
           -1603.266  851945           18
           -1603.266  738393           619
           -1603.266  830392           35
           -1603.266  220454           288
           -1603.266  383979           603
           -1603.266  7195             697
           -1603.266  375590           438
           -1603.266  871851           257
           -1603.266  377504           294
           -1603.266  775884           639
           -1603.266  810705           626
           -1603.266  655497           376



THE BEST LOGLIKELIHOOD VALUE HAS BEEN REPLICATED.  RERUN WITH AT LEAST TWICE THE
RANDOM STARTS TO CHECK THAT THE BEST LOGLIKELIHOOD IS STILL OBTAINED AND REPLICATED.


THE MODEL ESTIMATION TERMINATED NORMALLY



MODEL FIT INFORMATION

Number of Free Parameters                       14

Loglikelihood

          H0 Value                       -1603.266
          H0 Scaling Correction Factor      1.3785
            for MLR

Information Criteria

          Akaike (AIC)                    3234.531
          Bayesian (BIC)                  3298.524
          Sample-Size Adjusted BIC        3254.070
            (n* = (n + 2) / 24)



FINAL CLASS COUNTS AND PROPORTIONS FOR THE LATENT CLASSES
BASED ON THE ESTIMATED MODEL

    Latent
   Classes

       1        180.96598          0.25345
       2        377.63170          0.52890
       3        155.40231          0.21765


FINAL CLASS COUNTS AND PROPORTIONS FOR THE LATENT CLASSES
BASED ON ESTIMATED POSTERIOR PROBABILITIES

    Latent
   Classes

       1        180.96597          0.25345
       2        377.63170          0.52890
       3        155.40232          0.21765


FINAL CLASS COUNTS AND PROPORTIONS FOR THE LATENT CLASSES
BASED ON THEIR MOST LIKELY LATENT CLASS MEMBERSHIP

Class Counts and Proportions

    Latent
   Classes

       1              180          0.25210
       2              379          0.53081
       3              155          0.21709


CLASSIFICATION QUALITY

     Entropy                         0.858


Average Latent Class Probabilities for Most Likely Latent Class Membership (Row)
by Latent Class (Column)

           1        2        3

    1   0.938    0.062    0.000
    2   0.032    0.937    0.031
    3   0.000    0.073    0.927


Classification Probabilities for the Most Likely Latent Class Membership (Column)
by Latent Class (Row)

           1        2        3

    1   0.933    0.067    0.000
    2   0.030    0.940    0.030
    3   0.000    0.076    0.924


Logits for the Classification Probabilities for the Most Likely Latent Class Membership (Column)
by Latent Class (Row)

              1        2        3

    1     13.746   11.116    0.000
    2     -0.016    3.441    0.000
    3    -13.737   -2.501    0.000


MODEL RESULTS

                                                    Two-Tailed
                    Estimate       S.E.  Est./S.E.    P-Value

Latent Class 1

 Means
    IDEA              -0.858      0.056    -15.294      0.000
    MECH              -0.821      0.073    -11.324      0.000
    SR                -0.856      0.056    -15.397      0.000

 Variances
    IDEA               0.099      0.007     13.942      0.000
    MECH               0.209      0.014     15.480      0.000
    SR                 0.155      0.009     16.809      0.000

Latent Class 2

 Means
    IDEA               0.006      0.046      0.129      0.898
    MECH               0.005      0.040      0.115      0.908
    SR                 0.003      0.052      0.059      0.953

 Variances
    IDEA               0.099      0.007     13.942      0.000
    MECH               0.209      0.014     15.480      0.000
    SR                 0.155      0.009     16.809      0.000

Latent Class 3

 Means
    IDEA               0.859      0.055     15.718      0.000
    MECH               0.751      0.060     12.486      0.000
    SR                 0.926      0.063     14.749      0.000

 Variances
    IDEA               0.099      0.007     13.942      0.000
    MECH               0.209      0.014     15.480      0.000
    SR                 0.155      0.009     16.809      0.000

Categorical Latent Variables

 Means
    C#1                0.152      0.218      0.697      0.486
    C#2                0.888      0.154      5.766      0.000


QUALITY OF NUMERICAL RESULTS

     Condition Number for the Information Matrix              0.378E-04
       (ratio of smallest to largest eigenvalue)


MODEL COMMAND WITH FINAL ESTIMATES USED AS STARTING VALUES

     %OVERALL%

     [ c#1*0.15229 ];
     [ c#2*0.88790 ];

     %C#1%

     [ idea*-0.85842 ];
     [ mech*-0.82144 ];
     [ sr*-0.85641 ];

     idea*0.09887 (4);
     mech*0.20914 (5);
     sr*0.15480 (6);

     %C#2%

     [ idea*0.00591 ];
     [ mech*0.00464 ];
     [ sr*0.00303 ];

     idea*0.09887 (4);
     mech*0.20914 (5);
     sr*0.15480 (6);

     %C#3%

     [ idea*0.85904 ];
     [ mech*0.75068 ];
     [ sr*0.92586 ];

     idea*0.09887 (4);
     mech*0.20914 (5);
     sr*0.15480 (6);



TECHNICAL 11 OUTPUT

     Random Starts Specifications for the k-1 Class Analysis Model
        Number of initial stage random starts                 750
        Number of final stage optimizations                   200



     VUONG-LO-MENDELL-RUBIN LIKELIHOOD RATIO TEST FOR 2 (H0) VERSUS 3 CLASSES

          H0 Loglikelihood Value                        -1859.488
          2 Times the Loglikelihood Difference            512.444
          Difference in the Number of Parameters                4
          Mean                                             12.233
          Standard Deviation                               70.828
          P-Value                                          0.0001

     LO-MENDELL-RUBIN ADJUSTED LRT TEST

          Value                                           493.662
          P-Value                                          0.0002


TECHNICAL 14 OUTPUT

     Random Starts Specifications for the k-1 Class Analysis Model
        Number of initial stage random starts                 750
        Number of final stage optimizations                   200

     Random Starts Specification for the k-1 Class Model for Generated Data
        Number of initial stage random starts                   0
        Number of final stage optimizations for the
           initial stage random starts                          0
     Random Starts Specification for the k Class Model for Generated Data
        Number of initial stage random starts                  40
        Number of final stage optimizations                     8
     Number of bootstrap draws requested                   Varies


     PARAMETRIC BOOTSTRAPPED LIKELIHOOD RATIO TEST FOR 2 (H0) VERSUS 3 CLASSES

          H0 Loglikelihood Value                        -1859.488
          2 Times the Loglikelihood Difference            512.444
          Difference in the Number of Parameters                4
          Approximate P-Value                              0.0000
          Successful Bootstrap Draws                            5


     Beginning Time:  16:02:04
        Ending Time:  16:02:26
       Elapsed Time:  00:00:22



MUTHEN & MUTHEN
3463 Stoner Ave.
Los Angeles, CA  90066

Tel: (310) 391-9971
Fax: (310) 391-8971
Web: www.StatModel.com
Support: Support@StatModel.com

Copyright (c) 1998-2018 Muthen & Muthen
