Mplus VERSION 8.1 (Mac)
MUTHEN & MUTHEN
04/07/2019   8:01 AM

INPUT INSTRUCTIONS

  Title: WMQ hCFA

  DATA: FILE = "raw.8.9.10.dat";
  VARIABLE:
  NAMES = id female ethnic ell disability t_id gifted grade_level se1 se2 se3 se4 se5
       se6 se7 se8 se9 wses1 wses5 wses8 wses2 wses6 wses3 wses10 wses7 wses4 wses9
       was1 was3 was5 was11 was6 was7 was8 was4 was9 was2 was10 was12;
  MISSING=.;
    UseVariables = se1-se9;
    !Auxiliary = id-y2_q3_grade;
    Categorical = se1-se9;
  Analysis:
  type = general;
  Estimator = WLSMV;
  Model:
  idea by se2 se6 se7;
  mech by se1 se3 se5;
  sr by se4 se8 se9;

  !Factor Variances (all freely estimated)
  !idea* mech* sr*

  !Factor Means all to 0
  ![idea@0 mech@0 sr@0];

  !Higher order Factor (estimate loadings, fix mean = 0 & var = 1)
  h by idea mech sr;


  !idea@1;
  !!mech@1;
  !sr@1;!
  !idea@.1;
  !h@1;


  Output:
  Standardized;
  !Savedata:
  !File = fscores.csv;
  !save = fscores;

  !Output:
  !FSDETERMINACY;
  !FSCOEFFICIENT;



INPUT READING TERMINATED NORMALLY



WMQ hCFA

SUMMARY OF ANALYSIS

Number of groups                                                 1
Number of observations                                        1430

Number of dependent variables                                    9
Number of independent variables                                  0
Number of continuous latent variables                            4

Observed dependent variables

  Binary and ordered categorical (ordinal)
   SE1         SE2         SE3         SE4         SE5         SE6
   SE7         SE8         SE9

Continuous latent variables
   IDEA        MECH        SR          H


Estimator                                                    WLSMV
Maximum number of iterations                                  1000
Convergence criterion                                    0.500D-04
Maximum number of steepest descent iterations                   20
Maximum number of iterations for H1                           2000
Convergence criterion for H1                             0.100D-03
Parameterization                                             DELTA
Link                                                        PROBIT

Input data file(s)
  raw.8.9.10.dat

Input data format  FREE


SUMMARY OF DATA

     Number of missing data patterns             1


COVARIANCE COVERAGE OF DATA

Minimum covariance coverage value   0.100


     PROPORTION OF DATA PRESENT


           Covariance Coverage
              SE1           SE2           SE3           SE4           SE5
              ________      ________      ________      ________      ________
 SE1            1.000
 SE2            1.000         1.000
 SE3            1.000         1.000         1.000
 SE4            1.000         1.000         1.000         1.000
 SE5            1.000         1.000         1.000         1.000         1.000
 SE6            1.000         1.000         1.000         1.000         1.000
 SE7            1.000         1.000         1.000         1.000         1.000
 SE8            1.000         1.000         1.000         1.000         1.000
 SE9            1.000         1.000         1.000         1.000         1.000


           Covariance Coverage
              SE6           SE7           SE8           SE9
              ________      ________      ________      ________
 SE6            1.000
 SE7            1.000         1.000
 SE8            1.000         1.000         1.000
 SE9            1.000         1.000         1.000         1.000


UNIVARIATE PROPORTIONS AND COUNTS FOR CATEGORICAL VARIABLES

    SE1
      Category 1    0.003            4.000
      Category 2    0.025           36.000
      Category 3    0.165          236.000
      Category 4    0.807         1154.000
    SE2
      Category 1    0.017           25.000
      Category 2    0.131          188.000
      Category 3    0.469          670.000
      Category 4    0.383          547.000
    SE3
      Category 1    0.013           18.000
      Category 2    0.103          148.000
      Category 3    0.397          567.000
      Category 4    0.487          697.000
    SE4
      Category 1    0.080          114.000
      Category 2    0.303          434.000
      Category 3    0.412          589.000
      Category 4    0.205          293.000
    SE5
      Category 1    0.029           42.000
      Category 2    0.132          189.000
      Category 3    0.408          584.000
      Category 4    0.430          615.000
    SE6
      Category 1    0.050           72.000
      Category 2    0.213          304.000
      Category 3    0.430          615.000
      Category 4    0.307          439.000
    SE7
      Category 1    0.031           44.000
      Category 2    0.169          242.000
      Category 3    0.420          601.000
      Category 4    0.380          543.000
    SE8
      Category 1    0.157          224.000
      Category 2    0.336          480.000
      Category 3    0.373          534.000
      Category 4    0.134          192.000
    SE9
      Category 1    0.121          173.000
      Category 2    0.359          514.000
      Category 3    0.378          540.000
      Category 4    0.142          203.000



THE MODEL ESTIMATION TERMINATED NORMALLY



MODEL FIT INFORMATION

Number of Free Parameters                       39

Chi-Square Test of Model Fit

          Value                            218.859*
          Degrees of Freedom                    24
          P-Value                           0.0000

*   The chi-square value for MLM, MLMV, MLR, ULSMV, WLSM and WLSMV cannot be used
    for chi-square difference testing in the regular way.  MLM, MLR and WLSM
    chi-square difference testing is described on the Mplus website.  MLMV, WLSMV,
    and ULSMV difference testing is done using the DIFFTEST option.

RMSEA (Root Mean Square Error Of Approximation)

          Estimate                           0.075
          90 Percent C.I.                    0.066  0.085
          Probability RMSEA <= .05           0.000

CFI/TLI

          CFI                                0.978
          TLI                                0.968

Chi-Square Test of Model Fit for the Baseline Model

          Value                           9036.134
          Degrees of Freedom                    36
          P-Value                           0.0000

SRMR (Standardized Root Mean Square Residual)

          Value                              0.037

Optimum Function Value for Weighted Least-Squares Estimator

          Value                     0.44054091D-01



MODEL RESULTS

                                                    Two-Tailed
                    Estimate       S.E.  Est./S.E.    P-Value

 IDEA     BY
    SE2                1.000      0.000    999.000    999.000
    SE6                1.071      0.032     33.731      0.000
    SE7                1.156      0.032     35.875      0.000

 MECH     BY
    SE1                1.000      0.000    999.000    999.000
    SE3                0.805      0.044     18.191      0.000
    SE5                0.604      0.042     14.458      0.000

 SR       BY
    SE4                1.000      0.000    999.000    999.000
    SE8                0.920      0.026     35.369      0.000
    SE9                0.991      0.026     38.546      0.000

 H        BY
    IDEA               1.000      0.000    999.000    999.000
    MECH               0.760      0.046     16.654      0.000
    SR                 0.887      0.051     17.519      0.000

 Thresholds
    SE1$1             -2.771      0.163    -17.040      0.000
    SE1$2             -1.911      0.068    -28.142      0.000
    SE1$3             -0.867      0.038    -22.758      0.000
    SE2$1             -2.109      0.080    -26.273      0.000
    SE2$2             -1.041      0.041    -25.657      0.000
    SE2$3              0.299      0.034      8.872      0.000
    SE3$1             -2.239      0.091    -24.720      0.000
    SE3$2             -1.195      0.043    -27.561      0.000
    SE3$3              0.032      0.033      0.952      0.341
    SE4$1             -1.407      0.048    -29.125      0.000
    SE4$2             -0.297      0.034     -8.820      0.000
    SE4$3              0.824      0.038     21.935      0.000
    SE5$1             -1.890      0.067    -28.302      0.000
    SE5$2             -0.988      0.040    -24.859      0.000
    SE5$3              0.176      0.033      5.286      0.000
    SE6$1             -1.641      0.056    -29.440      0.000
    SE6$2             -0.634      0.036    -17.776      0.000
    SE6$3              0.504      0.035     14.527      0.000
    SE7$1             -1.870      0.066    -28.447      0.000
    SE7$2             -0.842      0.038    -22.275      0.000
    SE7$3              0.306      0.034      9.083      0.000
    SE8$1             -1.008      0.040    -25.173      0.000
    SE8$2             -0.019      0.033     -0.582      0.561
    SE8$3              1.106      0.042     26.546      0.000
    SE9$1             -1.170      0.043    -27.299      0.000
    SE9$2             -0.049      0.033     -1.481      0.139
    SE9$3              1.072      0.041     26.087      0.000

 Variances
    H                  0.546      0.036     15.007      0.000

 Residual Variances
    IDEA               0.005      0.029      0.168      0.866
    MECH               0.444      0.043     10.347      0.000
    SR                 0.228      0.027      8.520      0.000


STANDARDIZED MODEL RESULTS


STDYX Standardization

                                                    Two-Tailed
                    Estimate       S.E.  Est./S.E.    P-Value

 IDEA     BY
    SE2                0.742      0.018     40.688      0.000
    SE6                0.795      0.015     54.105      0.000
    SE7                0.858      0.013     64.701      0.000

 MECH     BY
    SE1                0.871      0.029     30.256      0.000
    SE3                0.702      0.026     26.791      0.000
    SE5                0.526      0.030     17.480      0.000

 SR       BY
    SE4                0.811      0.015     55.672      0.000
    SE8                0.746      0.016     45.765      0.000
    SE9                0.804      0.015     53.674      0.000

 H        BY
    IDEA               0.996      0.026     37.713      0.000
    MECH               0.644      0.027     23.760      0.000
    SR                 0.808      0.024     33.235      0.000

 Thresholds
    SE1$1             -2.771      0.163    -17.040      0.000
    SE1$2             -1.911      0.068    -28.142      0.000
    SE1$3             -0.867      0.038    -22.758      0.000
    SE2$1             -2.109      0.080    -26.273      0.000
    SE2$2             -1.041      0.041    -25.657      0.000
    SE2$3              0.299      0.034      8.872      0.000
    SE3$1             -2.239      0.091    -24.720      0.000
    SE3$2             -1.195      0.043    -27.561      0.000
    SE3$3              0.032      0.033      0.952      0.341
    SE4$1             -1.407      0.048    -29.125      0.000
    SE4$2             -0.297      0.034     -8.820      0.000
    SE4$3              0.824      0.038     21.935      0.000
    SE5$1             -1.890      0.067    -28.302      0.000
    SE5$2             -0.988      0.040    -24.859      0.000
    SE5$3              0.176      0.033      5.286      0.000
    SE6$1             -1.641      0.056    -29.440      0.000
    SE6$2             -0.634      0.036    -17.776      0.000
    SE6$3              0.504      0.035     14.527      0.000
    SE7$1             -1.870      0.066    -28.447      0.000
    SE7$2             -0.842      0.038    -22.275      0.000
    SE7$3              0.306      0.034      9.083      0.000
    SE8$1             -1.008      0.040    -25.173      0.000
    SE8$2             -0.019      0.033     -0.582      0.561
    SE8$3              1.106      0.042     26.546      0.000
    SE9$1             -1.170      0.043    -27.299      0.000
    SE9$2             -0.049      0.033     -1.481      0.139
    SE9$3              1.072      0.041     26.087      0.000

 Variances
    H                  1.000      0.000    999.000    999.000

 Residual Variances
    IDEA               0.009      0.053      0.168      0.866
    MECH               0.585      0.035     16.747      0.000
    SR                 0.347      0.039      8.830      0.000


STDY Standardization

                                                    Two-Tailed
                    Estimate       S.E.  Est./S.E.    P-Value

 IDEA     BY
    SE2                0.742      0.018     40.688      0.000
    SE6                0.795      0.015     54.105      0.000
    SE7                0.858      0.013     64.701      0.000

 MECH     BY
    SE1                0.871      0.029     30.256      0.000
    SE3                0.702      0.026     26.791      0.000
    SE5                0.526      0.030     17.480      0.000

 SR       BY
    SE4                0.811      0.015     55.672      0.000
    SE8                0.746      0.016     45.765      0.000
    SE9                0.804      0.015     53.674      0.000

 H        BY
    IDEA               0.996      0.026     37.713      0.000
    MECH               0.644      0.027     23.760      0.000
    SR                 0.808      0.024     33.235      0.000

 Thresholds
    SE1$1             -2.771      0.163    -17.040      0.000
    SE1$2             -1.911      0.068    -28.142      0.000
    SE1$3             -0.867      0.038    -22.758      0.000
    SE2$1             -2.109      0.080    -26.273      0.000
    SE2$2             -1.041      0.041    -25.657      0.000
    SE2$3              0.299      0.034      8.872      0.000
    SE3$1             -2.239      0.091    -24.720      0.000
    SE3$2             -1.195      0.043    -27.561      0.000
    SE3$3              0.032      0.033      0.952      0.341
    SE4$1             -1.407      0.048    -29.125      0.000
    SE4$2             -0.297      0.034     -8.820      0.000
    SE4$3              0.824      0.038     21.935      0.000
    SE5$1             -1.890      0.067    -28.302      0.000
    SE5$2             -0.988      0.040    -24.859      0.000
    SE5$3              0.176      0.033      5.286      0.000
    SE6$1             -1.641      0.056    -29.440      0.000
    SE6$2             -0.634      0.036    -17.776      0.000
    SE6$3              0.504      0.035     14.527      0.000
    SE7$1             -1.870      0.066    -28.447      0.000
    SE7$2             -0.842      0.038    -22.275      0.000
    SE7$3              0.306      0.034      9.083      0.000
    SE8$1             -1.008      0.040    -25.173      0.000
    SE8$2             -0.019      0.033     -0.582      0.561
    SE8$3              1.106      0.042     26.546      0.000
    SE9$1             -1.170      0.043    -27.299      0.000
    SE9$2             -0.049      0.033     -1.481      0.139
    SE9$3              1.072      0.041     26.087      0.000

 Variances
    H                  1.000      0.000    999.000    999.000

 Residual Variances
    IDEA               0.009      0.053      0.168      0.866
    MECH               0.585      0.035     16.747      0.000
    SR                 0.347      0.039      8.830      0.000


STD Standardization

                                                    Two-Tailed
                    Estimate       S.E.  Est./S.E.    P-Value

 IDEA     BY
    SE2                0.742      0.018     40.688      0.000
    SE6                0.795      0.015     54.105      0.000
    SE7                0.858      0.013     64.701      0.000

 MECH     BY
    SE1                0.871      0.029     30.256      0.000
    SE3                0.702      0.026     26.791      0.000
    SE5                0.526      0.030     17.480      0.000

 SR       BY
    SE4                0.811      0.015     55.672      0.000
    SE8                0.746      0.016     45.765      0.000
    SE9                0.804      0.015     53.674      0.000

 H        BY
    IDEA               0.996      0.026     37.713      0.000
    MECH               0.644      0.027     23.760      0.000
    SR                 0.808      0.024     33.235      0.000

 Thresholds
    SE1$1             -2.771      0.163    -17.040      0.000
    SE1$2             -1.911      0.068    -28.142      0.000
    SE1$3             -0.867      0.038    -22.758      0.000
    SE2$1             -2.109      0.080    -26.273      0.000
    SE2$2             -1.041      0.041    -25.657      0.000
    SE2$3              0.299      0.034      8.872      0.000
    SE3$1             -2.239      0.091    -24.720      0.000
    SE3$2             -1.195      0.043    -27.561      0.000
    SE3$3              0.032      0.033      0.952      0.341
    SE4$1             -1.407      0.048    -29.125      0.000
    SE4$2             -0.297      0.034     -8.820      0.000
    SE4$3              0.824      0.038     21.935      0.000
    SE5$1             -1.890      0.067    -28.302      0.000
    SE5$2             -0.988      0.040    -24.859      0.000
    SE5$3              0.176      0.033      5.286      0.000
    SE6$1             -1.641      0.056    -29.440      0.000
    SE6$2             -0.634      0.036    -17.776      0.000
    SE6$3              0.504      0.035     14.527      0.000
    SE7$1             -1.870      0.066    -28.447      0.000
    SE7$2             -0.842      0.038    -22.275      0.000
    SE7$3              0.306      0.034      9.083      0.000
    SE8$1             -1.008      0.040    -25.173      0.000
    SE8$2             -0.019      0.033     -0.582      0.561
    SE8$3              1.106      0.042     26.546      0.000
    SE9$1             -1.170      0.043    -27.299      0.000
    SE9$2             -0.049      0.033     -1.481      0.139
    SE9$3              1.072      0.041     26.087      0.000

 Variances
    H                  1.000      0.000    999.000    999.000

 Residual Variances
    IDEA               0.009      0.053      0.168      0.866
    MECH               0.585      0.035     16.747      0.000
    SR                 0.347      0.039      8.830      0.000


R-SQUARE

    Observed                                        Two-Tailed   Residual
    Variable        Estimate       S.E.  Est./S.E.    P-Value    Variance

    SE1                0.759      0.050     15.128      0.000      0.241
    SE2                0.551      0.027     20.344      0.000      0.449
    SE3                0.492      0.037     13.395      0.000      0.508
    SE4                0.658      0.024     27.836      0.000      0.342
    SE5                0.277      0.032      8.740      0.000      0.723
    SE6                0.632      0.023     27.053      0.000      0.368
    SE7                0.737      0.023     32.350      0.000      0.263
    SE8                0.557      0.024     22.882      0.000      0.443
    SE9                0.646      0.024     26.837      0.000      0.354

     Latent                                         Two-Tailed
    Variable        Estimate       S.E.  Est./S.E.    P-Value

    IDEA               0.991      0.053     18.857      0.000
    MECH               0.415      0.035     11.880      0.000
    SR                 0.653      0.039     16.618      0.000


QUALITY OF NUMERICAL RESULTS

     Condition Number for the Information Matrix              0.120E-02
       (ratio of smallest to largest eigenvalue)


     Beginning Time:  08:01:58
        Ending Time:  08:01:58
       Elapsed Time:  00:00:00



MUTHEN & MUTHEN
3463 Stoner Ave.
Los Angeles, CA  90066

Tel: (310) 391-9971
Fax: (310) 391-8971
Web: www.StatModel.com
Support: Support@StatModel.com

Copyright (c) 1998-2018 Muthen & Muthen
