Mplus VERSION 8.1 (Mac)
MUTHEN & MUTHEN
04/08/2019  10:08 PM

INPUT INSTRUCTIONS

  Title: WMQ bCFA
  DATA: FILE = "raw.8.9.10.dat";
  VARIABLE:
  NAMES = id female ethnic ell disability t_id gifted grade_level se1 se2 se3 se4 se5
       se6 se7 se8 se9 wses1 wses5 wses8 wses2 wses6 wses3 wses10 wses7 wses4 wses9
       was1 was3 was5 was11 was6 was7 was8 was4 was9 was2 was10 was12 test_score mark;
  MISSING=.;
    UseVariables = se1-se9;
    !Auxiliary = id-y2_q3_grade;
    Categorical = se1-se9;
  Analysis:
  Estimator = WLSMV;
  Model:
  g by se1* se2 se3 se4 se5 se6 se7 se8 se9;
  idea by se2* se6 se7;
  mech by se1* se3 se5;
  sr by se4* se8 se9;

  g@1;

  idea@1;
  mech@1;
  sr@1;

  g with idea@0;
  g with mech@0;
  g with sr@0;
  idea with mech@0;
  idea with sr@0;
  mech with sr@0;




  Output:
  Standardized;
  Tech4;
  !Savedata:
  !File = fscores.csv;
  !save = fscores;

  !Output:
  !FSDETERMINACY;
  !FSCOEFFICIENT;



INPUT READING TERMINATED NORMALLY



WMQ bCFA

SUMMARY OF ANALYSIS

Number of groups                                                 1
Number of observations                                        1466

Number of dependent variables                                    9
Number of independent variables                                  0
Number of continuous latent variables                            4

Observed dependent variables

  Binary and ordered categorical (ordinal)
   SE1         SE2         SE3         SE4         SE5         SE6
   SE7         SE8         SE9

Continuous latent variables
   G           IDEA        MECH        SR


Estimator                                                    WLSMV
Maximum number of iterations                                  1000
Convergence criterion                                    0.500D-04
Maximum number of steepest descent iterations                   20
Maximum number of iterations for H1                           2000
Convergence criterion for H1                             0.100D-03
Parameterization                                             DELTA
Link                                                        PROBIT

Input data file(s)
  raw.8.9.10.dat

Input data format  FREE


SUMMARY OF DATA

     Number of missing data patterns             1


COVARIANCE COVERAGE OF DATA

Minimum covariance coverage value   0.100


     PROPORTION OF DATA PRESENT


           Covariance Coverage
              SE1           SE2           SE3           SE4           SE5
              ________      ________      ________      ________      ________
 SE1            1.000
 SE2            1.000         1.000
 SE3            1.000         1.000         1.000
 SE4            1.000         1.000         1.000         1.000
 SE5            1.000         1.000         1.000         1.000         1.000
 SE6            1.000         1.000         1.000         1.000         1.000
 SE7            1.000         1.000         1.000         1.000         1.000
 SE8            1.000         1.000         1.000         1.000         1.000
 SE9            1.000         1.000         1.000         1.000         1.000


           Covariance Coverage
              SE6           SE7           SE8           SE9
              ________      ________      ________      ________
 SE6            1.000
 SE7            1.000         1.000
 SE8            1.000         1.000         1.000
 SE9            1.000         1.000         1.000         1.000


UNIVARIATE PROPORTIONS AND COUNTS FOR CATEGORICAL VARIABLES

    SE1
      Category 1    0.003            4.000
      Category 2    0.028           41.000
      Category 3    0.167          245.000
      Category 4    0.802         1176.000
    SE2
      Category 1    0.018           27.000
      Category 2    0.136          199.000
      Category 3    0.471          691.000
      Category 4    0.374          549.000
    SE3
      Category 1    0.014           21.000
      Category 2    0.108          158.000
      Category 3    0.396          580.000
      Category 4    0.482          707.000
    SE4
      Category 1    0.079          116.000
      Category 2    0.304          446.000
      Category 3    0.411          603.000
      Category 4    0.205          301.000
    SE5
      Category 1    0.030           44.000
      Category 2    0.130          190.000
      Category 3    0.415          609.000
      Category 4    0.425          623.000
    SE6
      Category 1    0.054           79.000
      Category 2    0.214          313.000
      Category 3    0.430          630.000
      Category 4    0.303          444.000
    SE7
      Category 1    0.031           46.000
      Category 2    0.172          252.000
      Category 3    0.422          619.000
      Category 4    0.374          549.000
    SE8
      Category 1    0.160          235.000
      Category 2    0.330          484.000
      Category 3    0.372          545.000
      Category 4    0.138          202.000
    SE9
      Category 1    0.127          186.000
      Category 2    0.357          523.000
      Category 3    0.374          548.000
      Category 4    0.143          209.000



THE MODEL ESTIMATION TERMINATED NORMALLY



MODEL FIT INFORMATION

Number of Free Parameters                       45

Chi-Square Test of Model Fit

          Value                            163.020*
          Degrees of Freedom                    18
          P-Value                           0.0000

*   The chi-square value for MLM, MLMV, MLR, ULSMV, WLSM and WLSMV cannot be used
    for chi-square difference testing in the regular way.  MLM, MLR and WLSM
    chi-square difference testing is described on the Mplus website.  MLMV, WLSMV,
    and ULSMV difference testing is done using the DIFFTEST option.

RMSEA (Root Mean Square Error Of Approximation)

          Estimate                           0.074
          90 Percent C.I.                    0.064  0.085
          Probability RMSEA <= .05           0.000

CFI/TLI

          CFI                                0.984
          TLI                                0.968

Chi-Square Test of Model Fit for the Baseline Model

          Value                           9132.692
          Degrees of Freedom                    36
          P-Value                           0.0000

SRMR (Standardized Root Mean Square Residual)

          Value                              0.031

Optimum Function Value for Weighted Least-Squares Estimator

          Value                     0.28366929D-01



MODEL RESULTS

                                                    Two-Tailed
                    Estimate       S.E.  Est./S.E.    P-Value

 G        BY
    SE1                0.560      0.028     19.853      0.000
    SE2                0.775      0.026     29.951      0.000
    SE3                0.436      0.026     16.690      0.000
    SE4                0.660      0.025     26.885      0.000
    SE5                0.330      0.028     11.669      0.000
    SE6                0.777      0.027     28.345      0.000
    SE7                0.849      0.026     33.270      0.000
    SE8                0.540      0.026     20.855      0.000
    SE9                0.667      0.024     28.101      0.000

 IDEA     BY
    SE2               -0.193      0.215     -0.897      0.370
    SE6                0.172      0.062      2.780      0.005
    SE7                0.296      0.182      1.630      0.103

 MECH     BY
    SE1                0.496      0.048     10.266      0.000
    SE3                0.694      0.057     12.197      0.000
    SE5                0.407      0.042      9.785      0.000

 SR       BY
    SE4                0.437      0.040     11.044      0.000
    SE8                0.646      0.037     17.251      0.000
    SE9                0.365      0.038      9.625      0.000

 G        WITH
    IDEA               0.000      0.000    999.000    999.000
    MECH               0.000      0.000    999.000    999.000
    SR                 0.000      0.000    999.000    999.000

 IDEA     WITH
    MECH               0.000      0.000    999.000    999.000
    SR                 0.000      0.000    999.000    999.000

 MECH     WITH
    SR                 0.000      0.000    999.000    999.000

 Thresholds
    SE1$1             -2.779      0.162    -17.131      0.000
    SE1$2             -1.871      0.065    -28.795      0.000
    SE1$3             -0.849      0.037    -22.707      0.000
    SE2$1             -2.088      0.078    -26.836      0.000
    SE2$2             -1.019      0.040    -25.648      0.000
    SE2$3              0.320      0.033      9.595      0.000
    SE3$1             -2.188      0.085    -25.665      0.000
    SE3$2             -1.165      0.042    -27.578      0.000
    SE3$3              0.044      0.033      1.358      0.174
    SE4$1             -1.411      0.048    -29.507      0.000
    SE4$2             -0.297      0.033     -8.919      0.000
    SE4$3              0.823      0.037     22.179      0.000
    SE5$1             -1.881      0.065    -28.725      0.000
    SE5$2             -0.996      0.039    -25.296      0.000
    SE5$3              0.189      0.033      5.743      0.000
    SE6$1             -1.608      0.054    -29.851      0.000
    SE6$2             -0.621      0.035    -17.668      0.000
    SE6$3              0.516      0.034     15.019      0.000
    SE7$1             -1.861      0.064    -28.862      0.000
    SE7$2             -0.830      0.037    -22.324      0.000
    SE7$3              0.320      0.033      9.595      0.000
    SE8$1             -0.993      0.039    -25.251      0.000
    SE8$2             -0.024      0.033     -0.731      0.465
    SE8$3              1.090      0.041     26.667      0.000
    SE9$1             -1.141      0.042    -27.309      0.000
    SE9$2             -0.041      0.033     -1.254      0.210
    SE9$3              1.069      0.041     26.376      0.000

 Variances
    G                  1.000      0.000    999.000    999.000
    IDEA               1.000      0.000    999.000    999.000
    MECH               1.000      0.000    999.000    999.000
    SR                 1.000      0.000    999.000    999.000


STANDARDIZED MODEL RESULTS


STDYX Standardization

                                                    Two-Tailed
                    Estimate       S.E.  Est./S.E.    P-Value

 G        BY
    SE1                0.560      0.028     19.853      0.000
    SE2                0.775      0.026     29.951      0.000
    SE3                0.436      0.026     16.690      0.000
    SE4                0.660      0.025     26.885      0.000
    SE5                0.330      0.028     11.669      0.000
    SE6                0.777      0.027     28.345      0.000
    SE7                0.849      0.026     33.270      0.000
    SE8                0.540      0.026     20.855      0.000
    SE9                0.667      0.024     28.101      0.000

 IDEA     BY
    SE2               -0.193      0.215     -0.897      0.370
    SE6                0.172      0.062      2.780      0.005
    SE7                0.296      0.182      1.630      0.103

 MECH     BY
    SE1                0.496      0.048     10.266      0.000
    SE3                0.694      0.057     12.197      0.000
    SE5                0.407      0.042      9.785      0.000

 SR       BY
    SE4                0.437      0.040     11.044      0.000
    SE8                0.646      0.037     17.251      0.000
    SE9                0.365      0.038      9.625      0.000

 G        WITH
    IDEA               0.000      0.000    999.000    999.000
    MECH               0.000      0.000    999.000    999.000
    SR                 0.000      0.000    999.000    999.000

 IDEA     WITH
    MECH               0.000      0.000    999.000    999.000
    SR                 0.000      0.000    999.000    999.000

 MECH     WITH
    SR                 0.000      0.000    999.000    999.000

 Thresholds
    SE1$1             -2.779      0.162    -17.131      0.000
    SE1$2             -1.871      0.065    -28.795      0.000
    SE1$3             -0.849      0.037    -22.707      0.000
    SE2$1             -2.088      0.078    -26.836      0.000
    SE2$2             -1.019      0.040    -25.648      0.000
    SE2$3              0.320      0.033      9.595      0.000
    SE3$1             -2.188      0.085    -25.665      0.000
    SE3$2             -1.165      0.042    -27.578      0.000
    SE3$3              0.044      0.033      1.358      0.174
    SE4$1             -1.411      0.048    -29.507      0.000
    SE4$2             -0.297      0.033     -8.919      0.000
    SE4$3              0.823      0.037     22.179      0.000
    SE5$1             -1.881      0.065    -28.725      0.000
    SE5$2             -0.996      0.039    -25.296      0.000
    SE5$3              0.189      0.033      5.743      0.000
    SE6$1             -1.608      0.054    -29.851      0.000
    SE6$2             -0.621      0.035    -17.668      0.000
    SE6$3              0.516      0.034     15.019      0.000
    SE7$1             -1.861      0.064    -28.862      0.000
    SE7$2             -0.830      0.037    -22.324      0.000
    SE7$3              0.320      0.033      9.595      0.000
    SE8$1             -0.993      0.039    -25.251      0.000
    SE8$2             -0.024      0.033     -0.731      0.465
    SE8$3              1.090      0.041     26.667      0.000
    SE9$1             -1.141      0.042    -27.309      0.000
    SE9$2             -0.041      0.033     -1.254      0.210
    SE9$3              1.069      0.041     26.376      0.000

 Variances
    G                  1.000      0.000    999.000    999.000
    IDEA               1.000      0.000    999.000    999.000
    MECH               1.000      0.000    999.000    999.000
    SR                 1.000      0.000    999.000    999.000


STDY Standardization

                                                    Two-Tailed
                    Estimate       S.E.  Est./S.E.    P-Value

 G        BY
    SE1                0.560      0.028     19.853      0.000
    SE2                0.775      0.026     29.951      0.000
    SE3                0.436      0.026     16.690      0.000
    SE4                0.660      0.025     26.885      0.000
    SE5                0.330      0.028     11.669      0.000
    SE6                0.777      0.027     28.345      0.000
    SE7                0.849      0.026     33.270      0.000
    SE8                0.540      0.026     20.855      0.000
    SE9                0.667      0.024     28.101      0.000

 IDEA     BY
    SE2               -0.193      0.215     -0.897      0.370
    SE6                0.172      0.062      2.780      0.005
    SE7                0.296      0.182      1.630      0.103

 MECH     BY
    SE1                0.496      0.048     10.266      0.000
    SE3                0.694      0.057     12.197      0.000
    SE5                0.407      0.042      9.785      0.000

 SR       BY
    SE4                0.437      0.040     11.044      0.000
    SE8                0.646      0.037     17.251      0.000
    SE9                0.365      0.038      9.625      0.000

 G        WITH
    IDEA               0.000      0.000    999.000    999.000
    MECH               0.000      0.000    999.000    999.000
    SR                 0.000      0.000    999.000    999.000

 IDEA     WITH
    MECH               0.000      0.000    999.000    999.000
    SR                 0.000      0.000    999.000    999.000

 MECH     WITH
    SR                 0.000      0.000    999.000    999.000

 Thresholds
    SE1$1             -2.779      0.162    -17.131      0.000
    SE1$2             -1.871      0.065    -28.795      0.000
    SE1$3             -0.849      0.037    -22.707      0.000
    SE2$1             -2.088      0.078    -26.836      0.000
    SE2$2             -1.019      0.040    -25.648      0.000
    SE2$3              0.320      0.033      9.595      0.000
    SE3$1             -2.188      0.085    -25.665      0.000
    SE3$2             -1.165      0.042    -27.578      0.000
    SE3$3              0.044      0.033      1.358      0.174
    SE4$1             -1.411      0.048    -29.507      0.000
    SE4$2             -0.297      0.033     -8.919      0.000
    SE4$3              0.823      0.037     22.179      0.000
    SE5$1             -1.881      0.065    -28.725      0.000
    SE5$2             -0.996      0.039    -25.296      0.000
    SE5$3              0.189      0.033      5.743      0.000
    SE6$1             -1.608      0.054    -29.851      0.000
    SE6$2             -0.621      0.035    -17.668      0.000
    SE6$3              0.516      0.034     15.019      0.000
    SE7$1             -1.861      0.064    -28.862      0.000
    SE7$2             -0.830      0.037    -22.324      0.000
    SE7$3              0.320      0.033      9.595      0.000
    SE8$1             -0.993      0.039    -25.251      0.000
    SE8$2             -0.024      0.033     -0.731      0.465
    SE8$3              1.090      0.041     26.667      0.000
    SE9$1             -1.141      0.042    -27.309      0.000
    SE9$2             -0.041      0.033     -1.254      0.210
    SE9$3              1.069      0.041     26.376      0.000

 Variances
    G                  1.000      0.000    999.000    999.000
    IDEA               1.000      0.000    999.000    999.000
    MECH               1.000      0.000    999.000    999.000
    SR                 1.000      0.000    999.000    999.000


STD Standardization

                                                    Two-Tailed
                    Estimate       S.E.  Est./S.E.    P-Value

 G        BY
    SE1                0.560      0.028     19.853      0.000
    SE2                0.775      0.026     29.951      0.000
    SE3                0.436      0.026     16.690      0.000
    SE4                0.660      0.025     26.885      0.000
    SE5                0.330      0.028     11.669      0.000
    SE6                0.777      0.027     28.345      0.000
    SE7                0.849      0.026     33.270      0.000
    SE8                0.540      0.026     20.855      0.000
    SE9                0.667      0.024     28.101      0.000

 IDEA     BY
    SE2               -0.193      0.215     -0.897      0.370
    SE6                0.172      0.062      2.780      0.005
    SE7                0.296      0.182      1.630      0.103

 MECH     BY
    SE1                0.496      0.048     10.266      0.000
    SE3                0.694      0.057     12.197      0.000
    SE5                0.407      0.042      9.785      0.000

 SR       BY
    SE4                0.437      0.040     11.044      0.000
    SE8                0.646      0.037     17.251      0.000
    SE9                0.365      0.038      9.625      0.000

 G        WITH
    IDEA               0.000      0.000    999.000    999.000
    MECH               0.000      0.000    999.000    999.000
    SR                 0.000      0.000    999.000    999.000

 IDEA     WITH
    MECH               0.000      0.000    999.000    999.000
    SR                 0.000      0.000    999.000    999.000

 MECH     WITH
    SR                 0.000      0.000    999.000    999.000

 Thresholds
    SE1$1             -2.779      0.162    -17.131      0.000
    SE1$2             -1.871      0.065    -28.795      0.000
    SE1$3             -0.849      0.037    -22.707      0.000
    SE2$1             -2.088      0.078    -26.836      0.000
    SE2$2             -1.019      0.040    -25.648      0.000
    SE2$3              0.320      0.033      9.595      0.000
    SE3$1             -2.188      0.085    -25.665      0.000
    SE3$2             -1.165      0.042    -27.578      0.000
    SE3$3              0.044      0.033      1.358      0.174
    SE4$1             -1.411      0.048    -29.507      0.000
    SE4$2             -0.297      0.033     -8.919      0.000
    SE4$3              0.823      0.037     22.179      0.000
    SE5$1             -1.881      0.065    -28.725      0.000
    SE5$2             -0.996      0.039    -25.296      0.000
    SE5$3              0.189      0.033      5.743      0.000
    SE6$1             -1.608      0.054    -29.851      0.000
    SE6$2             -0.621      0.035    -17.668      0.000
    SE6$3              0.516      0.034     15.019      0.000
    SE7$1             -1.861      0.064    -28.862      0.000
    SE7$2             -0.830      0.037    -22.324      0.000
    SE7$3              0.320      0.033      9.595      0.000
    SE8$1             -0.993      0.039    -25.251      0.000
    SE8$2             -0.024      0.033     -0.731      0.465
    SE8$3              1.090      0.041     26.667      0.000
    SE9$1             -1.141      0.042    -27.309      0.000
    SE9$2             -0.041      0.033     -1.254      0.210
    SE9$3              1.069      0.041     26.376      0.000

 Variances
    G                  1.000      0.000    999.000    999.000
    IDEA               1.000      0.000    999.000    999.000
    MECH               1.000      0.000    999.000    999.000
    SR                 1.000      0.000    999.000    999.000


R-SQUARE

    Observed                                        Two-Tailed   Residual
    Variable        Estimate       S.E.  Est./S.E.    P-Value    Variance

    SE1                0.559      0.047     11.916      0.000      0.441
    SE2                0.637      0.114      5.595      0.000      0.363
    SE3                0.672      0.076      8.900      0.000      0.328
    SE4                0.627      0.024     25.892      0.000      0.373
    SE5                0.275      0.035      7.793      0.000      0.725
    SE6                0.634      0.042     15.116      0.000      0.366
    SE7                0.809      0.085      9.476      0.000      0.191
    SE8                0.710      0.046     15.536      0.000      0.290
    SE9                0.578      0.023     25.603      0.000      0.422


QUALITY OF NUMERICAL RESULTS

     Condition Number for the Information Matrix              0.911E-03
       (ratio of smallest to largest eigenvalue)


TECHNICAL 4 OUTPUT


     ESTIMATES DERIVED FROM THE MODEL


           ESTIMATED MEANS FOR THE LATENT VARIABLES
              G             IDEA          MECH          SR
              ________      ________      ________      ________
                0.000         0.000         0.000         0.000


           ESTIMATED COVARIANCE MATRIX FOR THE LATENT VARIABLES
              G             IDEA          MECH          SR
              ________      ________      ________      ________
 G              1.000
 IDEA           0.000         1.000
 MECH           0.000         0.000         1.000
 SR             0.000         0.000         0.000         1.000


           ESTIMATED CORRELATION MATRIX FOR THE LATENT VARIABLES
              G             IDEA          MECH          SR
              ________      ________      ________      ________
 G              1.000
 IDEA           0.000         1.000
 MECH           0.000         0.000         1.000
 SR             0.000         0.000         0.000         1.000


     ESTIMATES DERIVED FROM THE MODEL


           S.E. FOR ESTIMATED MEANS FOR THE LATENT VARIABLES
              G             IDEA          MECH          SR
              ________      ________      ________      ________
                0.000         0.000         0.000         0.000


           EST./S.E. FOR ESTIMATED MEANS FOR THE LATENT VARIABLES
              G             IDEA          MECH          SR
              ________      ________      ________      ________
                0.000         0.000         0.000         0.000


           TWO-TAILED P-VALUE FOR ESTIMATED MEANS FOR THE LATENT VARIABLES
              G             IDEA          MECH          SR
              ________      ________      ________      ________
                1.000         1.000         1.000         1.000


           S.E. FOR ESTIMATED COVARIANCE MATRIX FOR THE LATENT VARIABLES
              G             IDEA          MECH          SR
              ________      ________      ________      ________
 G              0.000
 IDEA           0.000         0.000
 MECH           0.000         0.000         0.000
 SR             0.000         0.000         0.000         0.000


           EST./S.E. FOR ESTIMATED COVARIANCE MATRIX FOR THE LATENT VARIABLES
              G             IDEA          MECH          SR
              ________      ________      ________      ________
 G        ***********
 IDEA           0.000   ***********
 MECH           0.000         0.000   ***********
 SR             0.000         0.000         0.000   ***********


           TWO-TAILED P-VALUE FOR ESTIMATED COVARIANCE MATRIX FOR THE LATENT VARIABLES
              G             IDEA          MECH          SR
              ________      ________      ________      ________
 G              0.000
 IDEA           1.000         0.000
 MECH           1.000         1.000         0.000
 SR             1.000         1.000         1.000         0.000


           S.E. FOR ESTIMATED CORRELATION MATRIX FOR THE LATENT VARIABLES
              G             IDEA          MECH          SR
              ________      ________      ________      ________
 G              0.000
 IDEA           0.000         0.000
 MECH           0.000         0.000         0.000
 SR             0.000         0.000         0.000         0.000


           EST./S.E. FOR ESTIMATED CORRELATION MATRIX FOR THE LATENT VARIABLES
              G             IDEA          MECH          SR
              ________      ________      ________      ________
 G            999.000
 IDEA           0.000       999.000
 MECH           0.000         0.000       999.000
 SR             0.000         0.000         0.000       999.000


           TWO-TAILED P-VALUE FOR ESTIMATED CORRELATION MATRIX FOR THE LATENT VARIABLES
              G             IDEA          MECH          SR
              ________      ________      ________      ________
 G              0.000
 IDEA           1.000         0.000
 MECH           1.000         1.000         0.000
 SR             1.000         1.000         1.000         0.000


     Beginning Time:  22:08:58
        Ending Time:  22:08:58
       Elapsed Time:  00:00:00



MUTHEN & MUTHEN
3463 Stoner Ave.
Los Angeles, CA  90066

Tel: (310) 391-9971
Fax: (310) 391-8971
Web: www.StatModel.com
Support: Support@StatModel.com

Copyright (c) 1998-2018 Muthen & Muthen
